<?xml version="1.0" encoding="UTF-8"?>
<coverage generated="1776128615114" clover="3.2.0">
  <project timestamp="1776128615114" name="All files">
    <metrics statements="317" coveredstatements="317" conditionals="435" coveredconditionals="390" methods="143" coveredmethods="141" elements="895" coveredelements="848" complexity="0" loc="317" ncloc="317" packages="1" files="2" classes="2"/>
    <file name="adminLogic.js" path="D:\Projects\eights\src\adminLogic.js">
      <metrics statements="50" coveredstatements="50" conditionals="80" coveredconditionals="80" methods="10" coveredmethods="10"/>
      <line num="16" count="15" type="stmt"/>
      <line num="18" count="15" type="stmt"/>
      <line num="19" count="17" type="cond" truecount="4" falsecount="0"/>
      <line num="20" count="12" type="cond" truecount="2" falsecount="0"/>
      <line num="21" count="11" type="cond" truecount="2" falsecount="0"/>
      <line num="22" count="10" type="cond" truecount="2" falsecount="0"/>
      <line num="23" count="16" type="cond" truecount="2" falsecount="0"/>
      <line num="24" count="16" type="cond" truecount="2" falsecount="0"/>
      <line num="25" count="8" type="stmt"/>
      <line num="26" count="16" type="cond" truecount="2" falsecount="0"/>
      <line num="27" count="16" type="stmt"/>
      <line num="28" count="6" type="cond" truecount="2" falsecount="0"/>
      <line num="29" count="6" type="cond" truecount="2" falsecount="0"/>
      <line num="30" count="6" type="cond" truecount="2" falsecount="0"/>
      <line num="36" count="15" type="stmt"/>
      <line num="48" count="9" type="stmt"/>
      <line num="50" count="10" type="cond" truecount="2" falsecount="0"/>
      <line num="51" count="10" type="stmt"/>
      <line num="52" count="10" type="cond" truecount="6" falsecount="0"/>
      <line num="53" count="10" type="cond" truecount="6" falsecount="0"/>
      <line num="54" count="10" type="cond" truecount="6" falsecount="0"/>
      <line num="55" count="10" type="cond" truecount="6" falsecount="0"/>
      <line num="56" count="10" type="cond" truecount="6" falsecount="0"/>
      <line num="57" count="10" type="cond" truecount="2" falsecount="0"/>
      <line num="74" count="4" type="cond" truecount="2" falsecount="0"/>
      <line num="75" count="9" type="cond" truecount="2" falsecount="0"/>
      <line num="76" count="9" type="stmt"/>
      <line num="77" count="3" type="stmt"/>
      <line num="91" count="14" type="stmt"/>
      <line num="94" count="14" type="cond" truecount="2" falsecount="0"/>
      <line num="95" count="26" type="cond" truecount="2" falsecount="0"/>
      <line num="99" count="14" type="cond" truecount="2" falsecount="0"/>
      <line num="102" count="14" type="cond" truecount="2" falsecount="0"/>
      <line num="103" count="14" type="stmt"/>
      <line num="104" count="14" type="stmt"/>
      <line num="105" count="24" type="cond" truecount="2" falsecount="0"/>
      <line num="106" count="24" type="stmt"/>
      <line num="107" count="24" type="cond" truecount="2" falsecount="0"/>
      <line num="110" count="14" type="stmt"/>
      <line num="113" count="14" type="cond" truecount="2" falsecount="0"/>
      <line num="114" count="13" type="stmt"/>
      <line num="115" count="13" type="stmt"/>
      <line num="116" count="26" type="cond" truecount="2" falsecount="0"/>
      <line num="118" count="13" type="stmt"/>
      <line num="122" count="14" type="cond" truecount="2" falsecount="0"/>
      <line num="123" count="13" type="stmt"/>
      <line num="124" count="13" type="stmt"/>
      <line num="125" count="14" type="cond" truecount="2" falsecount="0"/>
      <line num="127" count="13" type="stmt"/>
      <line num="130" count="14" type="stmt"/>
    </file>
    <file name="gameLogic.js" path="D:\Projects\eights\src\gameLogic.js">
      <metrics statements="267" coveredstatements="267" conditionals="355" coveredconditionals="310" methods="133" coveredmethods="131"/>
      <line num="6" count="80" type="stmt"/>
      <line num="9" count="7" type="stmt"/>
      <line num="12" count="1" type="stmt"/>
      <line num="13" count="24" type="stmt"/>
      <line num="23" count="13" type="stmt"/>
      <line num="36" count="1" type="stmt"/>
      <line num="42" count="1" type="stmt"/>
      <line num="63" count="22" type="cond" truecount="1" falsecount="1"/>
      <line num="64" count="11" type="stmt"/>
      <line num="68" count="11" type="cond" truecount="2" falsecount="0"/>
      <line num="69" count="11" type="cond" truecount="4" falsecount="0"/>
      <line num="73" count="11" type="stmt"/>
      <line num="76" count="72" type="cond" truecount="2" falsecount="0"/>
      <line num="77" count="72" type="cond" truecount="2" falsecount="0"/>
      <line num="79" count="142" type="cond" truecount="1" falsecount="1"/>
      <line num="81" count="72" type="cond" truecount="1" falsecount="1"/>
      <line num="82" count="72" type="stmt"/>
      <line num="83" count="72" type="cond" truecount="2" falsecount="0"/>
      <line num="86" count="72" type="stmt"/>
      <line num="87" count="144" type="stmt"/>
      <line num="88" count="2202" type="cond" truecount="2" falsecount="0"/>
      <line num="89" count="144" type="stmt"/>
      <line num="90" count="144" type="stmt"/>
      <line num="96" count="288" type="stmt"/>
      <line num="103" count="72" type="cond" truecount="2" falsecount="0"/>
      <line num="105" count="1" type="stmt"/>
      <line num="107" count="71" type="stmt"/>
      <line num="108" count="71" type="stmt"/>
      <line num="112" count="72" type="stmt"/>
      <line num="113" count="72" type="stmt"/>
      <line num="118" count="1" type="stmt"/>
      <line num="122" count="1" type="stmt"/>
      <line num="139" count="90" type="stmt"/>
      <line num="148" count="12" type="stmt"/>
      <line num="164" count="42" type="cond" truecount="2" falsecount="0"/>
      <line num="165" count="42" type="cond" truecount="2" falsecount="0"/>
      <line num="166" count="42" type="cond" truecount="3" falsecount="0"/>
      <line num="173" count="5" type="stmt"/>
      <line num="174" count="16" type="stmt"/>
      <line num="182" count="4" type="stmt"/>
      <line num="183" count="17" type="stmt"/>
      <line num="193" count="5" type="stmt"/>
      <line num="208" count="11" type="cond" truecount="2" falsecount="0"/>
      <line num="213" count="12" type="cond" truecount="4" falsecount="0"/>
      <line num="221" count="5" type="cond" truecount="3" falsecount="0"/>
      <line num="231" count="7" type="cond" truecount="5" falsecount="0"/>
      <line num="238" count="4" type="cond" truecount="2" falsecount="0"/>
      <line num="250" count="16" type="stmt"/>
      <line num="251" count="16" type="cond" truecount="2" falsecount="0"/>
      <line num="252" count="7" type="stmt"/>
      <line num="253" count="7" type="cond" truecount="2" falsecount="0"/>
      <line num="254" count="7" type="cond" truecount="2" falsecount="0"/>
      <line num="256" count="16" type="stmt"/>
      <line num="266" count="16" type="cond" truecount="2" falsecount="0"/>
      <line num="267" count="8" type="cond" truecount="1" falsecount="1"/>
      <line num="268" count="8" type="stmt"/>
      <line num="276" count="3" type="stmt"/>
      <line num="277" count="6" type="cond" truecount="1" falsecount="1"/>
      <line num="289" count="11" type="stmt"/>
      <line num="290" count="12" type="stmt"/>
      <line num="291" count="11" type="cond" truecount="2" falsecount="0"/>
      <line num="293" count="10" type="stmt"/>
      <line num="294" count="20" type="stmt"/>
      <line num="295" count="198" type="cond" truecount="2" falsecount="0"/>
      <line num="296" count="20" type="stmt"/>
      <line num="297" count="20" type="stmt"/>
      <line num="305" count="40" type="stmt"/>
      <line num="311" count="104" type="cond" truecount="2" falsecount="0"/>
      <line num="312" count="4" type="stmt"/>
      <line num="313" count="2" type="cond" truecount="2" falsecount="0"/>
      <line num="315" count="20" type="stmt"/>
      <line num="318" count="10" type="stmt"/>
      <line num="326" count="4" type="stmt"/>
      <line num="328" count="4" type="stmt"/>
      <line num="329" count="8" type="stmt"/>
      <line num="330" count="12" type="cond" truecount="1" falsecount="1"/>
      <line num="331" count="8" type="stmt"/>
      <line num="338" count="16" type="stmt"/>
      <line num="345" count="4" type="stmt"/>
      <line num="354" count="9" type="stmt"/>
      <line num="355" count="9" type="cond" truecount="4" falsecount="0"/>
      <line num="357" count="8" type="stmt"/>
      <line num="358" count="16" type="stmt"/>
      <line num="359" count="164" type="cond" truecount="2" falsecount="0"/>
      <line num="360" count="16" type="cond" truecount="2" falsecount="0"/>
      <line num="361" count="6" type="stmt"/>
      <line num="364" count="4" type="cond" truecount="1" falsecount="1"/>
      <line num="367" count="10" type="stmt"/>
      <line num="368" count="10" type="stmt"/>
      <line num="372" count="4" type="cond" truecount="1" falsecount="1"/>
      <line num="376" count="8" type="stmt"/>
      <line num="402" count="13" type="cond" truecount="2" falsecount="0"/>
      <line num="403" count="12" type="cond" truecount="2" falsecount="0"/>
      <line num="404" count="11" type="cond" truecount="2" falsecount="0"/>
      <line num="406" count="11" type="stmt"/>
      <line num="407" count="10" type="cond" truecount="2" falsecount="0"/>
      <line num="409" count="9" type="stmt"/>
      <line num="420" count="13" type="stmt"/>
      <line num="427" count="13" type="stmt"/>
      <line num="429" count="13" type="stmt"/>
      <line num="439" count="5" type="cond" truecount="2" falsecount="0"/>
      <line num="440" count="5" type="stmt"/>
      <line num="441" count="4" type="stmt"/>
      <line num="442" count="4" type="stmt"/>
      <line num="443" count="4" type="stmt"/>
      <line num="452" count="5" type="cond" truecount="1" falsecount="1"/>
      <line num="453" count="5" type="cond" truecount="2" falsecount="0"/>
      <line num="454" count="5" type="cond" truecount="2" falsecount="0"/>
      <line num="455" count="4" type="stmt"/>
      <line num="456" count="5" type="stmt"/>
      <line num="457" count="5" type="stmt"/>
      <line num="467" count="4" type="stmt"/>
      <line num="468" count="4" type="cond" truecount="2" falsecount="0"/>
      <line num="478" count="4" type="cond" truecount="2" falsecount="0"/>
      <line num="479" count="2" type="cond" truecount="2" falsecount="0"/>
      <line num="480" count="1" type="stmt"/>
      <line num="486" count="2" type="cond" truecount="2" falsecount="0"/>
      <line num="496" count="11" type="cond" truecount="4" falsecount="0"/>
      <line num="497" count="11" type="cond" truecount="1" falsecount="1"/>
      <line num="498" count="11" type="cond" truecount="3" falsecount="1"/>
      <line num="499" count="11" type="cond" truecount="1" falsecount="1"/>
      <line num="501" count="11" type="stmt"/>
      <line num="502" count="11" type="stmt"/>
      <line num="503" count="5" type="cond" truecount="1" falsecount="1"/>
      <line num="504" count="5" type="cond" truecount="1" falsecount="1"/>
      <line num="505" count="5" type="cond" truecount="2" falsecount="0"/>
      <line num="506" count="5" type="cond" truecount="2" falsecount="0"/>
      <line num="507" count="5" type="cond" truecount="2" falsecount="0"/>
      <line num="511" count="11" type="stmt"/>
      <line num="512" count="11" type="stmt"/>
      <line num="514" count="11" type="stmt"/>
      <line num="515" count="1" type="stmt"/>
      <line num="516" count="2" type="cond" truecount="1" falsecount="1"/>
      <line num="517" count="1" type="cond" truecount="1" falsecount="1"/>
      <line num="518" count="1" type="stmt"/>
      <line num="519" count="1" type="stmt"/>
      <line num="532" count="11" type="stmt"/>
      <line num="533" count="3" type="cond" truecount="1" falsecount="1"/>
      <line num="534" count="3" type="cond" truecount="2" falsecount="0"/>
      <line num="535" count="1" type="stmt"/>
      <line num="543" count="11" type="stmt"/>
      <line num="544" count="5" type="cond" truecount="2" falsecount="0"/>
      <line num="549" count="5" type="cond" truecount="4" falsecount="0"/>
      <line num="554" count="5" type="cond" truecount="3" falsecount="1"/>
      <line num="559" count="11" type="stmt"/>
      <line num="566" count="11" type="stmt"/>
      <line num="584" count="471" type="stmt"/>
      <line num="621" count="7" type="cond" truecount="2" falsecount="0"/>
      <line num="622" count="7" type="cond" truecount="2" falsecount="0"/>
      <line num="624" count="7" type="stmt"/>
      <line num="644" count="15" type="stmt"/>
      <line num="645" count="15" type="cond" truecount="2" falsecount="0"/>
      <line num="646" count="14" type="cond" truecount="1" falsecount="1"/>
      <line num="647" count="8" type="cond" truecount="2" falsecount="0"/>
      <line num="648" count="7" type="stmt"/>
      <line num="650" count="7" type="cond" truecount="2" falsecount="0"/>
      <line num="651" count="8" type="stmt"/>
      <line num="654" count="15" type="stmt"/>
      <line num="674" count="8" type="cond" truecount="2" falsecount="0"/>
      <line num="675" count="10" type="cond" truecount="4" falsecount="0"/>
      <line num="676" count="13" type="stmt"/>
      <line num="701" count="9" type="cond" truecount="7" falsecount="0"/>
      <line num="702" count="7" type="stmt"/>
      <line num="703" count="8" type="stmt"/>
      <line num="706" count="8" type="stmt"/>
      <line num="707" count="8" type="cond" truecount="2" falsecount="0"/>
      <line num="708" count="6" type="stmt"/>
      <line num="709" count="6" type="cond" truecount="2" falsecount="0"/>
      <line num="710" count="5" type="cond" truecount="2" falsecount="0"/>
      <line num="731" count="8" type="stmt"/>
      <line num="732" count="8" type="stmt"/>
      <line num="734" count="8" type="cond" truecount="2" falsecount="0"/>
      <line num="735" count="9" type="cond" truecount="1" falsecount="1"/>
      <line num="736" count="9" type="cond" truecount="2" falsecount="0"/>
      <line num="737" count="8" type="stmt"/>
      <line num="738" count="8" type="cond" truecount="2" falsecount="0"/>
      <line num="739" count="14" type="cond" truecount="1" falsecount="1"/>
      <line num="740" count="9" type="stmt"/>
      <line num="746" count="9" type="stmt"/>
      <line num="750" count="8" type="cond" truecount="2" falsecount="0"/>
      <line num="752" count="4" type="stmt"/>
      <line num="759" count="4" type="stmt"/>
      <line num="760" count="7" type="stmt"/>
      <line num="774" count="4" type="stmt"/>
      <line num="792" count="8" type="stmt"/>
      <line num="796" count="8" type="stmt"/>
      <line num="797" count="8" type="cond" truecount="2" falsecount="0"/>
      <line num="798" count="1" type="stmt"/>
      <line num="799" count="1" type="cond" truecount="1" falsecount="1"/>
      <line num="800" count="1" type="cond" truecount="1" falsecount="1"/>
      <line num="801" count="1" type="stmt"/>
      <line num="808" count="1" type="stmt"/>
      <line num="811" count="8" type="cond" truecount="2" falsecount="0"/>
      <line num="812" count="8" type="cond" truecount="2" falsecount="0"/>
      <line num="815" count="8" type="stmt"/>
      <line num="816" count="8" type="stmt"/>
      <line num="817" count="8" type="cond" truecount="2" falsecount="0"/>
      <line num="818" count="1" type="stmt"/>
      <line num="819" count="2" type="stmt"/>
      <line num="820" count="1" type="stmt"/>
      <line num="823" count="8" type="stmt"/>
      <line num="834" count="8" type="stmt"/>
      <line num="841" count="8" type="stmt"/>
      <line num="855" count="12" type="cond" truecount="6" falsecount="0"/>
      <line num="857" count="11" type="cond" truecount="1" falsecount="1"/>
      <line num="858" count="22" type="cond" truecount="2" falsecount="0"/>
      <line num="861" count="12" type="stmt"/>
      <line num="862" count="12" type="cond" truecount="2" falsecount="0"/>
      <line num="863" count="22" type="stmt"/>
      <line num="864" count="11" type="stmt"/>
      <line num="867" count="11" type="cond" truecount="2" falsecount="0"/>
      <line num="869" count="12" type="cond" truecount="1" falsecount="1"/>
      <line num="872" count="22" type="cond" truecount="2" falsecount="0"/>
      <line num="878" count="22" type="cond" truecount="2" falsecount="0"/>
      <line num="881" count="22" type="cond" truecount="2" falsecount="0"/>
      <line num="884" count="22" type="cond" truecount="2" falsecount="0"/>
      <line num="888" count="12" type="cond" truecount="1" falsecount="1"/>
      <line num="889" count="12" type="cond" truecount="2" falsecount="0"/>
      <line num="890" count="11" type="stmt"/>
      <line num="891" count="11" type="stmt"/>
      <line num="894" count="11" type="stmt"/>
      <line num="914" count="12" type="stmt"/>
      <line num="916" count="12" type="cond" truecount="2" falsecount="0"/>
      <line num="917" count="11" type="cond" truecount="2" falsecount="0"/>
      <line num="919" count="20" type="cond" truecount="1" falsecount="1"/>
      <line num="920" count="18" type="cond" truecount="2" falsecount="0"/>
      <line num="921" count="18" type="stmt"/>
      <line num="924" count="10" type="cond" truecount="2" falsecount="0"/>
      <line num="925" count="11" type="cond" truecount="2" falsecount="0"/>
      <line num="926" count="2" type="cond" truecount="1" falsecount="1"/>
      <line num="927" count="4" type="cond" truecount="2" falsecount="0"/>
      <line num="929" count="9" type="cond" truecount="1" falsecount="1"/>
      <line num="930" count="9" type="cond" truecount="1" falsecount="1"/>
      <line num="931" count="18" type="cond" truecount="1" falsecount="1"/>
      <line num="932" count="9" type="cond" truecount="2" falsecount="0"/>
      <line num="938" count="12" type="stmt"/>
      <line num="939" count="16" type="stmt"/>
      <line num="940" count="7" type="cond" truecount="2" falsecount="0"/>
      <line num="958" count="8" type="stmt"/>
      <line num="959" count="17" type="stmt"/>
      <line num="963" count="4" type="stmt"/>
      <line num="964" count="4" type="stmt"/>
      <line num="965" count="4" type="cond" truecount="2" falsecount="0"/>
      <line num="966" count="4" type="stmt"/>
      <line num="967" count="4" type="stmt"/>
      <line num="968" count="4" type="cond" truecount="2" falsecount="0"/>
      <line num="969" count="3" type="stmt"/>
      <line num="971" count="4" type="stmt"/>
      <line num="974" count="8" type="stmt"/>
      <line num="976" count="8" type="stmt"/>
      <line num="979" count="17" type="cond" truecount="2" falsecount="0"/>
      <line num="980" count="8" type="stmt"/>
      <line num="981" count="9" type="cond" truecount="4" falsecount="0"/>
      <line num="982" count="4" type="stmt"/>
      <line num="984" count="5" type="stmt"/>
      <line num="987" count="17" type="cond" truecount="2" falsecount="0"/>
      <line num="988" count="12" type="cond" truecount="2" falsecount="0"/>
      <line num="989" count="12" type="stmt"/>
      <line num="993" count="8" type="stmt"/>
      <line num="996" count="8" type="stmt"/>
      <line num="997" count="9" type="cond" truecount="4" falsecount="0"/>
      <line num="998" count="12" type="stmt"/>
      <line num="999" count="5" type="stmt"/>
      <line num="1003" count="8" type="stmt"/>
      <line num="1004" count="17" type="cond" truecount="5" falsecount="0"/>
      <line num="1005" count="5" type="stmt"/>
      <line num="1009" count="8" type="stmt"/>
    </file>
  </project>
</coverage>
