<?xml version="1.0" encoding="UTF-8"?>
<coverage generated="1775452299433" clover="3.2.0">
  <project timestamp="1775452299433" name="All files">
    <metrics statements="172" coveredstatements="172" conditionals="228" coveredconditionals="196" methods="90" coveredmethods="88" elements="490" coveredelements="456" complexity="0" loc="172" ncloc="172" packages="1" files="2" classes="2"/>
    <file name="adminLogic.js" path="D:\Projects\eights\src\adminLogic.js">
      <metrics statements="50" coveredstatements="50" conditionals="80" coveredconditionals="66" methods="10" coveredmethods="10"/>
      <line num="16" count="9" type="stmt"/>
      <line num="18" count="9" type="stmt"/>
      <line num="19" count="11" type="cond" truecount="4" falsecount="0"/>
      <line num="20" count="6" type="cond" truecount="1" falsecount="1"/>
      <line num="21" count="7" type="cond" truecount="2" falsecount="0"/>
      <line num="22" count="6" type="cond" truecount="1" falsecount="1"/>
      <line num="23" count="12" type="cond" truecount="2" falsecount="0"/>
      <line num="24" count="12" type="cond" truecount="2" falsecount="0"/>
      <line num="25" count="6" type="stmt"/>
      <line num="26" count="12" type="cond" truecount="1" falsecount="1"/>
      <line num="27" count="12" type="stmt"/>
      <line num="28" count="4" type="cond" truecount="2" falsecount="0"/>
      <line num="29" count="4" type="cond" truecount="2" falsecount="0"/>
      <line num="30" count="4" type="cond" truecount="1" falsecount="1"/>
      <line num="36" count="9" type="stmt"/>
      <line num="48" count="7" type="stmt"/>
      <line num="50" count="8" type="cond" truecount="2" falsecount="0"/>
      <line num="51" count="8" type="stmt"/>
      <line num="52" count="8" type="cond" truecount="6" falsecount="0"/>
      <line num="53" count="8" type="cond" truecount="6" falsecount="0"/>
      <line num="54" count="8" type="cond" truecount="6" falsecount="0"/>
      <line num="55" count="8" type="cond" truecount="3" falsecount="3"/>
      <line num="56" count="8" type="cond" truecount="3" falsecount="3"/>
      <line num="57" count="8" type="cond" truecount="2" falsecount="0"/>
      <line num="74" count="3" type="cond" truecount="2" falsecount="0"/>
      <line num="75" count="9" type="cond" truecount="1" falsecount="1"/>
      <line num="76" count="6" type="stmt"/>
      <line num="77" count="2" type="stmt"/>
      <line num="91" count="10" type="stmt"/>
      <line num="94" count="10" type="cond" truecount="1" falsecount="1"/>
      <line num="95" count="20" type="cond" truecount="2" falsecount="0"/>
      <line num="99" count="10" type="cond" truecount="2" falsecount="0"/>
      <line num="102" count="10" type="cond" truecount="1" falsecount="1"/>
      <line num="103" count="10" type="stmt"/>
      <line num="104" count="10" type="stmt"/>
      <line num="105" count="20" type="cond" truecount="2" falsecount="0"/>
      <line num="106" count="20" type="stmt"/>
      <line num="107" count="20" type="cond" truecount="2" falsecount="0"/>
      <line num="110" count="10" type="stmt"/>
      <line num="113" count="10" type="cond" truecount="2" falsecount="0"/>
      <line num="114" count="9" type="stmt"/>
      <line num="115" count="9" type="stmt"/>
      <line num="116" count="18" type="cond" truecount="2" falsecount="0"/>
      <line num="118" count="9" type="stmt"/>
      <line num="122" count="10" type="cond" truecount="2" falsecount="0"/>
      <line num="123" count="9" type="stmt"/>
      <line num="124" count="9" type="stmt"/>
      <line num="125" count="9" type="cond" truecount="1" falsecount="1"/>
      <line num="127" count="9" type="stmt"/>
      <line num="130" count="10" type="stmt"/>
    </file>
    <file name="gameLogic.js" path="D:\Projects\eights\src\gameLogic.js">
      <metrics statements="122" coveredstatements="122" conditionals="148" coveredconditionals="130" methods="80" coveredmethods="78"/>
      <line num="6" count="72" type="stmt"/>
      <line num="9" count="7" type="stmt"/>
      <line num="12" count="1" type="stmt"/>
      <line num="13" count="24" type="stmt"/>
      <line num="23" count="5" type="stmt"/>
      <line num="36" count="1" type="stmt"/>
      <line num="42" count="1" type="stmt"/>
      <line num="63" count="22" type="cond" truecount="1" falsecount="1"/>
      <line num="64" count="11" type="stmt"/>
      <line num="68" count="11" type="cond" truecount="2" falsecount="0"/>
      <line num="69" count="11" type="cond" truecount="4" falsecount="0"/>
      <line num="73" count="11" type="stmt"/>
      <line num="76" count="72" type="cond" truecount="2" falsecount="0"/>
      <line num="77" count="72" type="cond" truecount="2" falsecount="0"/>
      <line num="79" count="142" type="cond" truecount="1" falsecount="1"/>
      <line num="81" count="72" type="cond" truecount="1" falsecount="1"/>
      <line num="82" count="72" type="stmt"/>
      <line num="83" count="72" type="cond" truecount="2" falsecount="0"/>
      <line num="86" count="72" type="stmt"/>
      <line num="87" count="144" type="stmt"/>
      <line num="88" count="2202" type="cond" truecount="2" falsecount="0"/>
      <line num="89" count="144" type="stmt"/>
      <line num="90" count="144" type="stmt"/>
      <line num="96" count="288" type="stmt"/>
      <line num="103" count="72" type="cond" truecount="2" falsecount="0"/>
      <line num="105" count="1" type="stmt"/>
      <line num="107" count="71" type="stmt"/>
      <line num="108" count="71" type="stmt"/>
      <line num="112" count="72" type="stmt"/>
      <line num="113" count="72" type="stmt"/>
      <line num="118" count="1" type="stmt"/>
      <line num="122" count="1" type="stmt"/>
      <line num="139" count="82" type="stmt"/>
      <line num="148" count="12" type="stmt"/>
      <line num="164" count="42" type="cond" truecount="2" falsecount="0"/>
      <line num="165" count="42" type="cond" truecount="2" falsecount="0"/>
      <line num="166" count="42" type="cond" truecount="3" falsecount="0"/>
      <line num="173" count="5" type="stmt"/>
      <line num="174" count="16" type="stmt"/>
      <line num="182" count="4" type="stmt"/>
      <line num="183" count="17" type="stmt"/>
      <line num="193" count="5" type="stmt"/>
      <line num="208" count="11" type="cond" truecount="2" falsecount="0"/>
      <line num="213" count="12" type="cond" truecount="4" falsecount="0"/>
      <line num="221" count="5" type="cond" truecount="3" falsecount="0"/>
      <line num="231" count="5" type="cond" truecount="3" falsecount="0"/>
      <line num="238" count="4" type="cond" truecount="2" falsecount="0"/>
      <line num="250" count="8" type="stmt"/>
      <line num="251" count="8" type="cond" truecount="2" falsecount="0"/>
      <line num="252" count="6" type="stmt"/>
      <line num="253" count="6" type="cond" truecount="2" falsecount="0"/>
      <line num="254" count="6" type="cond" truecount="2" falsecount="0"/>
      <line num="256" count="8" type="stmt"/>
      <line num="266" count="16" type="cond" truecount="2" falsecount="0"/>
      <line num="267" count="8" type="cond" truecount="1" falsecount="1"/>
      <line num="268" count="8" type="stmt"/>
      <line num="276" count="3" type="stmt"/>
      <line num="277" count="6" type="cond" truecount="1" falsecount="1"/>
      <line num="289" count="11" type="stmt"/>
      <line num="290" count="12" type="stmt"/>
      <line num="291" count="11" type="cond" truecount="2" falsecount="0"/>
      <line num="293" count="10" type="stmt"/>
      <line num="294" count="20" type="stmt"/>
      <line num="295" count="198" type="cond" truecount="2" falsecount="0"/>
      <line num="296" count="20" type="stmt"/>
      <line num="297" count="20" type="stmt"/>
      <line num="305" count="40" type="stmt"/>
      <line num="311" count="104" type="cond" truecount="2" falsecount="0"/>
      <line num="312" count="4" type="stmt"/>
      <line num="313" count="2" type="cond" truecount="2" falsecount="0"/>
      <line num="315" count="20" type="stmt"/>
      <line num="318" count="10" type="stmt"/>
      <line num="329" count="5" type="stmt"/>
      <line num="330" count="5" type="cond" truecount="1" falsecount="1"/>
      <line num="332" count="5" type="stmt"/>
      <line num="333" count="10" type="stmt"/>
      <line num="334" count="155" type="cond" truecount="2" falsecount="0"/>
      <line num="335" count="10" type="stmt"/>
      <line num="336" count="10" type="stmt"/>
      <line num="340" count="4" type="cond" truecount="1" falsecount="1"/>
      <line num="344" count="5" type="stmt"/>
      <line num="354" count="5" type="cond" truecount="2" falsecount="0"/>
      <line num="355" count="5" type="stmt"/>
      <line num="356" count="4" type="stmt"/>
      <line num="357" count="4" type="stmt"/>
      <line num="358" count="4" type="stmt"/>
      <line num="367" count="5" type="cond" truecount="1" falsecount="1"/>
      <line num="368" count="5" type="cond" truecount="2" falsecount="0"/>
      <line num="369" count="5" type="cond" truecount="2" falsecount="0"/>
      <line num="370" count="4" type="stmt"/>
      <line num="371" count="5" type="stmt"/>
      <line num="372" count="5" type="stmt"/>
      <line num="382" count="4" type="stmt"/>
      <line num="383" count="4" type="cond" truecount="2" falsecount="0"/>
      <line num="393" count="4" type="cond" truecount="2" falsecount="0"/>
      <line num="394" count="2" type="cond" truecount="2" falsecount="0"/>
      <line num="395" count="1" type="stmt"/>
      <line num="401" count="2" type="cond" truecount="2" falsecount="0"/>
      <line num="411" count="9" type="cond" truecount="4" falsecount="0"/>
      <line num="412" count="9" type="cond" truecount="1" falsecount="1"/>
      <line num="413" count="9" type="cond" truecount="1" falsecount="1"/>
      <line num="415" count="9" type="stmt"/>
      <line num="416" count="9" type="stmt"/>
      <line num="417" count="3" type="cond" truecount="1" falsecount="1"/>
      <line num="418" count="3" type="cond" truecount="1" falsecount="1"/>
      <line num="419" count="3" type="cond" truecount="2" falsecount="0"/>
      <line num="420" count="3" type="cond" truecount="2" falsecount="0"/>
      <line num="424" count="9" type="stmt"/>
      <line num="425" count="9" type="stmt"/>
      <line num="427" count="9" type="stmt"/>
      <line num="428" count="1" type="stmt"/>
      <line num="429" count="2" type="cond" truecount="1" falsecount="1"/>
      <line num="430" count="1" type="cond" truecount="1" falsecount="1"/>
      <line num="431" count="1" type="stmt"/>
      <line num="432" count="1" type="stmt"/>
      <line num="445" count="9" type="stmt"/>
      <line num="446" count="3" type="cond" truecount="2" falsecount="0"/>
      <line num="451" count="3" type="cond" truecount="4" falsecount="0"/>
      <line num="456" count="3" type="cond" truecount="3" falsecount="1"/>
      <line num="461" count="9" type="stmt"/>
      <line num="468" count="9" type="stmt"/>
      <line num="486" count="386" type="stmt"/>
    </file>
  </project>
</coverage>
