{"D:\\Projects\\eights\\src\\adminLogic.js": {"path":"D:\\Projects\\eights\\src\\adminLogic.js","statementMap":{"0":{"start":{"line":16,"column":16},"end":{"line":16,"column":null}},"1":{"start":{"line":18,"column":2},"end":{"line":34,"column":null}},"2":{"start":{"line":19,"column":4},"end":{"line":19,"column":null}},"3":{"start":{"line":19,"column":31},"end":{"line":19,"column":null}},"4":{"start":{"line":20,"column":4},"end":{"line":33,"column":null}},"5":{"start":{"line":21,"column":6},"end":{"line":21,"column":null}},"6":{"start":{"line":21,"column":25},"end":{"line":21,"column":null}},"7":{"start":{"line":22,"column":6},"end":{"line":32,"column":null}},"8":{"start":{"line":23,"column":8},"end":{"line":23,"column":null}},"9":{"start":{"line":23,"column":26},"end":{"line":23,"column":null}},"10":{"start":{"line":24,"column":8},"end":{"line":25,"column":null}},"11":{"start":{"line":24,"column":38},"end":{"line":24,"column":null}},"12":{"start":{"line":25,"column":13},"end":{"line":25,"column":null}},"13":{"start":{"line":26,"column":19},"end":{"line":26,"column":null}},"14":{"start":{"line":27,"column":8},"end":{"line":31,"column":null}},"15":{"start":{"line":28,"column":10},"end":{"line":28,"column":null}},"16":{"start":{"line":28,"column":43},"end":{"line":28,"column":null}},"17":{"start":{"line":29,"column":10},"end":{"line":29,"column":null}},"18":{"start":{"line":29,"column":43},"end":{"line":29,"column":null}},"19":{"start":{"line":30,"column":10},"end":{"line":30,"column":null}},"20":{"start":{"line":30,"column":43},"end":{"line":30,"column":null}},"21":{"start":{"line":36,"column":2},"end":{"line":36,"column":null}},"22":{"start":{"line":48,"column":2},"end":{"line":59,"column":null}},"23":{"start":{"line":50,"column":16},"end":{"line":50,"column":null}},"24":{"start":{"line":51,"column":20},"end":{"line":51,"column":null}},"25":{"start":{"line":52,"column":6},"end":{"line":52,"column":null}},"26":{"start":{"line":52,"column":50},"end":{"line":52,"column":null}},"27":{"start":{"line":53,"column":6},"end":{"line":53,"column":null}},"28":{"start":{"line":53,"column":50},"end":{"line":53,"column":null}},"29":{"start":{"line":54,"column":6},"end":{"line":54,"column":null}},"30":{"start":{"line":54,"column":50},"end":{"line":54,"column":null}},"31":{"start":{"line":55,"column":6},"end":{"line":55,"column":null}},"32":{"start":{"line":55,"column":50},"end":{"line":55,"column":null}},"33":{"start":{"line":56,"column":6},"end":{"line":56,"column":null}},"34":{"start":{"line":56,"column":50},"end":{"line":56,"column":null}},"35":{"start":{"line":57,"column":6},"end":{"line":57,"column":null}},"36":{"start":{"line":74,"column":2},"end":{"line":74,"column":null}},"37":{"start":{"line":74,"column":25},"end":{"line":74,"column":null}},"38":{"start":{"line":75,"column":29},"end":{"line":75,"column":null}},"39":{"start":{"line":75,"column":47},"end":{"line":75,"column":91}},"40":{"start":{"line":75,"column":75},"end":{"line":75,"column":90}},"41":{"start":{"line":76,"column":29},"end":{"line":76,"column":null}},"42":{"start":{"line":76,"column":52},"end":{"line":76,"column":73}},"43":{"start":{"line":77,"column":2},"end":{"line":77,"column":null}},"44":{"start":{"line":91,"column":18},"end":{"line":91,"column":null}},"45":{"start":{"line":94,"column":2},"end":{"line":96,"column":null}},"46":{"start":{"line":95,"column":4},"end":{"line":95,"column":null}},"47":{"start":{"line":99,"column":2},"end":{"line":99,"column":null}},"48":{"start":{"line":99,"column":28},"end":{"line":99,"column":null}},"49":{"start":{"line":102,"column":24},"end":{"line":102,"column":null}},"50":{"start":{"line":103,"column":24},"end":{"line":103,"column":null}},"51":{"start":{"line":104,"column":2},"end":{"line":109,"column":null}},"52":{"start":{"line":105,"column":19},"end":{"line":105,"column":null}},"53":{"start":{"line":106,"column":4},"end":{"line":108,"column":null}},"54":{"start":{"line":107,"column":6},"end":{"line":107,"column":null}},"55":{"start":{"line":110,"column":2},"end":{"line":110,"column":null}},"56":{"start":{"line":113,"column":2},"end":{"line":119,"column":null}},"57":{"start":{"line":114,"column":15},"end":{"line":114,"column":null}},"58":{"start":{"line":115,"column":4},"end":{"line":117,"column":null}},"59":{"start":{"line":116,"column":6},"end":{"line":116,"column":null}},"60":{"start":{"line":118,"column":4},"end":{"line":118,"column":null}},"61":{"start":{"line":122,"column":2},"end":{"line":128,"column":null}},"62":{"start":{"line":123,"column":19},"end":{"line":123,"column":null}},"63":{"start":{"line":124,"column":4},"end":{"line":126,"column":null}},"64":{"start":{"line":125,"column":6},"end":{"line":125,"column":null}},"65":{"start":{"line":127,"column":4},"end":{"line":127,"column":null}},"66":{"start":{"line":130,"column":2},"end":{"line":130,"column":null}}},"fnMap":{"0":{"name":"recalcStatsFromRooms","decl":{"start":{"line":15,"column":16},"end":{"line":15,"column":36}},"loc":{"start":{"line":15,"column":44},"end":{"line":37,"column":null}},"line":15},"1":{"name":"diffStats","decl":{"start":{"line":47,"column":16},"end":{"line":47,"column":25}},"loc":{"start":{"line":47,"column":59},"end":{"line":60,"column":null}},"line":47},"2":{"name":"(anonymous_2)","decl":{"start":{"line":49,"column":9},"end":{"line":49,"column":10}},"loc":{"start":{"line":49,"column":14},"end":{"line":58,"column":5}},"line":49},"3":{"name":"planMerge","decl":{"start":{"line":73,"column":16},"end":{"line":73,"column":25}},"loc":{"start":{"line":73,"column":61},"end":{"line":78,"column":null}},"line":73},"4":{"name":"(anonymous_4)","decl":{"start":{"line":75,"column":42},"end":{"line":75,"column":43}},"loc":{"start":{"line":75,"column":47},"end":{"line":75,"column":91}},"line":75},"5":{"name":"(anonymous_5)","decl":{"start":{"line":75,"column":70},"end":{"line":75,"column":71}},"loc":{"start":{"line":75,"column":75},"end":{"line":75,"column":90}},"line":75},"6":{"name":"(anonymous_6)","decl":{"start":{"line":76,"column":47},"end":{"line":76,"column":48}},"loc":{"start":{"line":76,"column":52},"end":{"line":76,"column":73}},"line":76},"7":{"name":"applyMergeToRoom","decl":{"start":{"line":90,"column":16},"end":{"line":90,"column":32}},"loc":{"start":{"line":90,"column":53},"end":{"line":131,"column":null}},"line":90},"8":{"name":"(anonymous_8)","decl":{"start":{"line":94,"column":45},"end":{"line":94,"column":46}},"loc":{"start":{"line":95,"column":4},"end":{"line":95,"column":null}},"line":95},"9":{"name":"(anonymous_9)","decl":{"start":{"line":106,"column":37},"end":{"line":106,"column":38}},"loc":{"start":{"line":107,"column":6},"end":{"line":107,"column":null}},"line":107}},"branchMap":{"0":{"loc":{"start":{"line":19,"column":4},"end":{"line":19,"column":null}},"type":"if","locations":[{"start":{"line":19,"column":4},"end":{"line":19,"column":null}},{"start":{},"end":{}}],"line":19},"1":{"loc":{"start":{"line":19,"column":8},"end":{"line":19,"column":29}},"type":"binary-expr","locations":[{"start":{"line":19,"column":8},"end":{"line":19,"column":13}},{"start":{"line":19,"column":17},"end":{"line":19,"column":29}}],"line":19},"2":{"loc":{"start":{"line":20,"column":25},"end":{"line":20,"column":42}},"type":"binary-expr","locations":[{"start":{"line":20,"column":25},"end":{"line":20,"column":36}},{"start":{"line":20,"column":40},"end":{"line":20,"column":42}}],"line":20},"3":{"loc":{"start":{"line":21,"column":6},"end":{"line":21,"column":null}},"type":"if","locations":[{"start":{"line":21,"column":6},"end":{"line":21,"column":null}},{"start":{},"end":{}}],"line":21},"4":{"loc":{"start":{"line":22,"column":23},"end":{"line":22,"column":45}},"type":"binary-expr","locations":[{"start":{"line":22,"column":23},"end":{"line":22,"column":39}},{"start":{"line":22,"column":43},"end":{"line":22,"column":45}}],"line":22},"5":{"loc":{"start":{"line":23,"column":8},"end":{"line":23,"column":null}},"type":"if","locations":[{"start":{"line":23,"column":8},"end":{"line":23,"column":null}},{"start":{},"end":{}}],"line":23},"6":{"loc":{"start":{"line":24,"column":8},"end":{"line":25,"column":null}},"type":"if","locations":[{"start":{"line":24,"column":8},"end":{"line":25,"column":null}},{"start":{"line":25,"column":13},"end":{"line":25,"column":null}}],"line":24},"7":{"loc":{"start":{"line":26,"column":19},"end":{"line":26,"column":null}},"type":"binary-expr","locations":[{"start":{"line":26,"column":19},"end":{"line":26,"column":40}},{"start":{"line":26,"column":44},"end":{"line":26,"column":null}}],"line":26},"8":{"loc":{"start":{"line":28,"column":10},"end":{"line":28,"column":null}},"type":"if","locations":[{"start":{"line":28,"column":10},"end":{"line":28,"column":null}},{"start":{},"end":{}}],"line":28},"9":{"loc":{"start":{"line":29,"column":10},"end":{"line":29,"column":null}},"type":"if","locations":[{"start":{"line":29,"column":10},"end":{"line":29,"column":null}},{"start":{},"end":{}}],"line":29},"10":{"loc":{"start":{"line":30,"column":10},"end":{"line":30,"column":null}},"type":"if","locations":[{"start":{"line":30,"column":10},"end":{"line":30,"column":null}},{"start":{},"end":{}}],"line":30},"11":{"loc":{"start":{"line":50,"column":16},"end":{"line":50,"column":null}},"type":"binary-expr","locations":[{"start":{"line":50,"column":16},"end":{"line":50,"column":34}},{"start":{"line":50,"column":38},"end":{"line":50,"column":null}}],"line":50},"12":{"loc":{"start":{"line":52,"column":6},"end":{"line":52,"column":null}},"type":"if","locations":[{"start":{"line":52,"column":6},"end":{"line":52,"column":null}},{"start":{},"end":{}}],"line":52},"13":{"loc":{"start":{"line":52,"column":11},"end":{"line":52,"column":34}},"type":"binary-expr","locations":[{"start":{"line":52,"column":11},"end":{"line":52,"column":17}},{"start":{"line":52,"column":33},"end":{"line":52,"column":34}}],"line":52},"14":{"loc":{"start":{"line":52,"column":72},"end":{"line":52,"column":85}},"type":"binary-expr","locations":[{"start":{"line":52,"column":72},"end":{"line":52,"column":78}},{"start":{"line":52,"column":84},"end":{"line":52,"column":85}}],"line":52},"15":{"loc":{"start":{"line":53,"column":6},"end":{"line":53,"column":null}},"type":"if","locations":[{"start":{"line":53,"column":6},"end":{"line":53,"column":null}},{"start":{},"end":{}}],"line":53},"16":{"loc":{"start":{"line":53,"column":11},"end":{"line":53,"column":34}},"type":"binary-expr","locations":[{"start":{"line":53,"column":11},"end":{"line":53,"column":19}},{"start":{"line":53,"column":33},"end":{"line":53,"column":34}}],"line":53},"17":{"loc":{"start":{"line":53,"column":72},"end":{"line":53,"column":85}},"type":"binary-expr","locations":[{"start":{"line":53,"column":72},"end":{"line":53,"column":80}},{"start":{"line":53,"column":84},"end":{"line":53,"column":85}}],"line":53},"18":{"loc":{"start":{"line":54,"column":6},"end":{"line":54,"column":null}},"type":"if","locations":[{"start":{"line":54,"column":6},"end":{"line":54,"column":null}},{"start":{},"end":{}}],"line":54},"19":{"loc":{"start":{"line":54,"column":11},"end":{"line":54,"column":34}},"type":"binary-expr","locations":[{"start":{"line":54,"column":11},"end":{"line":54,"column":28}},{"start":{"line":54,"column":33},"end":{"line":54,"column":34}}],"line":54},"20":{"loc":{"start":{"line":54,"column":72},"end":{"line":54,"column":95}},"type":"binary-expr","locations":[{"start":{"line":54,"column":72},"end":{"line":54,"column":89}},{"start":{"line":54,"column":94},"end":{"line":54,"column":95}}],"line":54},"21":{"loc":{"start":{"line":55,"column":6},"end":{"line":55,"column":null}},"type":"if","locations":[{"start":{"line":55,"column":6},"end":{"line":55,"column":null}},{"start":{},"end":{}}],"line":55},"22":{"loc":{"start":{"line":55,"column":11},"end":{"line":55,"column":34}},"type":"binary-expr","locations":[{"start":{"line":55,"column":11},"end":{"line":55,"column":28}},{"start":{"line":55,"column":33},"end":{"line":55,"column":34}}],"line":55},"23":{"loc":{"start":{"line":55,"column":72},"end":{"line":55,"column":95}},"type":"binary-expr","locations":[{"start":{"line":55,"column":72},"end":{"line":55,"column":89}},{"start":{"line":55,"column":94},"end":{"line":55,"column":95}}],"line":55},"24":{"loc":{"start":{"line":56,"column":6},"end":{"line":56,"column":null}},"type":"if","locations":[{"start":{"line":56,"column":6},"end":{"line":56,"column":null}},{"start":{},"end":{}}],"line":56},"25":{"loc":{"start":{"line":56,"column":11},"end":{"line":56,"column":34}},"type":"binary-expr","locations":[{"start":{"line":56,"column":11},"end":{"line":56,"column":26}},{"start":{"line":56,"column":33},"end":{"line":56,"column":34}}],"line":56},"26":{"loc":{"start":{"line":56,"column":72},"end":{"line":56,"column":95}},"type":"binary-expr","locations":[{"start":{"line":56,"column":72},"end":{"line":56,"column":87}},{"start":{"line":56,"column":94},"end":{"line":56,"column":95}}],"line":56},"27":{"loc":{"start":{"line":57,"column":13},"end":{"line":57,"column":null}},"type":"cond-expr","locations":[{"start":{"line":57,"column":45},"end":{"line":57,"column":78}},{"start":{"line":57,"column":81},"end":{"line":57,"column":null}}],"line":57},"28":{"loc":{"start":{"line":74,"column":2},"end":{"line":74,"column":null}},"type":"if","locations":[{"start":{"line":74,"column":2},"end":{"line":74,"column":null}},{"start":{},"end":{}}],"line":74},"29":{"loc":{"start":{"line":75,"column":48},"end":{"line":75,"column":63}},"type":"binary-expr","locations":[{"start":{"line":75,"column":48},"end":{"line":75,"column":57}},{"start":{"line":75,"column":61},"end":{"line":75,"column":63}}],"line":75},"30":{"loc":{"start":{"line":94,"column":21},"end":{"line":94,"column":39}},"type":"binary-expr","locations":[{"start":{"line":94,"column":21},"end":{"line":94,"column":33}},{"start":{"line":94,"column":37},"end":{"line":94,"column":39}}],"line":94},"31":{"loc":{"start":{"line":95,"column":4},"end":{"line":95,"column":null}},"type":"cond-expr","locations":[{"start":{"line":95,"column":22},"end":{"line":95,"column":40}},{"start":{"line":95,"column":43},"end":{"line":95,"column":null}}],"line":95},"32":{"loc":{"start":{"line":99,"column":2},"end":{"line":99,"column":null}},"type":"if","locations":[{"start":{"line":99,"column":2},"end":{"line":99,"column":null}},{"start":{},"end":{}}],"line":99},"33":{"loc":{"start":{"line":102,"column":24},"end":{"line":102,"column":null}},"type":"binary-expr","locations":[{"start":{"line":102,"column":24},"end":{"line":102,"column":39}},{"start":{"line":102,"column":43},"end":{"line":102,"column":null}}],"line":102},"34":{"loc":{"start":{"line":105,"column":19},"end":{"line":105,"column":null}},"type":"cond-expr","locations":[{"start":{"line":105,"column":36},"end":{"line":105,"column":40}},{"start":{"line":105,"column":43},"end":{"line":105,"column":null}}],"line":105},"35":{"loc":{"start":{"line":107,"column":6},"end":{"line":107,"column":null}},"type":"cond-expr","locations":[{"start":{"line":107,"column":29},"end":{"line":107,"column":52}},{"start":{"line":107,"column":55},"end":{"line":107,"column":null}}],"line":107},"36":{"loc":{"start":{"line":113,"column":2},"end":{"line":119,"column":null}},"type":"if","locations":[{"start":{"line":113,"column":2},"end":{"line":119,"column":null}},{"start":{},"end":{}}],"line":113},"37":{"loc":{"start":{"line":116,"column":9},"end":{"line":116,"column":36}},"type":"cond-expr","locations":[{"start":{"line":116,"column":26},"end":{"line":116,"column":30}},{"start":{"line":116,"column":33},"end":{"line":116,"column":36}}],"line":116},"38":{"loc":{"start":{"line":122,"column":2},"end":{"line":128,"column":null}},"type":"if","locations":[{"start":{"line":122,"column":2},"end":{"line":128,"column":null}},{"start":{},"end":{}}],"line":122},"39":{"loc":{"start":{"line":125,"column":13},"end":{"line":125,"column":40}},"type":"cond-expr","locations":[{"start":{"line":125,"column":30},"end":{"line":125,"column":34}},{"start":{"line":125,"column":37},"end":{"line":125,"column":40}}],"line":125}},"s":{"0":9,"1":9,"2":11,"3":5,"4":6,"5":7,"6":1,"7":6,"8":12,"9":8,"10":12,"11":6,"12":6,"13":12,"14":12,"15":4,"16":2,"17":4,"18":1,"19":4,"20":0,"21":9,"22":7,"23":8,"24":8,"25":8,"26":3,"27":8,"28":2,"29":8,"30":2,"31":8,"32":0,"33":8,"34":0,"35":8,"36":3,"37":1,"38":2,"39":6,"40":9,"41":2,"42":6,"43":2,"44":10,"45":10,"46":20,"47":10,"48":9,"49":10,"50":10,"51":10,"52":20,"53":20,"54":20,"55":10,"56":10,"57":9,"58":9,"59":18,"60":9,"61":10,"62":9,"63":9,"64":9,"65":9,"66":10},"f":{"0":9,"1":7,"2":8,"3":3,"4":6,"5":9,"6":6,"7":10,"8":20,"9":20},"b":{"0":[5,6],"1":[11,7],"2":[6,0],"3":[1,6],"4":[6,0],"5":[8,4],"6":[6,6],"7":[12,0],"8":[2,2],"9":[1,3],"10":[0,4],"11":[8,2],"12":[3,5],"13":[8,3],"14":[3,1],"15":[2,6],"16":[8,4],"17":[2,2],"18":[2,6],"19":[8,5],"20":[2,2],"21":[0,8],"22":[8,7],"23":[0,0],"24":[0,8],"25":[8,8],"26":[0,0],"27":[5,3],"28":[1,2],"29":[6,0],"30":[10,0],"31":[10,10],"32":[9,1],"33":[10,0],"34":[10,10],"35":[10,10],"36":[9,1],"37":[9,9],"38":[9,1],"39":[9,0]},"meta":{"lastBranch":40,"lastFunction":10,"lastStatement":67,"seen":{"f:15:16:15:36":0,"s:16:16:16:Infinity":0,"s:18:2:34:Infinity":1,"b:19:4:19:Infinity:undefined:undefined:undefined:undefined":0,"s:19:4:19:Infinity":2,"b:19:8:19:13:19:17:19:29":1,"s:19:31:19:Infinity":3,"s:20:4:33:Infinity":4,"b:20:25:20:36:20:40:20:42":2,"b:21:6:21:Infinity:undefined:undefined:undefined:undefined":3,"s:21:6:21:Infinity":5,"s:21:25:21:Infinity":6,"s:22:6:32:Infinity":7,"b:22:23:22:39:22:43:22:45":4,"b:23:8:23:Infinity:undefined:undefined:undefined:undefined":5,"s:23:8:23:Infinity":8,"s:23:26:23:Infinity":9,"b:24:8:25:Infinity:25:13:25:Infinity":6,"s:24:8:25:Infinity":10,"s:24:38:24:Infinity":11,"s:25:13:25:Infinity":12,"s:26:19:26:Infinity":13,"b:26:19:26:40:26:44:26:Infinity":7,"s:27:8:31:Infinity":14,"b:28:10:28:Infinity:undefined:undefined:undefined:undefined":8,"s:28:10:28:Infinity":15,"s:28:43:28:Infinity":16,"b:29:10:29:Infinity:undefined:undefined:undefined:undefined":9,"s:29:10:29:Infinity":17,"s:29:43:29:Infinity":18,"b:30:10:30:Infinity:undefined:undefined:undefined:undefined":10,"s:30:10:30:Infinity":19,"s:30:43:30:Infinity":20,"s:36:2:36:Infinity":21,"f:47:16:47:25":1,"s:48:2:59:Infinity":22,"f:49:9:49:10":2,"s:50:16:50:Infinity":23,"b:50:16:50:34:50:38:50:Infinity":11,"s:51:20:51:Infinity":24,"b:52:6:52:Infinity:undefined:undefined:undefined:undefined":12,"s:52:6:52:Infinity":25,"b:52:11:52:17:52:33:52:34":13,"s:52:50:52:Infinity":26,"b:52:72:52:78:52:84:52:85":14,"b:53:6:53:Infinity:undefined:undefined:undefined:undefined":15,"s:53:6:53:Infinity":27,"b:53:11:53:19:53:33:53:34":16,"s:53:50:53:Infinity":28,"b:53:72:53:80:53:84:53:85":17,"b:54:6:54:Infinity:undefined:undefined:undefined:undefined":18,"s:54:6:54:Infinity":29,"b:54:11:54:28:54:33:54:34":19,"s:54:50:54:Infinity":30,"b:54:72:54:89:54:94:54:95":20,"b:55:6:55:Infinity:undefined:undefined:undefined:undefined":21,"s:55:6:55:Infinity":31,"b:55:11:55:28:55:33:55:34":22,"s:55:50:55:Infinity":32,"b:55:72:55:89:55:94:55:95":23,"b:56:6:56:Infinity:undefined:undefined:undefined:undefined":24,"s:56:6:56:Infinity":33,"b:56:11:56:26:56:33:56:34":25,"s:56:50:56:Infinity":34,"b:56:72:56:87:56:94:56:95":26,"s:57:6:57:Infinity":35,"b:57:45:57:78:57:81:57:Infinity":27,"f:73:16:73:25":3,"b:74:2:74:Infinity:undefined:undefined:undefined:undefined":28,"s:74:2:74:Infinity":36,"s:74:25:74:Infinity":37,"s:75:29:75:Infinity":38,"f:75:42:75:43":4,"s:75:47:75:91":39,"b:75:48:75:57:75:61:75:63":29,"f:75:70:75:71":5,"s:75:75:75:90":40,"s:76:29:76:Infinity":41,"f:76:47:76:48":6,"s:76:52:76:73":42,"s:77:2:77:Infinity":43,"f:90:16:90:32":7,"s:91:18:91:Infinity":44,"s:94:2:96:Infinity":45,"b:94:21:94:33:94:37:94:39":30,"f:94:45:94:46":8,"s:95:4:95:Infinity":46,"b:95:22:95:40:95:43:95:Infinity":31,"b:99:2:99:Infinity:undefined:undefined:undefined:undefined":32,"s:99:2:99:Infinity":47,"s:99:28:99:Infinity":48,"s:102:24:102:Infinity":49,"b:102:24:102:39:102:43:102:Infinity":33,"s:103:24:103:Infinity":50,"s:104:2:109:Infinity":51,"s:105:19:105:Infinity":52,"b:105:36:105:40:105:43:105:Infinity":34,"s:106:4:108:Infinity":53,"f:106:37:106:38":9,"s:107:6:107:Infinity":54,"b:107:29:107:52:107:55:107:Infinity":35,"s:110:2:110:Infinity":55,"b:113:2:119:Infinity:undefined:undefined:undefined:undefined":36,"s:113:2:119:Infinity":56,"s:114:15:114:Infinity":57,"s:115:4:117:Infinity":58,"s:116:6:116:Infinity":59,"b:116:26:116:30:116:33:116:36":37,"s:118:4:118:Infinity":60,"b:122:2:128:Infinity:undefined:undefined:undefined:undefined":38,"s:122:2:128:Infinity":61,"s:123:19:123:Infinity":62,"s:124:4:126:Infinity":63,"s:125:6:125:Infinity":64,"b:125:30:125:34:125:37:125:40":39,"s:127:4:127:Infinity":65,"s:130:2:130:Infinity":66}}}
,"D:\\Projects\\eights\\src\\gameLogic.js": {"path":"D:\\Projects\\eights\\src\\gameLogic.js","statementMap":{"0":{"start":{"line":6,"column":24},"end":{"line":6,"column":69}},"1":{"start":{"line":9,"column":2},"end":{"line":9,"column":null}},"2":{"start":{"line":9,"column":34},"end":{"line":9,"column":38}},"3":{"start":{"line":12,"column":22},"end":{"line":12,"column":null}},"4":{"start":{"line":13,"column":35},"end":{"line":13,"column":69}},"5":{"start":{"line":23,"column":2},"end":{"line":30,"column":null}},"6":{"start":{"line":36,"column":32},"end":{"line":41,"column":null}},"7":{"start":{"line":42,"column":31},"end":{"line":55,"column":null}},"8":{"start":{"line":63,"column":22},"end":{"line":63,"column":null}},"9":{"start":{"line":63,"column":56},"end":{"line":63,"column":92}},"10":{"start":{"line":64,"column":16},"end":{"line":64,"column":null}},"11":{"start":{"line":68,"column":26},"end":{"line":68,"column":null}},"12":{"start":{"line":69,"column":20},"end":{"line":71,"column":null}},"13":{"start":{"line":73,"column":2},"end":{"line":110,"column":null}},"14":{"start":{"line":73,"column":22},"end":{"line":73,"column":31}},"15":{"start":{"line":76,"column":27},"end":{"line":76,"column":null}},"16":{"start":{"line":77,"column":20},"end":{"line":79,"column":null}},"17":{"start":{"line":79,"column":33},"end":{"line":79,"column":79}},"18":{"start":{"line":81,"column":4},"end":{"line":81,"column":null}},"19":{"start":{"line":81,"column":25},"end":{"line":81,"column":null}},"20":{"start":{"line":82,"column":19},"end":{"line":82,"column":null}},"21":{"start":{"line":83,"column":20},"end":{"line":83,"column":null}},"22":{"start":{"line":86,"column":4},"end":{"line":101,"column":null}},"23":{"start":{"line":87,"column":6},"end":{"line":100,"column":null}},"24":{"start":{"line":88,"column":8},"end":{"line":88,"column":null}},"25":{"start":{"line":88,"column":32},"end":{"line":88,"column":46}},"26":{"start":{"line":88,"column":49},"end":{"line":88,"column":null}},"27":{"start":{"line":89,"column":22},"end":{"line":89,"column":null}},"28":{"start":{"line":90,"column":8},"end":{"line":99,"column":null}},"29":{"start":{"line":96,"column":43},"end":{"line":96,"column":57}},"30":{"start":{"line":96,"column":69},"end":{"line":96,"column":76}},"31":{"start":{"line":103,"column":4},"end":{"line":109,"column":null}},"32":{"start":{"line":105,"column":6},"end":{"line":105,"column":null}},"33":{"start":{"line":107,"column":6},"end":{"line":107,"column":null}},"34":{"start":{"line":108,"column":6},"end":{"line":108,"column":null}},"35":{"start":{"line":112,"column":2},"end":{"line":112,"column":null}},"36":{"start":{"line":113,"column":2},"end":{"line":113,"column":null}},"37":{"start":{"line":118,"column":30},"end":{"line":121,"column":null}},"38":{"start":{"line":122,"column":24},"end":{"line":131,"column":null}},"39":{"start":{"line":139,"column":2},"end":{"line":143,"column":null}},"40":{"start":{"line":139,"column":75},"end":{"line":143,"column":3}},"41":{"start":{"line":148,"column":2},"end":{"line":154,"column":null}},"42":{"start":{"line":148,"column":50},"end":{"line":154,"column":3}},"43":{"start":{"line":164,"column":15},"end":{"line":164,"column":null}},"44":{"start":{"line":165,"column":15},"end":{"line":165,"column":null}},"45":{"start":{"line":166,"column":2},"end":{"line":166,"column":null}},"46":{"start":{"line":173,"column":2},"end":{"line":175,"column":null}},"47":{"start":{"line":174,"column":4},"end":{"line":174,"column":null}},"48":{"start":{"line":174,"column":25},"end":{"line":174,"column":70}},"49":{"start":{"line":182,"column":2},"end":{"line":184,"column":null}},"50":{"start":{"line":183,"column":4},"end":{"line":183,"column":null}},"51":{"start":{"line":183,"column":26},"end":{"line":183,"column":71}},"52":{"start":{"line":193,"column":2},"end":{"line":200,"column":null}},"53":{"start":{"line":208,"column":2},"end":{"line":208,"column":null}},"54":{"start":{"line":208,"column":29},"end":{"line":208,"column":37}},"55":{"start":{"line":208,"column":50},"end":{"line":208,"column":96}},"56":{"start":{"line":213,"column":2},"end":{"line":213,"column":null}},"57":{"start":{"line":213,"column":29},"end":{"line":213,"column":87}},"58":{"start":{"line":221,"column":2},"end":{"line":221,"column":null}},"59":{"start":{"line":231,"column":2},"end":{"line":231,"column":null}},"60":{"start":{"line":238,"column":2},"end":{"line":238,"column":null}},"61":{"start":{"line":250,"column":14},"end":{"line":250,"column":null}},"62":{"start":{"line":251,"column":3},"end":{"line":255,"column":null}},"63":{"start":{"line":251,"column":31},"end":{"line":251,"column":40}},"64":{"start":{"line":252,"column":20},"end":{"line":252,"column":null}},"65":{"start":{"line":253,"column":4},"end":{"line":253,"column":null}},"66":{"start":{"line":253,"column":23},"end":{"line":253,"column":null}},"67":{"start":{"line":254,"column":4},"end":{"line":254,"column":null}},"68":{"start":{"line":256,"column":2},"end":{"line":256,"column":null}},"69":{"start":{"line":266,"column":18},"end":{"line":266,"column":null}},"70":{"start":{"line":266,"column":40},"end":{"line":266,"column":76}},"71":{"start":{"line":267,"column":2},"end":{"line":267,"column":null}},"72":{"start":{"line":267,"column":28},"end":{"line":267,"column":null}},"73":{"start":{"line":268,"column":2},"end":{"line":268,"column":null}},"74":{"start":{"line":276,"column":2},"end":{"line":278,"column":null}},"75":{"start":{"line":277,"column":14},"end":{"line":277,"column":57}},"76":{"start":{"line":289,"column":21},"end":{"line":289,"column":null}},"77":{"start":{"line":290,"column":17},"end":{"line":290,"column":null}},"78":{"start":{"line":290,"column":44},"end":{"line":290,"column":61}},"79":{"start":{"line":291,"column":2},"end":{"line":291,"column":null}},"80":{"start":{"line":291,"column":15},"end":{"line":291,"column":null}},"81":{"start":{"line":293,"column":2},"end":{"line":317,"column":null}},"82":{"start":{"line":294,"column":4},"end":{"line":316,"column":null}},"83":{"start":{"line":295,"column":6},"end":{"line":295,"column":null}},"84":{"start":{"line":295,"column":39},"end":{"line":295,"column":53}},"85":{"start":{"line":295,"column":56},"end":{"line":295,"column":null}},"86":{"start":{"line":296,"column":20},"end":{"line":296,"column":null}},"87":{"start":{"line":297,"column":22},"end":{"line":309,"column":null}},"88":{"start":{"line":305,"column":52},"end":{"line":305,"column":66}},"89":{"start":{"line":305,"column":78},"end":{"line":305,"column":85}},"90":{"start":{"line":311,"column":6},"end":{"line":314,"column":null}},"91":{"start":{"line":312,"column":30},"end":{"line":312,"column":null}},"92":{"start":{"line":312,"column":58},"end":{"line":312,"column":89}},"93":{"start":{"line":313,"column":8},"end":{"line":313,"column":null}},"94":{"start":{"line":313,"column":27},"end":{"line":313,"column":null}},"95":{"start":{"line":315,"column":6},"end":{"line":315,"column":null}},"96":{"start":{"line":318,"column":2},"end":{"line":318,"column":null}},"97":{"start":{"line":329,"column":21},"end":{"line":329,"column":null}},"98":{"start":{"line":330,"column":2},"end":{"line":330,"column":null}},"99":{"start":{"line":330,"column":22},"end":{"line":330,"column":null}},"100":{"start":{"line":332,"column":2},"end":{"line":343,"column":null}},"101":{"start":{"line":333,"column":4},"end":{"line":342,"column":null}},"102":{"start":{"line":334,"column":6},"end":{"line":334,"column":null}},"103":{"start":{"line":334,"column":39},"end":{"line":334,"column":53}},"104":{"start":{"line":334,"column":56},"end":{"line":334,"column":null}},"105":{"start":{"line":335,"column":21},"end":{"line":335,"column":null}},"106":{"start":{"line":336,"column":6},"end":{"line":341,"column":null}},"107":{"start":{"line":340,"column":47},"end":{"line":340,"column":69}},"108":{"start":{"line":344,"column":2},"end":{"line":344,"column":null}},"109":{"start":{"line":354,"column":13},"end":{"line":354,"column":null}},"110":{"start":{"line":355,"column":2},"end":{"line":359,"column":null}},"111":{"start":{"line":356,"column":41},"end":{"line":356,"column":67}},"112":{"start":{"line":357,"column":41},"end":{"line":357,"column":67}},"113":{"start":{"line":358,"column":41},"end":{"line":358,"column":65}},"114":{"start":{"line":367,"column":18},"end":{"line":367,"column":null}},"115":{"start":{"line":368,"column":15},"end":{"line":368,"column":null}},"116":{"start":{"line":369,"column":2},"end":{"line":370,"column":null}},"117":{"start":{"line":369,"column":35},"end":{"line":369,"column":null}},"118":{"start":{"line":370,"column":7},"end":{"line":370,"column":null}},"119":{"start":{"line":371,"column":2},"end":{"line":371,"column":null}},"120":{"start":{"line":372,"column":2},"end":{"line":372,"column":null}},"121":{"start":{"line":382,"column":16},"end":{"line":382,"column":null}},"122":{"start":{"line":383,"column":2},"end":{"line":383,"column":null}},"123":{"start":{"line":393,"column":2},"end":{"line":393,"column":null}},"124":{"start":{"line":393,"column":21},"end":{"line":393,"column":null}},"125":{"start":{"line":394,"column":2},"end":{"line":394,"column":null}},"126":{"start":{"line":394,"column":32},"end":{"line":394,"column":null}},"127":{"start":{"line":395,"column":2},"end":{"line":395,"column":null}},"128":{"start":{"line":401,"column":2},"end":{"line":401,"column":null}},"129":{"start":{"line":411,"column":16},"end":{"line":411,"column":null}},"130":{"start":{"line":411,"column":42},"end":{"line":411,"column":57}},"131":{"start":{"line":412,"column":26},"end":{"line":412,"column":null}},"132":{"start":{"line":412,"column":45},"end":{"line":412,"column":85}},"133":{"start":{"line":412,"column":75},"end":{"line":412,"column":84}},"134":{"start":{"line":413,"column":18},"end":{"line":413,"column":null}},"135":{"start":{"line":413,"column":49},"end":{"line":413,"column":105}},"136":{"start":{"line":413,"column":79},"end":{"line":413,"column":87}},"137":{"start":{"line":413,"column":98},"end":{"line":413,"column":104}},"138":{"start":{"line":415,"column":16},"end":{"line":415,"column":null}},"139":{"start":{"line":416,"column":2},"end":{"line":422,"column":null}},"140":{"start":{"line":417,"column":4},"end":{"line":421,"column":null}},"141":{"start":{"line":417,"column":57},"end":{"line":417,"column":65}},"142":{"start":{"line":418,"column":6},"end":{"line":418,"column":null}},"143":{"start":{"line":418,"column":26},"end":{"line":418,"column":null}},"144":{"start":{"line":419,"column":6},"end":{"line":419,"column":null}},"145":{"start":{"line":420,"column":6},"end":{"line":420,"column":null}},"146":{"start":{"line":424,"column":15},"end":{"line":424,"column":null}},"147":{"start":{"line":425,"column":15},"end":{"line":425,"column":null}},"148":{"start":{"line":425,"column":22},"end":{"line":425,"column":null}},"149":{"start":{"line":427,"column":3},"end":{"line":443,"column":null}},"150":{"start":{"line":427,"column":35},"end":{"line":427,"column":54}},"151":{"start":{"line":428,"column":14},"end":{"line":428,"column":null}},"152":{"start":{"line":429,"column":19},"end":{"line":429,"column":null}},"153":{"start":{"line":429,"column":53},"end":{"line":429,"column":74}},"154":{"start":{"line":429,"column":85},"end":{"line":429,"column":91}},"155":{"start":{"line":430,"column":4},"end":{"line":430,"column":null}},"156":{"start":{"line":430,"column":24},"end":{"line":430,"column":null}},"157":{"start":{"line":431,"column":15},"end":{"line":431,"column":24}},"158":{"start":{"line":431,"column":31},"end":{"line":431,"column":null}},"159":{"start":{"line":432,"column":4},"end":{"line":442,"column":null}},"160":{"start":{"line":445,"column":2},"end":{"line":461,"column":3}},"161":{"start":{"line":446,"column":4},"end":{"line":450,"column":null}},"162":{"start":{"line":446,"column":23},"end":{"line":450,"column":null}},"163":{"start":{"line":451,"column":4},"end":{"line":455,"column":null}},"164":{"start":{"line":451,"column":39},"end":{"line":455,"column":null}},"165":{"start":{"line":456,"column":4},"end":{"line":458,"column":null}},"166":{"start":{"line":456,"column":38},"end":{"line":458,"column":null}},"167":{"start":{"line":461,"column":3},"end":{"line":466,"column":null}},"168":{"start":{"line":461,"column":27},"end":{"line":461,"column":46}},"169":{"start":{"line":461,"column":73},"end":{"line":466,"column":5}},"170":{"start":{"line":468,"column":2},"end":{"line":484,"column":null}},"171":{"start":{"line":486,"column":2},"end":{"line":486,"column":null}},"172":{"start":{"line":486,"column":25},"end":{"line":486,"column":44}}},"fnMap":{"0":{"name":"uid","decl":{"start":{"line":6,"column":16},"end":{"line":6,"column":19}},"loc":{"start":{"line":6,"column":22},"end":{"line":6,"column":null}},"line":6},"1":{"name":"initials","decl":{"start":{"line":8,"column":16},"end":{"line":8,"column":24}},"loc":{"start":{"line":8,"column":31},"end":{"line":10,"column":null}},"line":8},"2":{"name":"(anonymous_2)","decl":{"start":{"line":9,"column":29},"end":{"line":9,"column":30}},"loc":{"start":{"line":9,"column":34},"end":{"line":9,"column":38}},"line":9},"3":{"name":"playerColor","decl":{"start":{"line":13,"column":16},"end":{"line":13,"column":27}},"loc":{"start":{"line":13,"column":33},"end":{"line":13,"column":null}},"line":13},"4":{"name":"normalizeRoomSettings","decl":{"start":{"line":22,"column":16},"end":{"line":22,"column":37}},"loc":{"start":{"line":22,"column":48},"end":{"line":31,"column":null}},"line":22},"5":{"name":"simulateBattleToEnd","decl":{"start":{"line":62,"column":16},"end":{"line":62,"column":35}},"loc":{"start":{"line":62,"column":42},"end":{"line":114,"column":null}},"line":62},"6":{"name":"(anonymous_6)","decl":{"start":{"line":63,"column":51},"end":{"line":63,"column":52}},"loc":{"start":{"line":63,"column":56},"end":{"line":63,"column":92}},"line":63},"7":{"name":"(anonymous_7)","decl":{"start":{"line":79,"column":28},"end":{"line":79,"column":29}},"loc":{"start":{"line":79,"column":33},"end":{"line":79,"column":79}},"line":79},"8":{"name":"(anonymous_8)","decl":{"start":{"line":86,"column":44},"end":{"line":86,"column":47}},"loc":{"start":{"line":86,"column":51},"end":{"line":101,"column":5}},"line":86},"9":{"name":"(anonymous_9)","decl":{"start":{"line":87,"column":60},"end":{"line":87,"column":61}},"loc":{"start":{"line":87,"column":65},"end":{"line":100,"column":7}},"line":87},"10":{"name":"(anonymous_10)","decl":{"start":{"line":88,"column":26},"end":{"line":88,"column":28}},"loc":{"start":{"line":88,"column":32},"end":{"line":88,"column":46}},"line":88},"11":{"name":"(anonymous_11)","decl":{"start":{"line":96,"column":37},"end":{"line":96,"column":39}},"loc":{"start":{"line":96,"column":43},"end":{"line":96,"column":57}},"line":96},"12":{"name":"(anonymous_12)","decl":{"start":{"line":96,"column":63},"end":{"line":96,"column":65}},"loc":{"start":{"line":96,"column":69},"end":{"line":96,"column":76}},"line":96},"13":{"name":"makeBotCombatants","decl":{"start":{"line":138,"column":16},"end":{"line":138,"column":33}},"loc":{"start":{"line":138,"column":95},"end":{"line":144,"column":null}},"line":138},"14":{"name":"(anonymous_14)","decl":{"start":{"line":139,"column":61},"end":{"line":139,"column":62}},"loc":{"start":{"line":139,"column":75},"end":{"line":143,"column":3}},"line":139},"15":{"name":"makeBots","decl":{"start":{"line":147,"column":16},"end":{"line":147,"column":24}},"loc":{"start":{"line":147,"column":36},"end":{"line":155,"column":null}},"line":147},"16":{"name":"(anonymous_16)","decl":{"start":{"line":148,"column":39},"end":{"line":148,"column":40}},"loc":{"start":{"line":148,"column":50},"end":{"line":154,"column":3}},"line":148},"17":{"name":"slotMatchesPrevWinner","decl":{"start":{"line":163,"column":16},"end":{"line":163,"column":37}},"loc":{"start":{"line":163,"column":79},"end":{"line":167,"column":null}},"line":163},"18":{"name":"areAllPrevWinnersPlaced","decl":{"start":{"line":172,"column":16},"end":{"line":172,"column":39}},"loc":{"start":{"line":172,"column":71},"end":{"line":176,"column":null}},"line":172},"19":{"name":"(anonymous_19)","decl":{"start":{"line":173,"column":27},"end":{"line":173,"column":28}},"loc":{"start":{"line":174,"column":4},"end":{"line":174,"column":null}},"line":174},"20":{"name":"(anonymous_20)","decl":{"start":{"line":174,"column":15},"end":{"line":174,"column":16}},"loc":{"start":{"line":174,"column":25},"end":{"line":174,"column":70}},"line":174},"21":{"name":"getUnplacedWinners","decl":{"start":{"line":181,"column":16},"end":{"line":181,"column":34}},"loc":{"start":{"line":181,"column":66},"end":{"line":185,"column":null}},"line":181},"22":{"name":"(anonymous_22)","decl":{"start":{"line":182,"column":28},"end":{"line":182,"column":29}},"loc":{"start":{"line":183,"column":4},"end":{"line":183,"column":null}},"line":183},"23":{"name":"(anonymous_23)","decl":{"start":{"line":183,"column":16},"end":{"line":183,"column":17}},"loc":{"start":{"line":183,"column":26},"end":{"line":183,"column":71}},"line":183},"24":{"name":"buildCombatantFromDraft","decl":{"start":{"line":192,"column":16},"end":{"line":192,"column":39}},"loc":{"start":{"line":192,"column":93},"end":{"line":201,"column":null}},"line":192},"25":{"name":"isDraftComplete","decl":{"start":{"line":207,"column":16},"end":{"line":207,"column":31}},"loc":{"start":{"line":207,"column":69},"end":{"line":209,"column":null}},"line":207},"26":{"name":"(anonymous_26)","decl":{"start":{"line":208,"column":24},"end":{"line":208,"column":25}},"loc":{"start":{"line":208,"column":29},"end":{"line":208,"column":37}},"line":208},"27":{"name":"(anonymous_27)","decl":{"start":{"line":208,"column":45},"end":{"line":208,"column":46}},"loc":{"start":{"line":208,"column":50},"end":{"line":208,"column":96}},"line":208},"28":{"name":"getReadyPlayerCount","decl":{"start":{"line":212,"column":16},"end":{"line":212,"column":35}},"loc":{"start":{"line":212,"column":73},"end":{"line":214,"column":null}},"line":212},"29":{"name":"(anonymous_29)","decl":{"start":{"line":213,"column":24},"end":{"line":213,"column":25}},"loc":{"start":{"line":213,"column":29},"end":{"line":213,"column":87}},"line":213},"30":{"name":"canForceStart","decl":{"start":{"line":220,"column":16},"end":{"line":220,"column":29}},"loc":{"start":{"line":220,"column":68},"end":{"line":222,"column":null}},"line":220},"31":{"name":"canUndoLastRound","decl":{"start":{"line":230,"column":16},"end":{"line":230,"column":32}},"loc":{"start":{"line":230,"column":62},"end":{"line":232,"column":null}},"line":230},"32":{"name":"canEditCombatant","decl":{"start":{"line":237,"column":16},"end":{"line":237,"column":32}},"loc":{"start":{"line":237,"column":60},"end":{"line":239,"column":null}},"line":237},"33":{"name":"extractPreviousWinners","decl":{"start":{"line":249,"column":16},"end":{"line":249,"column":38}},"loc":{"start":{"line":249,"column":47},"end":{"line":257,"column":null}},"line":249},"34":{"name":"(anonymous_34)","decl":{"start":{"line":251,"column":25},"end":{"line":251,"column":27}},"loc":{"start":{"line":251,"column":31},"end":{"line":251,"column":40}},"line":251},"35":{"name":"(anonymous_35)","decl":{"start":{"line":251,"column":50},"end":{"line":251,"column":52}},"loc":{"start":{"line":251,"column":56},"end":{"line":255,"column":3}},"line":251},"36":{"name":"totalRoundsFor","decl":{"start":{"line":265,"column":16},"end":{"line":265,"column":30}},"loc":{"start":{"line":265,"column":37},"end":{"line":269,"column":null}},"line":265},"37":{"name":"(anonymous_37)","decl":{"start":{"line":266,"column":35},"end":{"line":266,"column":36}},"loc":{"start":{"line":266,"column":40},"end":{"line":266,"column":76}},"line":266},"38":{"name":"matchupForRound","decl":{"start":{"line":275,"column":16},"end":{"line":275,"column":31}},"loc":{"start":{"line":275,"column":48},"end":{"line":279,"column":null}},"line":275},"39":{"name":"(anonymous_39)","decl":{"start":{"line":277,"column":9},"end":{"line":277,"column":10}},"loc":{"start":{"line":277,"column":14},"end":{"line":277,"column":57}},"line":277},"40":{"name":"applyWinner","decl":{"start":{"line":288,"column":16},"end":{"line":288,"column":27}},"loc":{"start":{"line":288,"column":51},"end":{"line":319,"column":null}},"line":288},"41":{"name":"(anonymous_41)","decl":{"start":{"line":290,"column":39},"end":{"line":290,"column":40}},"loc":{"start":{"line":290,"column":44},"end":{"line":290,"column":61}},"line":290},"42":{"name":"(anonymous_42)","decl":{"start":{"line":293,"column":34},"end":{"line":293,"column":37}},"loc":{"start":{"line":293,"column":41},"end":{"line":317,"column":3}},"line":293},"43":{"name":"(anonymous_43)","decl":{"start":{"line":294,"column":42},"end":{"line":294,"column":43}},"loc":{"start":{"line":294,"column":47},"end":{"line":316,"column":5}},"line":294},"44":{"name":"(anonymous_44)","decl":{"start":{"line":295,"column":33},"end":{"line":295,"column":35}},"loc":{"start":{"line":295,"column":39},"end":{"line":295,"column":53}},"line":295},"45":{"name":"(anonymous_45)","decl":{"start":{"line":305,"column":46},"end":{"line":305,"column":48}},"loc":{"start":{"line":305,"column":52},"end":{"line":305,"column":66}},"line":305},"46":{"name":"(anonymous_46)","decl":{"start":{"line":305,"column":72},"end":{"line":305,"column":74}},"loc":{"start":{"line":305,"column":78},"end":{"line":305,"column":85}},"line":305},"47":{"name":"(anonymous_47)","decl":{"start":{"line":312,"column":52},"end":{"line":312,"column":54}},"loc":{"start":{"line":312,"column":58},"end":{"line":312,"column":89}},"line":312},"48":{"name":"undoRound","decl":{"start":{"line":328,"column":16},"end":{"line":328,"column":25}},"loc":{"start":{"line":328,"column":39},"end":{"line":345,"column":null}},"line":328},"49":{"name":"(anonymous_49)","decl":{"start":{"line":332,"column":34},"end":{"line":332,"column":37}},"loc":{"start":{"line":332,"column":41},"end":{"line":343,"column":3}},"line":332},"50":{"name":"(anonymous_50)","decl":{"start":{"line":333,"column":42},"end":{"line":333,"column":43}},"loc":{"start":{"line":333,"column":47},"end":{"line":342,"column":5}},"line":333},"51":{"name":"(anonymous_51)","decl":{"start":{"line":334,"column":33},"end":{"line":334,"column":35}},"loc":{"start":{"line":334,"column":39},"end":{"line":334,"column":53}},"line":334},"52":{"name":"(anonymous_52)","decl":{"start":{"line":340,"column":42},"end":{"line":340,"column":43}},"loc":{"start":{"line":340,"column":47},"end":{"line":340,"column":69}},"line":340},"53":{"name":"tallyReactions","decl":{"start":{"line":353,"column":16},"end":{"line":353,"column":30}},"loc":{"start":{"line":353,"column":61},"end":{"line":360,"column":null}},"line":353},"54":{"name":"(anonymous_54)","decl":{"start":{"line":356,"column":36},"end":{"line":356,"column":37}},"loc":{"start":{"line":356,"column":41},"end":{"line":356,"column":67}},"line":356},"55":{"name":"(anonymous_55)","decl":{"start":{"line":357,"column":36},"end":{"line":357,"column":37}},"loc":{"start":{"line":357,"column":41},"end":{"line":357,"column":67}},"line":357},"56":{"name":"(anonymous_56)","decl":{"start":{"line":358,"column":36},"end":{"line":358,"column":37}},"loc":{"start":{"line":358,"column":41},"end":{"line":358,"column":65}},"line":358},"57":{"name":"toggleReaction","decl":{"start":{"line":366,"column":16},"end":{"line":366,"column":30}},"loc":{"start":{"line":366,"column":78},"end":{"line":373,"column":null}},"line":366},"58":{"name":"isFinalRound","decl":{"start":{"line":381,"column":16},"end":{"line":381,"column":28}},"loc":{"start":{"line":381,"column":35},"end":{"line":384,"column":null}},"line":381},"59":{"name":"authFlowFor","decl":{"start":{"line":392,"column":16},"end":{"line":392,"column":27}},"loc":{"start":{"line":392,"column":42},"end":{"line":396,"column":null}},"line":392},"60":{"name":"ownerLabel","decl":{"start":{"line":400,"column":16},"end":{"line":400,"column":26}},"loc":{"start":{"line":400,"column":42},"end":{"line":402,"column":null}},"line":400},"61":{"name":"buildTickerMessages","decl":{"start":{"line":410,"column":16},"end":{"line":410,"column":35}},"loc":{"start":{"line":410,"column":43},"end":{"line":487,"column":null}},"line":410},"62":{"name":"(anonymous_62)","decl":{"start":{"line":411,"column":37},"end":{"line":411,"column":38}},"loc":{"start":{"line":411,"column":42},"end":{"line":411,"column":57}},"line":411},"63":{"name":"(anonymous_63)","decl":{"start":{"line":412,"column":40},"end":{"line":412,"column":41}},"loc":{"start":{"line":412,"column":45},"end":{"line":412,"column":85}},"line":412},"64":{"name":"(anonymous_64)","decl":{"start":{"line":412,"column":69},"end":{"line":412,"column":71}},"loc":{"start":{"line":412,"column":75},"end":{"line":412,"column":84}},"line":412},"65":{"name":"(anonymous_65)","decl":{"start":{"line":413,"column":44},"end":{"line":413,"column":45}},"loc":{"start":{"line":413,"column":49},"end":{"line":413,"column":105}},"line":413},"66":{"name":"(anonymous_66)","decl":{"start":{"line":413,"column":74},"end":{"line":413,"column":75}},"loc":{"start":{"line":413,"column":79},"end":{"line":413,"column":87}},"line":413},"67":{"name":"(anonymous_67)","decl":{"start":{"line":413,"column":93},"end":{"line":413,"column":94}},"loc":{"start":{"line":413,"column":98},"end":{"line":413,"column":104}},"line":413},"68":{"name":"(anonymous_68)","decl":{"start":{"line":416,"column":16},"end":{"line":416,"column":17}},"loc":{"start":{"line":416,"column":21},"end":{"line":422,"column":3}},"line":416},"69":{"name":"(anonymous_69)","decl":{"start":{"line":417,"column":52},"end":{"line":417,"column":53}},"loc":{"start":{"line":417,"column":57},"end":{"line":417,"column":65}},"line":417},"70":{"name":"(anonymous_70)","decl":{"start":{"line":417,"column":75},"end":{"line":417,"column":76}},"loc":{"start":{"line":417,"column":80},"end":{"line":421,"column":5}},"line":417},"71":{"name":"(anonymous_71)","decl":{"start":{"line":425,"column":15},"end":{"line":425,"column":18}},"loc":{"start":{"line":425,"column":22},"end":{"line":425,"column":null}},"line":425},"72":{"name":"(anonymous_72)","decl":{"start":{"line":427,"column":29},"end":{"line":427,"column":30}},"loc":{"start":{"line":427,"column":35},"end":{"line":427,"column":54}},"line":427},"73":{"name":"(anonymous_73)","decl":{"start":{"line":427,"column":77},"end":{"line":427,"column":79}},"loc":{"start":{"line":427,"column":83},"end":{"line":443,"column":3}},"line":427},"74":{"name":"(anonymous_74)","decl":{"start":{"line":429,"column":48},"end":{"line":429,"column":49}},"loc":{"start":{"line":429,"column":53},"end":{"line":429,"column":74}},"line":429},"75":{"name":"(anonymous_75)","decl":{"start":{"line":429,"column":80},"end":{"line":429,"column":81}},"loc":{"start":{"line":429,"column":85},"end":{"line":429,"column":91}},"line":429},"76":{"name":"(anonymous_76)","decl":{"start":{"line":445,"column":32},"end":{"line":445,"column":33}},"loc":{"start":{"line":445,"column":47},"end":{"line":459,"column":3}},"line":445},"77":{"name":"(anonymous_77)","decl":{"start":{"line":461,"column":21},"end":{"line":461,"column":22}},"loc":{"start":{"line":461,"column":27},"end":{"line":461,"column":46}},"line":461},"78":{"name":"(anonymous_78)","decl":{"start":{"line":461,"column":68},"end":{"line":461,"column":69}},"loc":{"start":{"line":461,"column":73},"end":{"line":466,"column":5}},"line":461},"79":{"name":"(anonymous_79)","decl":{"start":{"line":486,"column":19},"end":{"line":486,"column":20}},"loc":{"start":{"line":486,"column":25},"end":{"line":486,"column":44}},"line":486}},"branchMap":{"0":{"loc":{"start":{"line":63,"column":57},"end":{"line":63,"column":84}},"type":"binary-expr","locations":[{"start":{"line":63,"column":57},"end":{"line":63,"column":78}},{"start":{"line":63,"column":82},"end":{"line":63,"column":84}}],"line":63},"1":{"loc":{"start":{"line":68,"column":26},"end":{"line":68,"column":null}},"type":"cond-expr","locations":[{"start":{"line":68,"column":53},"end":{"line":68,"column":93}},{"start":{"line":68,"column":96},"end":{"line":68,"column":null}}],"line":68},"2":{"loc":{"start":{"line":69,"column":20},"end":{"line":71,"column":null}},"type":"cond-expr","locations":[{"start":{"line":70,"column":6},"end":{"line":70,"column":null}},{"start":{"line":71,"column":6},"end":{"line":71,"column":null}}],"line":69},"3":{"loc":{"start":{"line":69,"column":20},"end":{"line":69,"column":null}},"type":"binary-expr","locations":[{"start":{"line":69,"column":20},"end":{"line":69,"column":35}},{"start":{"line":69,"column":39},"end":{"line":69,"column":null}}],"line":69},"4":{"loc":{"start":{"line":76,"column":27},"end":{"line":76,"column":null}},"type":"binary-expr","locations":[{"start":{"line":76,"column":27},"end":{"line":76,"column":60}},{"start":{"line":76,"column":64},"end":{"line":76,"column":null}}],"line":76},"5":{"loc":{"start":{"line":77,"column":20},"end":{"line":79,"column":null}},"type":"cond-expr","locations":[{"start":{"line":78,"column":8},"end":{"line":78,"column":null}},{"start":{"line":79,"column":8},"end":{"line":79,"column":null}}],"line":77},"6":{"loc":{"start":{"line":79,"column":34},"end":{"line":79,"column":64}},"type":"binary-expr","locations":[{"start":{"line":79,"column":34},"end":{"line":79,"column":58}},{"start":{"line":79,"column":62},"end":{"line":79,"column":64}}],"line":79},"7":{"loc":{"start":{"line":81,"column":4},"end":{"line":81,"column":null}},"type":"if","locations":[{"start":{"line":81,"column":4},"end":{"line":81,"column":null}},{"start":{},"end":{}}],"line":81},"8":{"loc":{"start":{"line":83,"column":20},"end":{"line":83,"column":null}},"type":"cond-expr","locations":[{"start":{"line":83,"column":37},"end":{"line":83,"column":68}},{"start":{"line":83,"column":71},"end":{"line":83,"column":null}}],"line":83},"9":{"loc":{"start":{"line":88,"column":8},"end":{"line":88,"column":null}},"type":"if","locations":[{"start":{"line":88,"column":8},"end":{"line":88,"column":null}},{"start":{},"end":{}}],"line":88},"10":{"loc":{"start":{"line":92,"column":26},"end":{"line":92,"column":39}},"type":"cond-expr","locations":[{"start":{"line":92,"column":34},"end":{"line":92,"column":35}},{"start":{"line":92,"column":38},"end":{"line":92,"column":39}}],"line":92},"11":{"loc":{"start":{"line":93,"column":30},"end":{"line":93,"column":43}},"type":"cond-expr","locations":[{"start":{"line":93,"column":38},"end":{"line":93,"column":39}},{"start":{"line":93,"column":42},"end":{"line":93,"column":43}}],"line":93},"12":{"loc":{"start":{"line":94,"column":24},"end":{"line":94,"column":39}},"type":"binary-expr","locations":[{"start":{"line":94,"column":24},"end":{"line":94,"column":33}},{"start":{"line":94,"column":37},"end":{"line":94,"column":39}}],"line":94},"13":{"loc":{"start":{"line":97,"column":20},"end":{"line":97,"column":42}},"type":"cond-expr","locations":[{"start":{"line":97,"column":28},"end":{"line":97,"column":33}},{"start":{"line":97,"column":36},"end":{"line":97,"column":42}}],"line":97},"14":{"loc":{"start":{"line":103,"column":4},"end":{"line":109,"column":null}},"type":"if","locations":[{"start":{"line":103,"column":4},"end":{"line":109,"column":null}},{"start":{"line":106,"column":11},"end":{"line":109,"column":null}}],"line":103},"15":{"loc":{"start":{"line":138,"column":58},"end":{"line":138,"column":93}},"type":"default-arg","locations":[{"start":{"line":138,"column":91},"end":{"line":138,"column":93}}],"line":138},"16":{"loc":{"start":{"line":138,"column":60},"end":{"line":138,"column":74}},"type":"default-arg","locations":[{"start":{"line":138,"column":73},"end":{"line":138,"column":74}}],"line":138},"17":{"loc":{"start":{"line":138,"column":76},"end":{"line":138,"column":86}},"type":"default-arg","locations":[{"start":{"line":138,"column":83},"end":{"line":138,"column":86}}],"line":138},"18":{"loc":{"start":{"line":147,"column":25},"end":{"line":147,"column":34}},"type":"default-arg","locations":[{"start":{"line":147,"column":33},"end":{"line":147,"column":34}}],"line":147},"19":{"loc":{"start":{"line":150,"column":10},"end":{"line":150,"column":52}},"type":"binary-expr","locations":[{"start":{"line":150,"column":10},"end":{"line":150,"column":38}},{"start":{"line":150,"column":42},"end":{"line":150,"column":52}}],"line":150},"20":{"loc":{"start":{"line":164,"column":16},"end":{"line":164,"column":38}},"type":"binary-expr","locations":[{"start":{"line":164,"column":16},"end":{"line":164,"column":32}},{"start":{"line":164,"column":36},"end":{"line":164,"column":38}}],"line":164},"21":{"loc":{"start":{"line":165,"column":15},"end":{"line":165,"column":null}},"type":"binary-expr","locations":[{"start":{"line":165,"column":15},"end":{"line":165,"column":35}},{"start":{"line":165,"column":39},"end":{"line":165,"column":null}}],"line":165},"22":{"loc":{"start":{"line":166,"column":9},"end":{"line":166,"column":null}},"type":"binary-expr","locations":[{"start":{"line":166,"column":9},"end":{"line":166,"column":47}},{"start":{"line":166,"column":52},"end":{"line":166,"column":64}},{"start":{"line":166,"column":68},"end":{"line":166,"column":89}}],"line":166},"23":{"loc":{"start":{"line":192,"column":81},"end":{"line":192,"column":91}},"type":"default-arg","locations":[{"start":{"line":192,"column":88},"end":{"line":192,"column":91}}],"line":192},"24":{"loc":{"start":{"line":194,"column":8},"end":{"line":194,"column":26}},"type":"binary-expr","locations":[{"start":{"line":194,"column":8},"end":{"line":194,"column":16}},{"start":{"line":194,"column":20},"end":{"line":194,"column":26}}],"line":194},"25":{"loc":{"start":{"line":207,"column":53},"end":{"line":207,"column":67}},"type":"default-arg","locations":[{"start":{"line":207,"column":66},"end":{"line":207,"column":67}}],"line":207},"26":{"loc":{"start":{"line":208,"column":51},"end":{"line":208,"column":73}},"type":"binary-expr","locations":[{"start":{"line":208,"column":51},"end":{"line":208,"column":67}},{"start":{"line":208,"column":71},"end":{"line":208,"column":73}}],"line":208},"27":{"loc":{"start":{"line":212,"column":57},"end":{"line":212,"column":71}},"type":"default-arg","locations":[{"start":{"line":212,"column":70},"end":{"line":212,"column":71}}],"line":212},"28":{"loc":{"start":{"line":213,"column":29},"end":{"line":213,"column":87}},"type":"binary-expr","locations":[{"start":{"line":213,"column":29},"end":{"line":213,"column":37}},{"start":{"line":213,"column":41},"end":{"line":213,"column":87}}],"line":213},"29":{"loc":{"start":{"line":213,"column":42},"end":{"line":213,"column":64}},"type":"binary-expr","locations":[{"start":{"line":213,"column":42},"end":{"line":213,"column":58}},{"start":{"line":213,"column":62},"end":{"line":213,"column":64}}],"line":213},"30":{"loc":{"start":{"line":221,"column":9},"end":{"line":221,"column":null}},"type":"binary-expr","locations":[{"start":{"line":221,"column":9},"end":{"line":221,"column":15}},{"start":{"line":221,"column":19},"end":{"line":221,"column":34}},{"start":{"line":221,"column":38},"end":{"line":221,"column":null}}],"line":221},"31":{"loc":{"start":{"line":231,"column":9},"end":{"line":231,"column":null}},"type":"binary-expr","locations":[{"start":{"line":231,"column":9},"end":{"line":231,"column":15}},{"start":{"line":231,"column":19},"end":{"line":231,"column":35}},{"start":{"line":231,"column":39},"end":{"line":231,"column":null}}],"line":231},"32":{"loc":{"start":{"line":238,"column":9},"end":{"line":238,"column":null}},"type":"binary-expr","locations":[{"start":{"line":238,"column":9},"end":{"line":238,"column":29}},{"start":{"line":238,"column":33},"end":{"line":238,"column":null}}],"line":238},"33":{"loc":{"start":{"line":251,"column":4},"end":{"line":251,"column":16}},"type":"binary-expr","locations":[{"start":{"line":251,"column":4},"end":{"line":251,"column":10}},{"start":{"line":251,"column":14},"end":{"line":251,"column":16}}],"line":251},"34":{"loc":{"start":{"line":253,"column":4},"end":{"line":253,"column":null}},"type":"if","locations":[{"start":{"line":253,"column":4},"end":{"line":253,"column":null}},{"start":{},"end":{}}],"line":253},"35":{"loc":{"start":{"line":254,"column":69},"end":{"line":254,"column":88}},"type":"binary-expr","locations":[{"start":{"line":254,"column":69},"end":{"line":254,"column":82}},{"start":{"line":254,"column":86},"end":{"line":254,"column":88}}],"line":254},"36":{"loc":{"start":{"line":266,"column":41},"end":{"line":266,"column":68}},"type":"binary-expr","locations":[{"start":{"line":266,"column":41},"end":{"line":266,"column":62}},{"start":{"line":266,"column":66},"end":{"line":266,"column":68}}],"line":266},"37":{"loc":{"start":{"line":267,"column":2},"end":{"line":267,"column":null}},"type":"if","locations":[{"start":{"line":267,"column":2},"end":{"line":267,"column":null}},{"start":{},"end":{}}],"line":267},"38":{"loc":{"start":{"line":277,"column":15},"end":{"line":277,"column":42}},"type":"binary-expr","locations":[{"start":{"line":277,"column":15},"end":{"line":277,"column":36}},{"start":{"line":277,"column":40},"end":{"line":277,"column":42}}],"line":277},"39":{"loc":{"start":{"line":291,"column":2},"end":{"line":291,"column":null}},"type":"if","locations":[{"start":{"line":291,"column":2},"end":{"line":291,"column":null}},{"start":{},"end":{}}],"line":291},"40":{"loc":{"start":{"line":295,"column":6},"end":{"line":295,"column":null}},"type":"if","locations":[{"start":{"line":295,"column":6},"end":{"line":295,"column":null}},{"start":{},"end":{}}],"line":295},"41":{"loc":{"start":{"line":299,"column":28},"end":{"line":299,"column":41}},"type":"cond-expr","locations":[{"start":{"line":299,"column":36},"end":{"line":299,"column":37}},{"start":{"line":299,"column":40},"end":{"line":299,"column":41}}],"line":299},"42":{"loc":{"start":{"line":300,"column":28},"end":{"line":300,"column":41}},"type":"cond-expr","locations":[{"start":{"line":300,"column":36},"end":{"line":300,"column":37}},{"start":{"line":300,"column":40},"end":{"line":300,"column":41}}],"line":300},"43":{"loc":{"start":{"line":302,"column":14},"end":{"line":302,"column":29}},"type":"binary-expr","locations":[{"start":{"line":302,"column":14},"end":{"line":302,"column":23}},{"start":{"line":302,"column":27},"end":{"line":302,"column":29}}],"line":302},"44":{"loc":{"start":{"line":306,"column":22},"end":{"line":306,"column":44}},"type":"cond-expr","locations":[{"start":{"line":306,"column":30},"end":{"line":306,"column":35}},{"start":{"line":306,"column":38},"end":{"line":306,"column":44}}],"line":306},"45":{"loc":{"start":{"line":311,"column":6},"end":{"line":314,"column":null}},"type":"if","locations":[{"start":{"line":311,"column":6},"end":{"line":314,"column":null}},{"start":{},"end":{}}],"line":311},"46":{"loc":{"start":{"line":313,"column":8},"end":{"line":313,"column":null}},"type":"if","locations":[{"start":{"line":313,"column":8},"end":{"line":313,"column":null}},{"start":{},"end":{}}],"line":313},"47":{"loc":{"start":{"line":330,"column":2},"end":{"line":330,"column":null}},"type":"if","locations":[{"start":{"line":330,"column":2},"end":{"line":330,"column":null}},{"start":{},"end":{}}],"line":330},"48":{"loc":{"start":{"line":334,"column":6},"end":{"line":334,"column":null}},"type":"if","locations":[{"start":{"line":334,"column":6},"end":{"line":334,"column":null}},{"start":{},"end":{}}],"line":334},"49":{"loc":{"start":{"line":338,"column":41},"end":{"line":338,"column":55}},"type":"cond-expr","locations":[{"start":{"line":338,"column":50},"end":{"line":338,"column":51}},{"start":{"line":338,"column":54},"end":{"line":338,"column":55}}],"line":338},"50":{"loc":{"start":{"line":339,"column":41},"end":{"line":339,"column":55}},"type":"cond-expr","locations":[{"start":{"line":339,"column":50},"end":{"line":339,"column":51}},{"start":{"line":339,"column":54},"end":{"line":339,"column":55}}],"line":339},"51":{"loc":{"start":{"line":340,"column":18},"end":{"line":340,"column":33}},"type":"binary-expr","locations":[{"start":{"line":340,"column":18},"end":{"line":340,"column":27}},{"start":{"line":340,"column":31},"end":{"line":340,"column":33}}],"line":340},"52":{"loc":{"start":{"line":354,"column":13},"end":{"line":354,"column":null}},"type":"binary-expr","locations":[{"start":{"line":354,"column":13},"end":{"line":354,"column":28}},{"start":{"line":354,"column":32},"end":{"line":354,"column":null}}],"line":354},"53":{"loc":{"start":{"line":367,"column":24},"end":{"line":367,"column":45}},"type":"binary-expr","locations":[{"start":{"line":367,"column":24},"end":{"line":367,"column":39}},{"start":{"line":367,"column":43},"end":{"line":367,"column":45}}],"line":367},"54":{"loc":{"start":{"line":368,"column":21},"end":{"line":368,"column":44}},"type":"binary-expr","locations":[{"start":{"line":368,"column":21},"end":{"line":368,"column":38}},{"start":{"line":368,"column":42},"end":{"line":368,"column":44}}],"line":368},"55":{"loc":{"start":{"line":369,"column":2},"end":{"line":370,"column":null}},"type":"if","locations":[{"start":{"line":369,"column":2},"end":{"line":370,"column":null}},{"start":{"line":370,"column":7},"end":{"line":370,"column":null}}],"line":369},"56":{"loc":{"start":{"line":383,"column":9},"end":{"line":383,"column":null}},"type":"binary-expr","locations":[{"start":{"line":383,"column":9},"end":{"line":383,"column":18}},{"start":{"line":383,"column":22},"end":{"line":383,"column":null}}],"line":383},"57":{"loc":{"start":{"line":393,"column":2},"end":{"line":393,"column":null}},"type":"if","locations":[{"start":{"line":393,"column":2},"end":{"line":393,"column":null}},{"start":{},"end":{}}],"line":393},"58":{"loc":{"start":{"line":394,"column":2},"end":{"line":394,"column":null}},"type":"if","locations":[{"start":{"line":394,"column":2},"end":{"line":394,"column":null}},{"start":{},"end":{}}],"line":394},"59":{"loc":{"start":{"line":401,"column":9},"end":{"line":401,"column":null}},"type":"cond-expr","locations":[{"start":{"line":401,"column":19},"end":{"line":401,"column":36}},{"start":{"line":401,"column":39},"end":{"line":401,"column":null}}],"line":401},"60":{"loc":{"start":{"line":411,"column":17},"end":{"line":411,"column":28}},"type":"binary-expr","locations":[{"start":{"line":411,"column":17},"end":{"line":411,"column":22}},{"start":{"line":411,"column":26},"end":{"line":411,"column":28}}],"line":411},"61":{"loc":{"start":{"line":411,"column":42},"end":{"line":411,"column":57}},"type":"binary-expr","locations":[{"start":{"line":411,"column":42},"end":{"line":411,"column":43}},{"start":{"line":411,"column":47},"end":{"line":411,"column":57}}],"line":411},"62":{"loc":{"start":{"line":412,"column":46},"end":{"line":412,"column":60}},"type":"binary-expr","locations":[{"start":{"line":412,"column":46},"end":{"line":412,"column":54}},{"start":{"line":412,"column":58},"end":{"line":412,"column":60}}],"line":412},"63":{"loc":{"start":{"line":413,"column":50},"end":{"line":413,"column":65}},"type":"binary-expr","locations":[{"start":{"line":413,"column":50},"end":{"line":413,"column":59}},{"start":{"line":413,"column":63},"end":{"line":413,"column":65}}],"line":413},"64":{"loc":{"start":{"line":417,"column":18},"end":{"line":417,"column":36}},"type":"binary-expr","locations":[{"start":{"line":417,"column":18},"end":{"line":417,"column":30}},{"start":{"line":417,"column":34},"end":{"line":417,"column":36}}],"line":417},"65":{"loc":{"start":{"line":418,"column":6},"end":{"line":418,"column":null}},"type":"if","locations":[{"start":{"line":418,"column":6},"end":{"line":418,"column":null}},{"start":{},"end":{}}],"line":418},"66":{"loc":{"start":{"line":419,"column":30},"end":{"line":419,"column":null}},"type":"binary-expr","locations":[{"start":{"line":419,"column":30},"end":{"line":419,"column":36}},{"start":{"line":419,"column":42},"end":{"line":419,"column":null}}],"line":419},"67":{"loc":{"start":{"line":420,"column":30},"end":{"line":420,"column":null}},"type":"binary-expr","locations":[{"start":{"line":420,"column":30},"end":{"line":420,"column":38}},{"start":{"line":420,"column":42},"end":{"line":420,"column":null}}],"line":420},"68":{"loc":{"start":{"line":429,"column":20},"end":{"line":429,"column":39}},"type":"binary-expr","locations":[{"start":{"line":429,"column":20},"end":{"line":429,"column":33}},{"start":{"line":429,"column":37},"end":{"line":429,"column":39}}],"line":429},"69":{"loc":{"start":{"line":430,"column":4},"end":{"line":430,"column":null}},"type":"if","locations":[{"start":{"line":430,"column":4},"end":{"line":430,"column":null}},{"start":{},"end":{}}],"line":430},"70":{"loc":{"start":{"line":437,"column":6},"end":{"line":438,"column":92}},"type":"cond-expr","locations":[{"start":{"line":437,"column":11},"end":{"line":437,"column":null}},{"start":{"line":438,"column":11},"end":{"line":438,"column":92}}],"line":437},"71":{"loc":{"start":{"line":446,"column":4},"end":{"line":450,"column":null}},"type":"if","locations":[{"start":{"line":446,"column":4},"end":{"line":450,"column":null}},{"start":{},"end":{}}],"line":446},"72":{"loc":{"start":{"line":451,"column":4},"end":{"line":455,"column":null}},"type":"if","locations":[{"start":{"line":451,"column":4},"end":{"line":455,"column":null}},{"start":{},"end":{}}],"line":451},"73":{"loc":{"start":{"line":451,"column":8},"end":{"line":451,"column":37}},"type":"binary-expr","locations":[{"start":{"line":451,"column":8},"end":{"line":451,"column":19}},{"start":{"line":451,"column":23},"end":{"line":451,"column":37}}],"line":451},"74":{"loc":{"start":{"line":456,"column":4},"end":{"line":458,"column":null}},"type":"if","locations":[{"start":{"line":456,"column":4},"end":{"line":458,"column":null}},{"start":{},"end":{}}],"line":456},"75":{"loc":{"start":{"line":456,"column":8},"end":{"line":456,"column":36}},"type":"binary-expr","locations":[{"start":{"line":456,"column":8},"end":{"line":456,"column":19}},{"start":{"line":456,"column":23},"end":{"line":456,"column":36}}],"line":456}},"s":{"0":72,"1":4,"2":7,"3":1,"4":24,"5":5,"6":1,"7":1,"8":11,"9":22,"10":11,"11":11,"12":11,"13":11,"14":11,"15":72,"16":72,"17":142,"18":72,"19":0,"20":72,"21":72,"22":72,"23":144,"24":1137,"25":2202,"26":993,"27":144,"28":144,"29":288,"30":144,"31":72,"32":1,"33":71,"34":71,"35":72,"36":72,"37":1,"38":1,"39":11,"40":82,"41":6,"42":12,"43":42,"44":42,"45":42,"46":5,"47":7,"48":16,"49":4,"50":7,"51":17,"52":5,"53":7,"54":11,"55":10,"56":6,"57":12,"58":5,"59":5,"60":4,"61":8,"62":8,"63":7,"64":6,"65":6,"66":5,"67":6,"68":8,"69":8,"70":16,"71":8,"72":0,"73":8,"74":3,"75":6,"76":11,"77":11,"78":12,"79":11,"80":1,"81":10,"82":20,"83":104,"84":198,"85":84,"86":20,"87":20,"88":40,"89":20,"90":104,"91":2,"92":4,"93":2,"94":1,"95":20,"96":10,"97":5,"98":5,"99":0,"100":5,"101":10,"102":80,"103":155,"104":70,"105":10,"106":10,"107":4,"108":5,"109":5,"110":5,"111":4,"112":4,"113":4,"114":5,"115":5,"116":5,"117":1,"118":4,"119":5,"120":5,"121":4,"122":4,"123":4,"124":2,"125":2,"126":1,"127":1,"128":2,"129":9,"130":6,"131":9,"132":3,"133":1,"134":9,"135":3,"136":3,"137":3,"138":9,"139":9,"140":3,"141":3,"142":3,"143":3,"144":3,"145":3,"146":9,"147":9,"148":6,"149":9,"150":0,"151":1,"152":1,"153":2,"154":1,"155":1,"156":0,"157":1,"158":1,"159":1,"160":9,"161":3,"162":1,"163":3,"164":1,"165":3,"166":0,"167":9,"168":0,"169":3,"170":9,"171":9,"172":386},"f":{"0":72,"1":4,"2":7,"3":24,"4":5,"5":11,"6":22,"7":142,"8":144,"9":1137,"10":2202,"11":288,"12":144,"13":11,"14":82,"15":6,"16":12,"17":42,"18":5,"19":7,"20":16,"21":4,"22":7,"23":17,"24":5,"25":7,"26":11,"27":10,"28":6,"29":12,"30":5,"31":5,"32":4,"33":8,"34":7,"35":6,"36":8,"37":16,"38":3,"39":6,"40":11,"41":12,"42":20,"43":104,"44":198,"45":40,"46":20,"47":4,"48":5,"49":10,"50":80,"51":155,"52":4,"53":5,"54":4,"55":4,"56":4,"57":5,"58":4,"59":4,"60":2,"61":9,"62":6,"63":3,"64":1,"65":3,"66":3,"67":3,"68":3,"69":3,"70":3,"71":6,"72":0,"73":1,"74":2,"75":1,"76":3,"77":0,"78":3,"79":386},"b":{"0":[22,0],"1":[2,9],"2":[1,10],"3":[11,2],"4":[72,1],"5":[1,71],"6":[142,0],"7":[0,72],"8":[1,71],"9":[993,144],"10":[72,72],"11":[72,72],"12":[1137,0],"13":[72,72],"14":[1,71],"15":[11],"16":[11],"17":[11],"18":[6],"19":[12,1],"20":[42,20],"21":[42,40],"22":[42,30,2],"23":[5],"24":[5,4],"25":[7],"26":[10,1],"27":[6],"28":[12,11],"29":[11,2],"30":[5,4,2],"31":[5,4,3],"32":[4,2],"33":[8,2],"34":[5,1],"35":[6,3],"36":[16,1],"37":[0,8],"38":[6,0],"39":[1,10],"40":[84,20],"41":[10,10],"42":[10,10],"43":[104,0],"44":[10,10],"45":[2,102],"46":[1,1],"47":[0,5],"48":[70,10],"49":[5,5],"50":[5,5],"51":[80,0],"52":[5,2],"53":[5,0],"54":[5,2],"55":[1,4],"56":[4,4],"57":[2,2],"58":[1,1],"59":[1,1],"60":[9,2],"61":[6,4],"62":[3,0],"63":[3,0],"64":[3,0],"65":[3,0],"66":[3,2],"67":[3,2],"68":[1,0],"69":[0,1],"70":[0,1],"71":[1,2],"72":[1,2],"73":[3,1],"74":[0,3],"75":[3,1]},"meta":{"lastBranch":76,"lastFunction":80,"lastStatement":173,"seen":{"f:6:16:6:19":0,"s:6:24:6:69":0,"f:8:16:8:24":1,"s:9:2:9:Infinity":1,"f:9:29:9:30":2,"s:9:34:9:38":2,"s:12:22:12:Infinity":3,"f:13:16:13:27":3,"s:13:35:13:69":4,"f:22:16:22:37":4,"s:23:2:30:Infinity":5,"s:36:32:41:Infinity":6,"s:42:31:55:Infinity":7,"f:62:16:62:35":5,"s:63:22:63:Infinity":8,"f:63:51:63:52":6,"s:63:56:63:92":9,"b:63:57:63:78:63:82:63:84":0,"s:64:16:64:Infinity":10,"s:68:26:68:Infinity":11,"b:68:53:68:93:68:96:68:Infinity":1,"s:69:20:71:Infinity":12,"b:70:6:70:Infinity:71:6:71:Infinity":2,"b:69:20:69:35:69:39:69:Infinity":3,"s:73:2:110:Infinity":13,"s:73:22:73:31":14,"s:76:27:76:Infinity":15,"b:76:27:76:60:76:64:76:Infinity":4,"s:77:20:79:Infinity":16,"b:78:8:78:Infinity:79:8:79:Infinity":5,"f:79:28:79:29":7,"s:79:33:79:79":17,"b:79:34:79:58:79:62:79:64":6,"b:81:4:81:Infinity:undefined:undefined:undefined:undefined":7,"s:81:4:81:Infinity":18,"s:81:25:81:Infinity":19,"s:82:19:82:Infinity":20,"s:83:20:83:Infinity":21,"b:83:37:83:68:83:71:83:Infinity":8,"s:86:4:101:Infinity":22,"f:86:44:86:47":8,"s:87:6:100:Infinity":23,"f:87:60:87:61":9,"b:88:8:88:Infinity:undefined:undefined:undefined:undefined":9,"s:88:8:88:Infinity":24,"f:88:26:88:28":10,"s:88:32:88:46":25,"s:88:49:88:Infinity":26,"s:89:22:89:Infinity":27,"s:90:8:99:Infinity":28,"b:92:34:92:35:92:38:92:39":10,"b:93:38:93:39:93:42:93:43":11,"b:94:24:94:33:94:37:94:39":12,"f:96:37:96:39":11,"s:96:43:96:57":29,"f:96:63:96:65":12,"s:96:69:96:76":30,"b:97:28:97:33:97:36:97:42":13,"b:103:4:109:Infinity:106:11:109:Infinity":14,"s:103:4:109:Infinity":31,"s:105:6:105:Infinity":32,"s:107:6:107:Infinity":33,"s:108:6:108:Infinity":34,"s:112:2:112:Infinity":35,"s:113:2:113:Infinity":36,"s:118:30:121:Infinity":37,"s:122:24:131:Infinity":38,"f:138:16:138:33":13,"b:138:91:138:93":15,"b:138:73:138:74":16,"b:138:83:138:86":17,"s:139:2:143:Infinity":39,"f:139:61:139:62":14,"s:139:75:143:3":40,"f:147:16:147:24":15,"b:147:33:147:34":18,"s:148:2:154:Infinity":41,"f:148:39:148:40":16,"s:148:50:154:3":42,"b:150:10:150:38:150:42:150:52":19,"f:163:16:163:37":17,"s:164:15:164:Infinity":43,"b:164:16:164:32:164:36:164:38":20,"s:165:15:165:Infinity":44,"b:165:15:165:35:165:39:165:Infinity":21,"s:166:2:166:Infinity":45,"b:166:9:166:47:166:52:166:64:166:68:166:89":22,"f:172:16:172:39":18,"s:173:2:175:Infinity":46,"f:173:27:173:28":19,"s:174:4:174:Infinity":47,"f:174:15:174:16":20,"s:174:25:174:70":48,"f:181:16:181:34":21,"s:182:2:184:Infinity":49,"f:182:28:182:29":22,"s:183:4:183:Infinity":50,"f:183:16:183:17":23,"s:183:26:183:71":51,"f:192:16:192:39":24,"b:192:88:192:91":23,"s:193:2:200:Infinity":52,"b:194:8:194:16:194:20:194:26":24,"f:207:16:207:31":25,"b:207:66:207:67":25,"s:208:2:208:Infinity":53,"f:208:24:208:25":26,"s:208:29:208:37":54,"f:208:45:208:46":27,"s:208:50:208:96":55,"b:208:51:208:67:208:71:208:73":26,"f:212:16:212:35":28,"b:212:70:212:71":27,"s:213:2:213:Infinity":56,"f:213:24:213:25":29,"s:213:29:213:87":57,"b:213:29:213:37:213:41:213:87":28,"b:213:42:213:58:213:62:213:64":29,"f:220:16:220:29":30,"s:221:2:221:Infinity":58,"b:221:9:221:15:221:19:221:34:221:38:221:Infinity":30,"f:230:16:230:32":31,"s:231:2:231:Infinity":59,"b:231:9:231:15:231:19:231:35:231:39:231:Infinity":31,"f:237:16:237:32":32,"s:238:2:238:Infinity":60,"b:238:9:238:29:238:33:238:Infinity":32,"f:249:16:249:38":33,"s:250:14:250:Infinity":61,"s:251:3:255:Infinity":62,"b:251:4:251:10:251:14:251:16":33,"f:251:25:251:27":34,"s:251:31:251:40":63,"f:251:50:251:52":35,"s:252:20:252:Infinity":64,"b:253:4:253:Infinity:undefined:undefined:undefined:undefined":34,"s:253:4:253:Infinity":65,"s:253:23:253:Infinity":66,"s:254:4:254:Infinity":67,"b:254:69:254:82:254:86:254:88":35,"s:256:2:256:Infinity":68,"f:265:16:265:30":36,"s:266:18:266:Infinity":69,"f:266:35:266:36":37,"s:266:40:266:76":70,"b:266:41:266:62:266:66:266:68":36,"b:267:2:267:Infinity:undefined:undefined:undefined:undefined":37,"s:267:2:267:Infinity":71,"s:267:28:267:Infinity":72,"s:268:2:268:Infinity":73,"f:275:16:275:31":38,"s:276:2:278:Infinity":74,"f:277:9:277:10":39,"s:277:14:277:57":75,"b:277:15:277:36:277:40:277:42":38,"f:288:16:288:27":40,"s:289:21:289:Infinity":76,"s:290:17:290:Infinity":77,"f:290:39:290:40":41,"s:290:44:290:61":78,"b:291:2:291:Infinity:undefined:undefined:undefined:undefined":39,"s:291:2:291:Infinity":79,"s:291:15:291:Infinity":80,"s:293:2:317:Infinity":81,"f:293:34:293:37":42,"s:294:4:316:Infinity":82,"f:294:42:294:43":43,"b:295:6:295:Infinity:undefined:undefined:undefined:undefined":40,"s:295:6:295:Infinity":83,"f:295:33:295:35":44,"s:295:39:295:53":84,"s:295:56:295:Infinity":85,"s:296:20:296:Infinity":86,"s:297:22:309:Infinity":87,"b:299:36:299:37:299:40:299:41":41,"b:300:36:300:37:300:40:300:41":42,"b:302:14:302:23:302:27:302:29":43,"f:305:46:305:48":45,"s:305:52:305:66":88,"f:305:72:305:74":46,"s:305:78:305:85":89,"b:306:30:306:35:306:38:306:44":44,"b:311:6:314:Infinity:undefined:undefined:undefined:undefined":45,"s:311:6:314:Infinity":90,"s:312:30:312:Infinity":91,"f:312:52:312:54":47,"s:312:58:312:89":92,"b:313:8:313:Infinity:undefined:undefined:undefined:undefined":46,"s:313:8:313:Infinity":93,"s:313:27:313:Infinity":94,"s:315:6:315:Infinity":95,"s:318:2:318:Infinity":96,"f:328:16:328:25":48,"s:329:21:329:Infinity":97,"b:330:2:330:Infinity:undefined:undefined:undefined:undefined":47,"s:330:2:330:Infinity":98,"s:330:22:330:Infinity":99,"s:332:2:343:Infinity":100,"f:332:34:332:37":49,"s:333:4:342:Infinity":101,"f:333:42:333:43":50,"b:334:6:334:Infinity:undefined:undefined:undefined:undefined":48,"s:334:6:334:Infinity":102,"f:334:33:334:35":51,"s:334:39:334:53":103,"s:334:56:334:Infinity":104,"s:335:21:335:Infinity":105,"s:336:6:341:Infinity":106,"b:338:50:338:51:338:54:338:55":49,"b:339:50:339:51:339:54:339:55":50,"b:340:18:340:27:340:31:340:33":51,"f:340:42:340:43":52,"s:340:47:340:69":107,"s:344:2:344:Infinity":108,"f:353:16:353:30":53,"s:354:13:354:Infinity":109,"b:354:13:354:28:354:32:354:Infinity":52,"s:355:2:359:Infinity":110,"f:356:36:356:37":54,"s:356:41:356:67":111,"f:357:36:357:37":55,"s:357:41:357:67":112,"f:358:36:358:37":56,"s:358:41:358:65":113,"f:366:16:366:30":57,"s:367:18:367:Infinity":114,"b:367:24:367:39:367:43:367:45":53,"s:368:15:368:Infinity":115,"b:368:21:368:38:368:42:368:44":54,"b:369:2:370:Infinity:370:7:370:Infinity":55,"s:369:2:370:Infinity":116,"s:369:35:369:Infinity":117,"s:370:7:370:Infinity":118,"s:371:2:371:Infinity":119,"s:372:2:372:Infinity":120,"f:381:16:381:28":58,"s:382:16:382:Infinity":121,"s:383:2:383:Infinity":122,"b:383:9:383:18:383:22:383:Infinity":56,"f:392:16:392:27":59,"b:393:2:393:Infinity:undefined:undefined:undefined:undefined":57,"s:393:2:393:Infinity":123,"s:393:21:393:Infinity":124,"b:394:2:394:Infinity:undefined:undefined:undefined:undefined":58,"s:394:2:394:Infinity":125,"s:394:32:394:Infinity":126,"s:395:2:395:Infinity":127,"f:400:16:400:26":60,"s:401:2:401:Infinity":128,"b:401:19:401:36:401:39:401:Infinity":59,"f:410:16:410:35":61,"s:411:16:411:Infinity":129,"b:411:17:411:22:411:26:411:28":60,"f:411:37:411:38":62,"s:411:42:411:57":130,"b:411:42:411:43:411:47:411:57":61,"s:412:26:412:Infinity":131,"f:412:40:412:41":63,"s:412:45:412:85":132,"b:412:46:412:54:412:58:412:60":62,"f:412:69:412:71":64,"s:412:75:412:84":133,"s:413:18:413:Infinity":134,"f:413:44:413:45":65,"s:413:49:413:105":135,"b:413:50:413:59:413:63:413:65":63,"f:413:74:413:75":66,"s:413:79:413:87":136,"f:413:93:413:94":67,"s:413:98:413:104":137,"s:415:16:415:Infinity":138,"s:416:2:422:Infinity":139,"f:416:16:416:17":68,"s:417:4:421:Infinity":140,"b:417:18:417:30:417:34:417:36":64,"f:417:52:417:53":69,"s:417:57:417:65":141,"f:417:75:417:76":70,"b:418:6:418:Infinity:undefined:undefined:undefined:undefined":65,"s:418:6:418:Infinity":142,"s:418:26:418:Infinity":143,"s:419:6:419:Infinity":144,"b:419:30:419:36:419:42:419:Infinity":66,"s:420:6:420:Infinity":145,"b:420:30:420:38:420:42:420:Infinity":67,"s:424:15:424:Infinity":146,"s:425:15:425:Infinity":147,"f:425:15:425:18":71,"s:425:22:425:Infinity":148,"s:427:3:443:Infinity":149,"f:427:29:427:30":72,"s:427:35:427:54":150,"f:427:77:427:79":73,"s:428:14:428:Infinity":151,"s:429:19:429:Infinity":152,"b:429:20:429:33:429:37:429:39":68,"f:429:48:429:49":74,"s:429:53:429:74":153,"f:429:80:429:81":75,"s:429:85:429:91":154,"b:430:4:430:Infinity:undefined:undefined:undefined:undefined":69,"s:430:4:430:Infinity":155,"s:430:24:430:Infinity":156,"s:431:15:431:24":157,"s:431:31:431:Infinity":158,"s:432:4:442:Infinity":159,"b:437:11:437:Infinity:438:11:438:92":70,"s:445:2:461:3":160,"f:445:32:445:33":76,"b:446:4:450:Infinity:undefined:undefined:undefined:undefined":71,"s:446:4:450:Infinity":161,"s:446:23:450:Infinity":162,"b:451:4:455:Infinity:undefined:undefined:undefined:undefined":72,"s:451:4:455:Infinity":163,"b:451:8:451:19:451:23:451:37":73,"s:451:39:455:Infinity":164,"b:456:4:458:Infinity:undefined:undefined:undefined:undefined":74,"s:456:4:458:Infinity":165,"b:456:8:456:19:456:23:456:36":75,"s:456:38:458:Infinity":166,"s:461:3:466:Infinity":167,"f:461:21:461:22":77,"s:461:27:461:46":168,"f:461:68:461:69":78,"s:461:73:466:5":169,"s:468:2:484:Infinity":170,"s:486:2:486:Infinity":171,"f:486:19:486:20":79,"s:486:25:486:44":172}}}
}
