{"D:\\Projects\\eights\\src\\adminLogic.js": {"path":"D:\\Projects\\eights\\src\\adminLogic.js","statementMap":{"0":{"start":{"line":16,"column":16},"end":{"line":16,"column":null}},"1":{"start":{"line":18,"column":2},"end":{"line":34,"column":null}},"2":{"start":{"line":19,"column":4},"end":{"line":19,"column":null}},"3":{"start":{"line":19,"column":31},"end":{"line":19,"column":null}},"4":{"start":{"line":20,"column":4},"end":{"line":33,"column":null}},"5":{"start":{"line":21,"column":6},"end":{"line":21,"column":null}},"6":{"start":{"line":21,"column":25},"end":{"line":21,"column":null}},"7":{"start":{"line":22,"column":6},"end":{"line":32,"column":null}},"8":{"start":{"line":23,"column":8},"end":{"line":23,"column":null}},"9":{"start":{"line":23,"column":26},"end":{"line":23,"column":null}},"10":{"start":{"line":24,"column":8},"end":{"line":25,"column":null}},"11":{"start":{"line":24,"column":38},"end":{"line":24,"column":null}},"12":{"start":{"line":25,"column":13},"end":{"line":25,"column":null}},"13":{"start":{"line":26,"column":19},"end":{"line":26,"column":null}},"14":{"start":{"line":27,"column":8},"end":{"line":31,"column":null}},"15":{"start":{"line":28,"column":10},"end":{"line":28,"column":null}},"16":{"start":{"line":28,"column":43},"end":{"line":28,"column":null}},"17":{"start":{"line":29,"column":10},"end":{"line":29,"column":null}},"18":{"start":{"line":29,"column":43},"end":{"line":29,"column":null}},"19":{"start":{"line":30,"column":10},"end":{"line":30,"column":null}},"20":{"start":{"line":30,"column":43},"end":{"line":30,"column":null}},"21":{"start":{"line":36,"column":2},"end":{"line":36,"column":null}},"22":{"start":{"line":48,"column":2},"end":{"line":59,"column":null}},"23":{"start":{"line":50,"column":16},"end":{"line":50,"column":null}},"24":{"start":{"line":51,"column":20},"end":{"line":51,"column":null}},"25":{"start":{"line":52,"column":6},"end":{"line":52,"column":null}},"26":{"start":{"line":52,"column":50},"end":{"line":52,"column":null}},"27":{"start":{"line":53,"column":6},"end":{"line":53,"column":null}},"28":{"start":{"line":53,"column":50},"end":{"line":53,"column":null}},"29":{"start":{"line":54,"column":6},"end":{"line":54,"column":null}},"30":{"start":{"line":54,"column":50},"end":{"line":54,"column":null}},"31":{"start":{"line":55,"column":6},"end":{"line":55,"column":null}},"32":{"start":{"line":55,"column":50},"end":{"line":55,"column":null}},"33":{"start":{"line":56,"column":6},"end":{"line":56,"column":null}},"34":{"start":{"line":56,"column":50},"end":{"line":56,"column":null}},"35":{"start":{"line":57,"column":6},"end":{"line":57,"column":null}},"36":{"start":{"line":74,"column":2},"end":{"line":74,"column":null}},"37":{"start":{"line":74,"column":25},"end":{"line":74,"column":null}},"38":{"start":{"line":75,"column":29},"end":{"line":75,"column":null}},"39":{"start":{"line":75,"column":47},"end":{"line":75,"column":91}},"40":{"start":{"line":75,"column":75},"end":{"line":75,"column":90}},"41":{"start":{"line":76,"column":29},"end":{"line":76,"column":null}},"42":{"start":{"line":76,"column":52},"end":{"line":76,"column":73}},"43":{"start":{"line":77,"column":2},"end":{"line":77,"column":null}},"44":{"start":{"line":91,"column":18},"end":{"line":91,"column":null}},"45":{"start":{"line":94,"column":2},"end":{"line":96,"column":null}},"46":{"start":{"line":95,"column":4},"end":{"line":95,"column":null}},"47":{"start":{"line":99,"column":2},"end":{"line":99,"column":null}},"48":{"start":{"line":99,"column":28},"end":{"line":99,"column":null}},"49":{"start":{"line":102,"column":24},"end":{"line":102,"column":null}},"50":{"start":{"line":103,"column":24},"end":{"line":103,"column":null}},"51":{"start":{"line":104,"column":2},"end":{"line":109,"column":null}},"52":{"start":{"line":105,"column":19},"end":{"line":105,"column":null}},"53":{"start":{"line":106,"column":4},"end":{"line":108,"column":null}},"54":{"start":{"line":107,"column":6},"end":{"line":107,"column":null}},"55":{"start":{"line":110,"column":2},"end":{"line":110,"column":null}},"56":{"start":{"line":113,"column":2},"end":{"line":119,"column":null}},"57":{"start":{"line":114,"column":15},"end":{"line":114,"column":null}},"58":{"start":{"line":115,"column":4},"end":{"line":117,"column":null}},"59":{"start":{"line":116,"column":6},"end":{"line":116,"column":null}},"60":{"start":{"line":118,"column":4},"end":{"line":118,"column":null}},"61":{"start":{"line":122,"column":2},"end":{"line":128,"column":null}},"62":{"start":{"line":123,"column":19},"end":{"line":123,"column":null}},"63":{"start":{"line":124,"column":4},"end":{"line":126,"column":null}},"64":{"start":{"line":125,"column":6},"end":{"line":125,"column":null}},"65":{"start":{"line":127,"column":4},"end":{"line":127,"column":null}},"66":{"start":{"line":130,"column":2},"end":{"line":130,"column":null}}},"fnMap":{"0":{"name":"recalcStatsFromRooms","decl":{"start":{"line":15,"column":16},"end":{"line":15,"column":36}},"loc":{"start":{"line":15,"column":44},"end":{"line":37,"column":null}},"line":15},"1":{"name":"diffStats","decl":{"start":{"line":47,"column":16},"end":{"line":47,"column":25}},"loc":{"start":{"line":47,"column":59},"end":{"line":60,"column":null}},"line":47},"2":{"name":"(anonymous_2)","decl":{"start":{"line":49,"column":9},"end":{"line":49,"column":10}},"loc":{"start":{"line":49,"column":14},"end":{"line":58,"column":5}},"line":49},"3":{"name":"planMerge","decl":{"start":{"line":73,"column":16},"end":{"line":73,"column":25}},"loc":{"start":{"line":73,"column":61},"end":{"line":78,"column":null}},"line":73},"4":{"name":"(anonymous_4)","decl":{"start":{"line":75,"column":42},"end":{"line":75,"column":43}},"loc":{"start":{"line":75,"column":47},"end":{"line":75,"column":91}},"line":75},"5":{"name":"(anonymous_5)","decl":{"start":{"line":75,"column":70},"end":{"line":75,"column":71}},"loc":{"start":{"line":75,"column":75},"end":{"line":75,"column":90}},"line":75},"6":{"name":"(anonymous_6)","decl":{"start":{"line":76,"column":47},"end":{"line":76,"column":48}},"loc":{"start":{"line":76,"column":52},"end":{"line":76,"column":73}},"line":76},"7":{"name":"applyMergeToRoom","decl":{"start":{"line":90,"column":16},"end":{"line":90,"column":32}},"loc":{"start":{"line":90,"column":53},"end":{"line":131,"column":null}},"line":90},"8":{"name":"(anonymous_8)","decl":{"start":{"line":94,"column":45},"end":{"line":94,"column":46}},"loc":{"start":{"line":95,"column":4},"end":{"line":95,"column":null}},"line":95},"9":{"name":"(anonymous_9)","decl":{"start":{"line":106,"column":37},"end":{"line":106,"column":38}},"loc":{"start":{"line":107,"column":6},"end":{"line":107,"column":null}},"line":107}},"branchMap":{"0":{"loc":{"start":{"line":19,"column":4},"end":{"line":19,"column":null}},"type":"if","locations":[{"start":{"line":19,"column":4},"end":{"line":19,"column":null}},{"start":{},"end":{}}],"line":19},"1":{"loc":{"start":{"line":19,"column":8},"end":{"line":19,"column":29}},"type":"binary-expr","locations":[{"start":{"line":19,"column":8},"end":{"line":19,"column":13}},{"start":{"line":19,"column":17},"end":{"line":19,"column":29}}],"line":19},"2":{"loc":{"start":{"line":20,"column":25},"end":{"line":20,"column":42}},"type":"binary-expr","locations":[{"start":{"line":20,"column":25},"end":{"line":20,"column":36}},{"start":{"line":20,"column":40},"end":{"line":20,"column":42}}],"line":20},"3":{"loc":{"start":{"line":21,"column":6},"end":{"line":21,"column":null}},"type":"if","locations":[{"start":{"line":21,"column":6},"end":{"line":21,"column":null}},{"start":{},"end":{}}],"line":21},"4":{"loc":{"start":{"line":22,"column":23},"end":{"line":22,"column":45}},"type":"binary-expr","locations":[{"start":{"line":22,"column":23},"end":{"line":22,"column":39}},{"start":{"line":22,"column":43},"end":{"line":22,"column":45}}],"line":22},"5":{"loc":{"start":{"line":23,"column":8},"end":{"line":23,"column":null}},"type":"if","locations":[{"start":{"line":23,"column":8},"end":{"line":23,"column":null}},{"start":{},"end":{}}],"line":23},"6":{"loc":{"start":{"line":24,"column":8},"end":{"line":25,"column":null}},"type":"if","locations":[{"start":{"line":24,"column":8},"end":{"line":25,"column":null}},{"start":{"line":25,"column":13},"end":{"line":25,"column":null}}],"line":24},"7":{"loc":{"start":{"line":26,"column":19},"end":{"line":26,"column":null}},"type":"binary-expr","locations":[{"start":{"line":26,"column":19},"end":{"line":26,"column":40}},{"start":{"line":26,"column":44},"end":{"line":26,"column":null}}],"line":26},"8":{"loc":{"start":{"line":28,"column":10},"end":{"line":28,"column":null}},"type":"if","locations":[{"start":{"line":28,"column":10},"end":{"line":28,"column":null}},{"start":{},"end":{}}],"line":28},"9":{"loc":{"start":{"line":29,"column":10},"end":{"line":29,"column":null}},"type":"if","locations":[{"start":{"line":29,"column":10},"end":{"line":29,"column":null}},{"start":{},"end":{}}],"line":29},"10":{"loc":{"start":{"line":30,"column":10},"end":{"line":30,"column":null}},"type":"if","locations":[{"start":{"line":30,"column":10},"end":{"line":30,"column":null}},{"start":{},"end":{}}],"line":30},"11":{"loc":{"start":{"line":50,"column":16},"end":{"line":50,"column":null}},"type":"binary-expr","locations":[{"start":{"line":50,"column":16},"end":{"line":50,"column":34}},{"start":{"line":50,"column":38},"end":{"line":50,"column":null}}],"line":50},"12":{"loc":{"start":{"line":52,"column":6},"end":{"line":52,"column":null}},"type":"if","locations":[{"start":{"line":52,"column":6},"end":{"line":52,"column":null}},{"start":{},"end":{}}],"line":52},"13":{"loc":{"start":{"line":52,"column":11},"end":{"line":52,"column":34}},"type":"binary-expr","locations":[{"start":{"line":52,"column":11},"end":{"line":52,"column":17}},{"start":{"line":52,"column":33},"end":{"line":52,"column":34}}],"line":52},"14":{"loc":{"start":{"line":52,"column":72},"end":{"line":52,"column":85}},"type":"binary-expr","locations":[{"start":{"line":52,"column":72},"end":{"line":52,"column":78}},{"start":{"line":52,"column":84},"end":{"line":52,"column":85}}],"line":52},"15":{"loc":{"start":{"line":53,"column":6},"end":{"line":53,"column":null}},"type":"if","locations":[{"start":{"line":53,"column":6},"end":{"line":53,"column":null}},{"start":{},"end":{}}],"line":53},"16":{"loc":{"start":{"line":53,"column":11},"end":{"line":53,"column":34}},"type":"binary-expr","locations":[{"start":{"line":53,"column":11},"end":{"line":53,"column":19}},{"start":{"line":53,"column":33},"end":{"line":53,"column":34}}],"line":53},"17":{"loc":{"start":{"line":53,"column":72},"end":{"line":53,"column":85}},"type":"binary-expr","locations":[{"start":{"line":53,"column":72},"end":{"line":53,"column":80}},{"start":{"line":53,"column":84},"end":{"line":53,"column":85}}],"line":53},"18":{"loc":{"start":{"line":54,"column":6},"end":{"line":54,"column":null}},"type":"if","locations":[{"start":{"line":54,"column":6},"end":{"line":54,"column":null}},{"start":{},"end":{}}],"line":54},"19":{"loc":{"start":{"line":54,"column":11},"end":{"line":54,"column":34}},"type":"binary-expr","locations":[{"start":{"line":54,"column":11},"end":{"line":54,"column":28}},{"start":{"line":54,"column":33},"end":{"line":54,"column":34}}],"line":54},"20":{"loc":{"start":{"line":54,"column":72},"end":{"line":54,"column":95}},"type":"binary-expr","locations":[{"start":{"line":54,"column":72},"end":{"line":54,"column":89}},{"start":{"line":54,"column":94},"end":{"line":54,"column":95}}],"line":54},"21":{"loc":{"start":{"line":55,"column":6},"end":{"line":55,"column":null}},"type":"if","locations":[{"start":{"line":55,"column":6},"end":{"line":55,"column":null}},{"start":{},"end":{}}],"line":55},"22":{"loc":{"start":{"line":55,"column":11},"end":{"line":55,"column":34}},"type":"binary-expr","locations":[{"start":{"line":55,"column":11},"end":{"line":55,"column":28}},{"start":{"line":55,"column":33},"end":{"line":55,"column":34}}],"line":55},"23":{"loc":{"start":{"line":55,"column":72},"end":{"line":55,"column":95}},"type":"binary-expr","locations":[{"start":{"line":55,"column":72},"end":{"line":55,"column":89}},{"start":{"line":55,"column":94},"end":{"line":55,"column":95}}],"line":55},"24":{"loc":{"start":{"line":56,"column":6},"end":{"line":56,"column":null}},"type":"if","locations":[{"start":{"line":56,"column":6},"end":{"line":56,"column":null}},{"start":{},"end":{}}],"line":56},"25":{"loc":{"start":{"line":56,"column":11},"end":{"line":56,"column":34}},"type":"binary-expr","locations":[{"start":{"line":56,"column":11},"end":{"line":56,"column":26}},{"start":{"line":56,"column":33},"end":{"line":56,"column":34}}],"line":56},"26":{"loc":{"start":{"line":56,"column":72},"end":{"line":56,"column":95}},"type":"binary-expr","locations":[{"start":{"line":56,"column":72},"end":{"line":56,"column":87}},{"start":{"line":56,"column":94},"end":{"line":56,"column":95}}],"line":56},"27":{"loc":{"start":{"line":57,"column":13},"end":{"line":57,"column":null}},"type":"cond-expr","locations":[{"start":{"line":57,"column":45},"end":{"line":57,"column":78}},{"start":{"line":57,"column":81},"end":{"line":57,"column":null}}],"line":57},"28":{"loc":{"start":{"line":74,"column":2},"end":{"line":74,"column":null}},"type":"if","locations":[{"start":{"line":74,"column":2},"end":{"line":74,"column":null}},{"start":{},"end":{}}],"line":74},"29":{"loc":{"start":{"line":75,"column":48},"end":{"line":75,"column":63}},"type":"binary-expr","locations":[{"start":{"line":75,"column":48},"end":{"line":75,"column":57}},{"start":{"line":75,"column":61},"end":{"line":75,"column":63}}],"line":75},"30":{"loc":{"start":{"line":94,"column":21},"end":{"line":94,"column":39}},"type":"binary-expr","locations":[{"start":{"line":94,"column":21},"end":{"line":94,"column":33}},{"start":{"line":94,"column":37},"end":{"line":94,"column":39}}],"line":94},"31":{"loc":{"start":{"line":95,"column":4},"end":{"line":95,"column":null}},"type":"cond-expr","locations":[{"start":{"line":95,"column":22},"end":{"line":95,"column":40}},{"start":{"line":95,"column":43},"end":{"line":95,"column":null}}],"line":95},"32":{"loc":{"start":{"line":99,"column":2},"end":{"line":99,"column":null}},"type":"if","locations":[{"start":{"line":99,"column":2},"end":{"line":99,"column":null}},{"start":{},"end":{}}],"line":99},"33":{"loc":{"start":{"line":102,"column":24},"end":{"line":102,"column":null}},"type":"binary-expr","locations":[{"start":{"line":102,"column":24},"end":{"line":102,"column":39}},{"start":{"line":102,"column":43},"end":{"line":102,"column":null}}],"line":102},"34":{"loc":{"start":{"line":105,"column":19},"end":{"line":105,"column":null}},"type":"cond-expr","locations":[{"start":{"line":105,"column":36},"end":{"line":105,"column":40}},{"start":{"line":105,"column":43},"end":{"line":105,"column":null}}],"line":105},"35":{"loc":{"start":{"line":107,"column":6},"end":{"line":107,"column":null}},"type":"cond-expr","locations":[{"start":{"line":107,"column":29},"end":{"line":107,"column":52}},{"start":{"line":107,"column":55},"end":{"line":107,"column":null}}],"line":107},"36":{"loc":{"start":{"line":113,"column":2},"end":{"line":119,"column":null}},"type":"if","locations":[{"start":{"line":113,"column":2},"end":{"line":119,"column":null}},{"start":{},"end":{}}],"line":113},"37":{"loc":{"start":{"line":116,"column":9},"end":{"line":116,"column":36}},"type":"cond-expr","locations":[{"start":{"line":116,"column":26},"end":{"line":116,"column":30}},{"start":{"line":116,"column":33},"end":{"line":116,"column":36}}],"line":116},"38":{"loc":{"start":{"line":122,"column":2},"end":{"line":128,"column":null}},"type":"if","locations":[{"start":{"line":122,"column":2},"end":{"line":128,"column":null}},{"start":{},"end":{}}],"line":122},"39":{"loc":{"start":{"line":125,"column":13},"end":{"line":125,"column":40}},"type":"cond-expr","locations":[{"start":{"line":125,"column":30},"end":{"line":125,"column":34}},{"start":{"line":125,"column":37},"end":{"line":125,"column":40}}],"line":125}},"s":{"0":9,"1":9,"2":11,"3":5,"4":6,"5":7,"6":1,"7":6,"8":12,"9":8,"10":12,"11":6,"12":6,"13":12,"14":12,"15":4,"16":2,"17":4,"18":1,"19":4,"20":0,"21":9,"22":7,"23":8,"24":8,"25":8,"26":3,"27":8,"28":2,"29":8,"30":2,"31":8,"32":0,"33":8,"34":0,"35":8,"36":3,"37":1,"38":2,"39":6,"40":9,"41":2,"42":6,"43":2,"44":10,"45":10,"46":20,"47":10,"48":9,"49":10,"50":10,"51":10,"52":20,"53":20,"54":20,"55":10,"56":10,"57":9,"58":9,"59":18,"60":9,"61":10,"62":9,"63":9,"64":9,"65":9,"66":10},"f":{"0":9,"1":7,"2":8,"3":3,"4":6,"5":9,"6":6,"7":10,"8":20,"9":20},"b":{"0":[5,6],"1":[11,7],"2":[6,0],"3":[1,6],"4":[6,0],"5":[8,4],"6":[6,6],"7":[12,0],"8":[2,2],"9":[1,3],"10":[0,4],"11":[8,2],"12":[3,5],"13":[8,3],"14":[3,1],"15":[2,6],"16":[8,4],"17":[2,2],"18":[2,6],"19":[8,5],"20":[2,2],"21":[0,8],"22":[8,7],"23":[0,0],"24":[0,8],"25":[8,8],"26":[0,0],"27":[5,3],"28":[1,2],"29":[6,0],"30":[10,0],"31":[10,10],"32":[9,1],"33":[10,0],"34":[10,10],"35":[10,10],"36":[9,1],"37":[9,9],"38":[9,1],"39":[9,0]},"meta":{"lastBranch":40,"lastFunction":10,"lastStatement":67,"seen":{"f:15:16:15:36":0,"s:16:16:16:Infinity":0,"s:18:2:34:Infinity":1,"b:19:4:19:Infinity:undefined:undefined:undefined:undefined":0,"s:19:4:19:Infinity":2,"b:19:8:19:13:19:17:19:29":1,"s:19:31:19:Infinity":3,"s:20:4:33:Infinity":4,"b:20:25:20:36:20:40:20:42":2,"b:21:6:21:Infinity:undefined:undefined:undefined:undefined":3,"s:21:6:21:Infinity":5,"s:21:25:21:Infinity":6,"s:22:6:32:Infinity":7,"b:22:23:22:39:22:43:22:45":4,"b:23:8:23:Infinity:undefined:undefined:undefined:undefined":5,"s:23:8:23:Infinity":8,"s:23:26:23:Infinity":9,"b:24:8:25:Infinity:25:13:25:Infinity":6,"s:24:8:25:Infinity":10,"s:24:38:24:Infinity":11,"s:25:13:25:Infinity":12,"s:26:19:26:Infinity":13,"b:26:19:26:40:26:44:26:Infinity":7,"s:27:8:31:Infinity":14,"b:28:10:28:Infinity:undefined:undefined:undefined:undefined":8,"s:28:10:28:Infinity":15,"s:28:43:28:Infinity":16,"b:29:10:29:Infinity:undefined:undefined:undefined:undefined":9,"s:29:10:29:Infinity":17,"s:29:43:29:Infinity":18,"b:30:10:30:Infinity:undefined:undefined:undefined:undefined":10,"s:30:10:30:Infinity":19,"s:30:43:30:Infinity":20,"s:36:2:36:Infinity":21,"f:47:16:47:25":1,"s:48:2:59:Infinity":22,"f:49:9:49:10":2,"s:50:16:50:Infinity":23,"b:50:16:50:34:50:38:50:Infinity":11,"s:51:20:51:Infinity":24,"b:52:6:52:Infinity:undefined:undefined:undefined:undefined":12,"s:52:6:52:Infinity":25,"b:52:11:52:17:52:33:52:34":13,"s:52:50:52:Infinity":26,"b:52:72:52:78:52:84:52:85":14,"b:53:6:53:Infinity:undefined:undefined:undefined:undefined":15,"s:53:6:53:Infinity":27,"b:53:11:53:19:53:33:53:34":16,"s:53:50:53:Infinity":28,"b:53:72:53:80:53:84:53:85":17,"b:54:6:54:Infinity:undefined:undefined:undefined:undefined":18,"s:54:6:54:Infinity":29,"b:54:11:54:28:54:33:54:34":19,"s:54:50:54:Infinity":30,"b:54:72:54:89:54:94:54:95":20,"b:55:6:55:Infinity:undefined:undefined:undefined:undefined":21,"s:55:6:55:Infinity":31,"b:55:11:55:28:55:33:55:34":22,"s:55:50:55:Infinity":32,"b:55:72:55:89:55:94:55:95":23,"b:56:6:56:Infinity:undefined:undefined:undefined:undefined":24,"s:56:6:56:Infinity":33,"b:56:11:56:26:56:33:56:34":25,"s:56:50:56:Infinity":34,"b:56:72:56:87:56:94:56:95":26,"s:57:6:57:Infinity":35,"b:57:45:57:78:57:81:57:Infinity":27,"f:73:16:73:25":3,"b:74:2:74:Infinity:undefined:undefined:undefined:undefined":28,"s:74:2:74:Infinity":36,"s:74:25:74:Infinity":37,"s:75:29:75:Infinity":38,"f:75:42:75:43":4,"s:75:47:75:91":39,"b:75:48:75:57:75:61:75:63":29,"f:75:70:75:71":5,"s:75:75:75:90":40,"s:76:29:76:Infinity":41,"f:76:47:76:48":6,"s:76:52:76:73":42,"s:77:2:77:Infinity":43,"f:90:16:90:32":7,"s:91:18:91:Infinity":44,"s:94:2:96:Infinity":45,"b:94:21:94:33:94:37:94:39":30,"f:94:45:94:46":8,"s:95:4:95:Infinity":46,"b:95:22:95:40:95:43:95:Infinity":31,"b:99:2:99:Infinity:undefined:undefined:undefined:undefined":32,"s:99:2:99:Infinity":47,"s:99:28:99:Infinity":48,"s:102:24:102:Infinity":49,"b:102:24:102:39:102:43:102:Infinity":33,"s:103:24:103:Infinity":50,"s:104:2:109:Infinity":51,"s:105:19:105:Infinity":52,"b:105:36:105:40:105:43:105:Infinity":34,"s:106:4:108:Infinity":53,"f:106:37:106:38":9,"s:107:6:107:Infinity":54,"b:107:29:107:52:107:55:107:Infinity":35,"s:110:2:110:Infinity":55,"b:113:2:119:Infinity:undefined:undefined:undefined:undefined":36,"s:113:2:119:Infinity":56,"s:114:15:114:Infinity":57,"s:115:4:117:Infinity":58,"s:116:6:116:Infinity":59,"b:116:26:116:30:116:33:116:36":37,"s:118:4:118:Infinity":60,"b:122:2:128:Infinity:undefined:undefined:undefined:undefined":38,"s:122:2:128:Infinity":61,"s:123:19:123:Infinity":62,"s:124:4:126:Infinity":63,"s:125:6:125:Infinity":64,"b:125:30:125:34:125:37:125:40":39,"s:127:4:127:Infinity":65,"s:130:2:130:Infinity":66}}}
,"D:\\Projects\\eights\\src\\gameLogic.js": {"path":"D:\\Projects\\eights\\src\\gameLogic.js","statementMap":{"0":{"start":{"line":6,"column":24},"end":{"line":6,"column":69}},"1":{"start":{"line":9,"column":2},"end":{"line":9,"column":null}},"2":{"start":{"line":9,"column":34},"end":{"line":9,"column":38}},"3":{"start":{"line":12,"column":22},"end":{"line":12,"column":null}},"4":{"start":{"line":13,"column":35},"end":{"line":13,"column":69}},"5":{"start":{"line":18,"column":32},"end":{"line":22,"column":null}},"6":{"start":{"line":23,"column":31},"end":{"line":32,"column":null}},"7":{"start":{"line":40,"column":22},"end":{"line":40,"column":null}},"8":{"start":{"line":40,"column":56},"end":{"line":40,"column":92}},"9":{"start":{"line":41,"column":16},"end":{"line":41,"column":null}},"10":{"start":{"line":45,"column":26},"end":{"line":45,"column":null}},"11":{"start":{"line":46,"column":20},"end":{"line":48,"column":null}},"12":{"start":{"line":50,"column":2},"end":{"line":87,"column":null}},"13":{"start":{"line":50,"column":22},"end":{"line":50,"column":31}},"14":{"start":{"line":53,"column":27},"end":{"line":53,"column":null}},"15":{"start":{"line":54,"column":20},"end":{"line":56,"column":null}},"16":{"start":{"line":56,"column":33},"end":{"line":56,"column":79}},"17":{"start":{"line":58,"column":4},"end":{"line":58,"column":null}},"18":{"start":{"line":58,"column":25},"end":{"line":58,"column":null}},"19":{"start":{"line":59,"column":19},"end":{"line":59,"column":null}},"20":{"start":{"line":60,"column":20},"end":{"line":60,"column":null}},"21":{"start":{"line":63,"column":4},"end":{"line":78,"column":null}},"22":{"start":{"line":64,"column":6},"end":{"line":77,"column":null}},"23":{"start":{"line":65,"column":8},"end":{"line":65,"column":null}},"24":{"start":{"line":65,"column":32},"end":{"line":65,"column":46}},"25":{"start":{"line":65,"column":49},"end":{"line":65,"column":null}},"26":{"start":{"line":66,"column":22},"end":{"line":66,"column":null}},"27":{"start":{"line":67,"column":8},"end":{"line":76,"column":null}},"28":{"start":{"line":73,"column":43},"end":{"line":73,"column":57}},"29":{"start":{"line":73,"column":69},"end":{"line":73,"column":76}},"30":{"start":{"line":80,"column":4},"end":{"line":86,"column":null}},"31":{"start":{"line":82,"column":6},"end":{"line":82,"column":null}},"32":{"start":{"line":84,"column":6},"end":{"line":84,"column":null}},"33":{"start":{"line":85,"column":6},"end":{"line":85,"column":null}},"34":{"start":{"line":89,"column":2},"end":{"line":89,"column":null}},"35":{"start":{"line":90,"column":2},"end":{"line":90,"column":null}},"36":{"start":{"line":95,"column":30},"end":{"line":98,"column":null}},"37":{"start":{"line":99,"column":24},"end":{"line":108,"column":null}},"38":{"start":{"line":115,"column":2},"end":{"line":119,"column":null}},"39":{"start":{"line":115,"column":54},"end":{"line":119,"column":3}},"40":{"start":{"line":124,"column":2},"end":{"line":130,"column":null}},"41":{"start":{"line":124,"column":50},"end":{"line":130,"column":3}},"42":{"start":{"line":140,"column":15},"end":{"line":140,"column":null}},"43":{"start":{"line":141,"column":15},"end":{"line":141,"column":null}},"44":{"start":{"line":142,"column":2},"end":{"line":142,"column":null}},"45":{"start":{"line":149,"column":2},"end":{"line":151,"column":null}},"46":{"start":{"line":150,"column":4},"end":{"line":150,"column":null}},"47":{"start":{"line":150,"column":25},"end":{"line":150,"column":70}},"48":{"start":{"line":158,"column":2},"end":{"line":160,"column":null}},"49":{"start":{"line":159,"column":4},"end":{"line":159,"column":null}},"50":{"start":{"line":159,"column":26},"end":{"line":159,"column":71}},"51":{"start":{"line":169,"column":2},"end":{"line":176,"column":null}},"52":{"start":{"line":184,"column":2},"end":{"line":184,"column":null}},"53":{"start":{"line":184,"column":29},"end":{"line":184,"column":37}},"54":{"start":{"line":184,"column":50},"end":{"line":184,"column":87}},"55":{"start":{"line":189,"column":2},"end":{"line":189,"column":null}},"56":{"start":{"line":189,"column":29},"end":{"line":189,"column":78}},"57":{"start":{"line":197,"column":2},"end":{"line":197,"column":null}},"58":{"start":{"line":207,"column":2},"end":{"line":207,"column":null}},"59":{"start":{"line":214,"column":2},"end":{"line":214,"column":null}},"60":{"start":{"line":226,"column":14},"end":{"line":226,"column":null}},"61":{"start":{"line":227,"column":3},"end":{"line":231,"column":null}},"62":{"start":{"line":227,"column":31},"end":{"line":227,"column":40}},"63":{"start":{"line":228,"column":20},"end":{"line":228,"column":null}},"64":{"start":{"line":229,"column":4},"end":{"line":229,"column":null}},"65":{"start":{"line":229,"column":23},"end":{"line":229,"column":null}},"66":{"start":{"line":230,"column":4},"end":{"line":230,"column":null}},"67":{"start":{"line":232,"column":2},"end":{"line":232,"column":null}},"68":{"start":{"line":242,"column":18},"end":{"line":242,"column":null}},"69":{"start":{"line":242,"column":40},"end":{"line":242,"column":76}},"70":{"start":{"line":243,"column":2},"end":{"line":243,"column":null}},"71":{"start":{"line":243,"column":28},"end":{"line":243,"column":null}},"72":{"start":{"line":244,"column":2},"end":{"line":244,"column":null}},"73":{"start":{"line":252,"column":2},"end":{"line":254,"column":null}},"74":{"start":{"line":253,"column":14},"end":{"line":253,"column":57}},"75":{"start":{"line":265,"column":21},"end":{"line":265,"column":null}},"76":{"start":{"line":266,"column":17},"end":{"line":266,"column":null}},"77":{"start":{"line":266,"column":44},"end":{"line":266,"column":61}},"78":{"start":{"line":267,"column":2},"end":{"line":267,"column":null}},"79":{"start":{"line":267,"column":15},"end":{"line":267,"column":null}},"80":{"start":{"line":269,"column":2},"end":{"line":287,"column":null}},"81":{"start":{"line":270,"column":4},"end":{"line":286,"column":null}},"82":{"start":{"line":271,"column":6},"end":{"line":271,"column":null}},"83":{"start":{"line":271,"column":39},"end":{"line":271,"column":53}},"84":{"start":{"line":271,"column":56},"end":{"line":271,"column":null}},"85":{"start":{"line":272,"column":20},"end":{"line":272,"column":null}},"86":{"start":{"line":273,"column":6},"end":{"line":285,"column":null}},"87":{"start":{"line":281,"column":52},"end":{"line":281,"column":66}},"88":{"start":{"line":281,"column":78},"end":{"line":281,"column":85}},"89":{"start":{"line":288,"column":2},"end":{"line":288,"column":null}},"90":{"start":{"line":299,"column":21},"end":{"line":299,"column":null}},"91":{"start":{"line":300,"column":2},"end":{"line":300,"column":null}},"92":{"start":{"line":300,"column":22},"end":{"line":300,"column":null}},"93":{"start":{"line":302,"column":2},"end":{"line":313,"column":null}},"94":{"start":{"line":303,"column":4},"end":{"line":312,"column":null}},"95":{"start":{"line":304,"column":6},"end":{"line":304,"column":null}},"96":{"start":{"line":304,"column":39},"end":{"line":304,"column":53}},"97":{"start":{"line":304,"column":56},"end":{"line":304,"column":null}},"98":{"start":{"line":305,"column":21},"end":{"line":305,"column":null}},"99":{"start":{"line":306,"column":6},"end":{"line":311,"column":null}},"100":{"start":{"line":310,"column":47},"end":{"line":310,"column":69}},"101":{"start":{"line":314,"column":2},"end":{"line":314,"column":null}},"102":{"start":{"line":324,"column":13},"end":{"line":324,"column":null}},"103":{"start":{"line":325,"column":2},"end":{"line":329,"column":null}},"104":{"start":{"line":326,"column":41},"end":{"line":326,"column":67}},"105":{"start":{"line":327,"column":41},"end":{"line":327,"column":67}},"106":{"start":{"line":328,"column":41},"end":{"line":328,"column":65}},"107":{"start":{"line":337,"column":18},"end":{"line":337,"column":null}},"108":{"start":{"line":338,"column":15},"end":{"line":338,"column":null}},"109":{"start":{"line":339,"column":2},"end":{"line":340,"column":null}},"110":{"start":{"line":339,"column":35},"end":{"line":339,"column":null}},"111":{"start":{"line":340,"column":7},"end":{"line":340,"column":null}},"112":{"start":{"line":341,"column":2},"end":{"line":341,"column":null}},"113":{"start":{"line":342,"column":2},"end":{"line":342,"column":null}},"114":{"start":{"line":352,"column":16},"end":{"line":352,"column":null}},"115":{"start":{"line":353,"column":2},"end":{"line":353,"column":null}},"116":{"start":{"line":363,"column":2},"end":{"line":363,"column":null}},"117":{"start":{"line":363,"column":21},"end":{"line":363,"column":null}},"118":{"start":{"line":364,"column":2},"end":{"line":364,"column":null}},"119":{"start":{"line":364,"column":32},"end":{"line":364,"column":null}},"120":{"start":{"line":365,"column":2},"end":{"line":365,"column":null}},"121":{"start":{"line":371,"column":2},"end":{"line":371,"column":null}},"122":{"start":{"line":381,"column":16},"end":{"line":381,"column":null}},"123":{"start":{"line":381,"column":42},"end":{"line":381,"column":57}},"124":{"start":{"line":382,"column":26},"end":{"line":382,"column":null}},"125":{"start":{"line":382,"column":45},"end":{"line":382,"column":85}},"126":{"start":{"line":382,"column":75},"end":{"line":382,"column":84}},"127":{"start":{"line":383,"column":18},"end":{"line":383,"column":null}},"128":{"start":{"line":383,"column":49},"end":{"line":383,"column":105}},"129":{"start":{"line":383,"column":79},"end":{"line":383,"column":87}},"130":{"start":{"line":383,"column":98},"end":{"line":383,"column":104}},"131":{"start":{"line":385,"column":16},"end":{"line":385,"column":null}},"132":{"start":{"line":386,"column":2},"end":{"line":392,"column":null}},"133":{"start":{"line":387,"column":4},"end":{"line":391,"column":null}},"134":{"start":{"line":387,"column":57},"end":{"line":387,"column":65}},"135":{"start":{"line":388,"column":6},"end":{"line":388,"column":null}},"136":{"start":{"line":388,"column":26},"end":{"line":388,"column":null}},"137":{"start":{"line":389,"column":6},"end":{"line":389,"column":null}},"138":{"start":{"line":390,"column":6},"end":{"line":390,"column":null}},"139":{"start":{"line":394,"column":15},"end":{"line":394,"column":null}},"140":{"start":{"line":395,"column":15},"end":{"line":395,"column":null}},"141":{"start":{"line":395,"column":22},"end":{"line":395,"column":null}},"142":{"start":{"line":397,"column":3},"end":{"line":413,"column":null}},"143":{"start":{"line":397,"column":35},"end":{"line":397,"column":54}},"144":{"start":{"line":398,"column":14},"end":{"line":398,"column":null}},"145":{"start":{"line":399,"column":19},"end":{"line":399,"column":null}},"146":{"start":{"line":399,"column":53},"end":{"line":399,"column":74}},"147":{"start":{"line":399,"column":85},"end":{"line":399,"column":91}},"148":{"start":{"line":400,"column":4},"end":{"line":400,"column":null}},"149":{"start":{"line":400,"column":24},"end":{"line":400,"column":null}},"150":{"start":{"line":401,"column":15},"end":{"line":401,"column":24}},"151":{"start":{"line":401,"column":31},"end":{"line":401,"column":null}},"152":{"start":{"line":402,"column":4},"end":{"line":412,"column":null}},"153":{"start":{"line":415,"column":2},"end":{"line":431,"column":3}},"154":{"start":{"line":416,"column":4},"end":{"line":420,"column":null}},"155":{"start":{"line":416,"column":23},"end":{"line":420,"column":null}},"156":{"start":{"line":421,"column":4},"end":{"line":425,"column":null}},"157":{"start":{"line":421,"column":39},"end":{"line":425,"column":null}},"158":{"start":{"line":426,"column":4},"end":{"line":428,"column":null}},"159":{"start":{"line":426,"column":38},"end":{"line":428,"column":null}},"160":{"start":{"line":431,"column":3},"end":{"line":436,"column":null}},"161":{"start":{"line":431,"column":27},"end":{"line":431,"column":46}},"162":{"start":{"line":431,"column":73},"end":{"line":436,"column":5}},"163":{"start":{"line":438,"column":2},"end":{"line":454,"column":null}},"164":{"start":{"line":456,"column":2},"end":{"line":456,"column":null}},"165":{"start":{"line":456,"column":25},"end":{"line":456,"column":44}}},"fnMap":{"0":{"name":"uid","decl":{"start":{"line":6,"column":16},"end":{"line":6,"column":19}},"loc":{"start":{"line":6,"column":22},"end":{"line":6,"column":null}},"line":6},"1":{"name":"initials","decl":{"start":{"line":8,"column":16},"end":{"line":8,"column":24}},"loc":{"start":{"line":8,"column":31},"end":{"line":10,"column":null}},"line":8},"2":{"name":"(anonymous_2)","decl":{"start":{"line":9,"column":29},"end":{"line":9,"column":30}},"loc":{"start":{"line":9,"column":34},"end":{"line":9,"column":38}},"line":9},"3":{"name":"playerColor","decl":{"start":{"line":13,"column":16},"end":{"line":13,"column":27}},"loc":{"start":{"line":13,"column":33},"end":{"line":13,"column":null}},"line":13},"4":{"name":"simulateBattleToEnd","decl":{"start":{"line":39,"column":16},"end":{"line":39,"column":35}},"loc":{"start":{"line":39,"column":42},"end":{"line":91,"column":null}},"line":39},"5":{"name":"(anonymous_5)","decl":{"start":{"line":40,"column":51},"end":{"line":40,"column":52}},"loc":{"start":{"line":40,"column":56},"end":{"line":40,"column":92}},"line":40},"6":{"name":"(anonymous_6)","decl":{"start":{"line":56,"column":28},"end":{"line":56,"column":29}},"loc":{"start":{"line":56,"column":33},"end":{"line":56,"column":79}},"line":56},"7":{"name":"(anonymous_7)","decl":{"start":{"line":63,"column":44},"end":{"line":63,"column":47}},"loc":{"start":{"line":63,"column":51},"end":{"line":78,"column":5}},"line":63},"8":{"name":"(anonymous_8)","decl":{"start":{"line":64,"column":60},"end":{"line":64,"column":61}},"loc":{"start":{"line":64,"column":65},"end":{"line":77,"column":7}},"line":64},"9":{"name":"(anonymous_9)","decl":{"start":{"line":65,"column":26},"end":{"line":65,"column":28}},"loc":{"start":{"line":65,"column":32},"end":{"line":65,"column":46}},"line":65},"10":{"name":"(anonymous_10)","decl":{"start":{"line":73,"column":37},"end":{"line":73,"column":39}},"loc":{"start":{"line":73,"column":43},"end":{"line":73,"column":57}},"line":73},"11":{"name":"(anonymous_11)","decl":{"start":{"line":73,"column":63},"end":{"line":73,"column":65}},"loc":{"start":{"line":73,"column":69},"end":{"line":73,"column":76}},"line":73},"12":{"name":"makeBotCombatants","decl":{"start":{"line":114,"column":16},"end":{"line":114,"column":33}},"loc":{"start":{"line":114,"column":70},"end":{"line":120,"column":null}},"line":114},"13":{"name":"(anonymous_13)","decl":{"start":{"line":115,"column":40},"end":{"line":115,"column":41}},"loc":{"start":{"line":115,"column":54},"end":{"line":119,"column":3}},"line":115},"14":{"name":"makeBots","decl":{"start":{"line":123,"column":16},"end":{"line":123,"column":24}},"loc":{"start":{"line":123,"column":36},"end":{"line":131,"column":null}},"line":123},"15":{"name":"(anonymous_15)","decl":{"start":{"line":124,"column":39},"end":{"line":124,"column":40}},"loc":{"start":{"line":124,"column":50},"end":{"line":130,"column":3}},"line":124},"16":{"name":"slotMatchesPrevWinner","decl":{"start":{"line":139,"column":16},"end":{"line":139,"column":37}},"loc":{"start":{"line":139,"column":79},"end":{"line":143,"column":null}},"line":139},"17":{"name":"areAllPrevWinnersPlaced","decl":{"start":{"line":148,"column":16},"end":{"line":148,"column":39}},"loc":{"start":{"line":148,"column":71},"end":{"line":152,"column":null}},"line":148},"18":{"name":"(anonymous_18)","decl":{"start":{"line":149,"column":27},"end":{"line":149,"column":28}},"loc":{"start":{"line":150,"column":4},"end":{"line":150,"column":null}},"line":150},"19":{"name":"(anonymous_19)","decl":{"start":{"line":150,"column":15},"end":{"line":150,"column":16}},"loc":{"start":{"line":150,"column":25},"end":{"line":150,"column":70}},"line":150},"20":{"name":"getUnplacedWinners","decl":{"start":{"line":157,"column":16},"end":{"line":157,"column":34}},"loc":{"start":{"line":157,"column":66},"end":{"line":161,"column":null}},"line":157},"21":{"name":"(anonymous_21)","decl":{"start":{"line":158,"column":28},"end":{"line":158,"column":29}},"loc":{"start":{"line":159,"column":4},"end":{"line":159,"column":null}},"line":159},"22":{"name":"(anonymous_22)","decl":{"start":{"line":159,"column":16},"end":{"line":159,"column":17}},"loc":{"start":{"line":159,"column":26},"end":{"line":159,"column":71}},"line":159},"23":{"name":"buildCombatantFromDraft","decl":{"start":{"line":168,"column":16},"end":{"line":168,"column":39}},"loc":{"start":{"line":168,"column":93},"end":{"line":177,"column":null}},"line":168},"24":{"name":"isDraftComplete","decl":{"start":{"line":183,"column":16},"end":{"line":183,"column":31}},"loc":{"start":{"line":183,"column":53},"end":{"line":185,"column":null}},"line":183},"25":{"name":"(anonymous_25)","decl":{"start":{"line":184,"column":24},"end":{"line":184,"column":25}},"loc":{"start":{"line":184,"column":29},"end":{"line":184,"column":37}},"line":184},"26":{"name":"(anonymous_26)","decl":{"start":{"line":184,"column":45},"end":{"line":184,"column":46}},"loc":{"start":{"line":184,"column":50},"end":{"line":184,"column":87}},"line":184},"27":{"name":"getReadyPlayerCount","decl":{"start":{"line":188,"column":16},"end":{"line":188,"column":35}},"loc":{"start":{"line":188,"column":57},"end":{"line":190,"column":null}},"line":188},"28":{"name":"(anonymous_28)","decl":{"start":{"line":189,"column":24},"end":{"line":189,"column":25}},"loc":{"start":{"line":189,"column":29},"end":{"line":189,"column":78}},"line":189},"29":{"name":"canForceStart","decl":{"start":{"line":196,"column":16},"end":{"line":196,"column":29}},"loc":{"start":{"line":196,"column":68},"end":{"line":198,"column":null}},"line":196},"30":{"name":"canUndoLastRound","decl":{"start":{"line":206,"column":16},"end":{"line":206,"column":32}},"loc":{"start":{"line":206,"column":62},"end":{"line":208,"column":null}},"line":206},"31":{"name":"canEditCombatant","decl":{"start":{"line":213,"column":16},"end":{"line":213,"column":32}},"loc":{"start":{"line":213,"column":60},"end":{"line":215,"column":null}},"line":213},"32":{"name":"extractPreviousWinners","decl":{"start":{"line":225,"column":16},"end":{"line":225,"column":38}},"loc":{"start":{"line":225,"column":47},"end":{"line":233,"column":null}},"line":225},"33":{"name":"(anonymous_33)","decl":{"start":{"line":227,"column":25},"end":{"line":227,"column":27}},"loc":{"start":{"line":227,"column":31},"end":{"line":227,"column":40}},"line":227},"34":{"name":"(anonymous_34)","decl":{"start":{"line":227,"column":50},"end":{"line":227,"column":52}},"loc":{"start":{"line":227,"column":56},"end":{"line":231,"column":3}},"line":227},"35":{"name":"totalRoundsFor","decl":{"start":{"line":241,"column":16},"end":{"line":241,"column":30}},"loc":{"start":{"line":241,"column":37},"end":{"line":245,"column":null}},"line":241},"36":{"name":"(anonymous_36)","decl":{"start":{"line":242,"column":35},"end":{"line":242,"column":36}},"loc":{"start":{"line":242,"column":40},"end":{"line":242,"column":76}},"line":242},"37":{"name":"matchupForRound","decl":{"start":{"line":251,"column":16},"end":{"line":251,"column":31}},"loc":{"start":{"line":251,"column":48},"end":{"line":255,"column":null}},"line":251},"38":{"name":"(anonymous_38)","decl":{"start":{"line":253,"column":9},"end":{"line":253,"column":10}},"loc":{"start":{"line":253,"column":14},"end":{"line":253,"column":57}},"line":253},"39":{"name":"applyWinner","decl":{"start":{"line":264,"column":16},"end":{"line":264,"column":27}},"loc":{"start":{"line":264,"column":51},"end":{"line":289,"column":null}},"line":264},"40":{"name":"(anonymous_40)","decl":{"start":{"line":266,"column":39},"end":{"line":266,"column":40}},"loc":{"start":{"line":266,"column":44},"end":{"line":266,"column":61}},"line":266},"41":{"name":"(anonymous_41)","decl":{"start":{"line":269,"column":34},"end":{"line":269,"column":37}},"loc":{"start":{"line":269,"column":41},"end":{"line":287,"column":3}},"line":269},"42":{"name":"(anonymous_42)","decl":{"start":{"line":270,"column":42},"end":{"line":270,"column":43}},"loc":{"start":{"line":270,"column":47},"end":{"line":286,"column":5}},"line":270},"43":{"name":"(anonymous_43)","decl":{"start":{"line":271,"column":33},"end":{"line":271,"column":35}},"loc":{"start":{"line":271,"column":39},"end":{"line":271,"column":53}},"line":271},"44":{"name":"(anonymous_44)","decl":{"start":{"line":281,"column":46},"end":{"line":281,"column":48}},"loc":{"start":{"line":281,"column":52},"end":{"line":281,"column":66}},"line":281},"45":{"name":"(anonymous_45)","decl":{"start":{"line":281,"column":72},"end":{"line":281,"column":74}},"loc":{"start":{"line":281,"column":78},"end":{"line":281,"column":85}},"line":281},"46":{"name":"undoRound","decl":{"start":{"line":298,"column":16},"end":{"line":298,"column":25}},"loc":{"start":{"line":298,"column":39},"end":{"line":315,"column":null}},"line":298},"47":{"name":"(anonymous_47)","decl":{"start":{"line":302,"column":34},"end":{"line":302,"column":37}},"loc":{"start":{"line":302,"column":41},"end":{"line":313,"column":3}},"line":302},"48":{"name":"(anonymous_48)","decl":{"start":{"line":303,"column":42},"end":{"line":303,"column":43}},"loc":{"start":{"line":303,"column":47},"end":{"line":312,"column":5}},"line":303},"49":{"name":"(anonymous_49)","decl":{"start":{"line":304,"column":33},"end":{"line":304,"column":35}},"loc":{"start":{"line":304,"column":39},"end":{"line":304,"column":53}},"line":304},"50":{"name":"(anonymous_50)","decl":{"start":{"line":310,"column":42},"end":{"line":310,"column":43}},"loc":{"start":{"line":310,"column":47},"end":{"line":310,"column":69}},"line":310},"51":{"name":"tallyReactions","decl":{"start":{"line":323,"column":16},"end":{"line":323,"column":30}},"loc":{"start":{"line":323,"column":61},"end":{"line":330,"column":null}},"line":323},"52":{"name":"(anonymous_52)","decl":{"start":{"line":326,"column":36},"end":{"line":326,"column":37}},"loc":{"start":{"line":326,"column":41},"end":{"line":326,"column":67}},"line":326},"53":{"name":"(anonymous_53)","decl":{"start":{"line":327,"column":36},"end":{"line":327,"column":37}},"loc":{"start":{"line":327,"column":41},"end":{"line":327,"column":67}},"line":327},"54":{"name":"(anonymous_54)","decl":{"start":{"line":328,"column":36},"end":{"line":328,"column":37}},"loc":{"start":{"line":328,"column":41},"end":{"line":328,"column":65}},"line":328},"55":{"name":"toggleReaction","decl":{"start":{"line":336,"column":16},"end":{"line":336,"column":30}},"loc":{"start":{"line":336,"column":78},"end":{"line":343,"column":null}},"line":336},"56":{"name":"isFinalRound","decl":{"start":{"line":351,"column":16},"end":{"line":351,"column":28}},"loc":{"start":{"line":351,"column":35},"end":{"line":354,"column":null}},"line":351},"57":{"name":"authFlowFor","decl":{"start":{"line":362,"column":16},"end":{"line":362,"column":27}},"loc":{"start":{"line":362,"column":42},"end":{"line":366,"column":null}},"line":362},"58":{"name":"ownerLabel","decl":{"start":{"line":370,"column":16},"end":{"line":370,"column":26}},"loc":{"start":{"line":370,"column":42},"end":{"line":372,"column":null}},"line":370},"59":{"name":"buildTickerMessages","decl":{"start":{"line":380,"column":16},"end":{"line":380,"column":35}},"loc":{"start":{"line":380,"column":43},"end":{"line":457,"column":null}},"line":380},"60":{"name":"(anonymous_60)","decl":{"start":{"line":381,"column":37},"end":{"line":381,"column":38}},"loc":{"start":{"line":381,"column":42},"end":{"line":381,"column":57}},"line":381},"61":{"name":"(anonymous_61)","decl":{"start":{"line":382,"column":40},"end":{"line":382,"column":41}},"loc":{"start":{"line":382,"column":45},"end":{"line":382,"column":85}},"line":382},"62":{"name":"(anonymous_62)","decl":{"start":{"line":382,"column":69},"end":{"line":382,"column":71}},"loc":{"start":{"line":382,"column":75},"end":{"line":382,"column":84}},"line":382},"63":{"name":"(anonymous_63)","decl":{"start":{"line":383,"column":44},"end":{"line":383,"column":45}},"loc":{"start":{"line":383,"column":49},"end":{"line":383,"column":105}},"line":383},"64":{"name":"(anonymous_64)","decl":{"start":{"line":383,"column":74},"end":{"line":383,"column":75}},"loc":{"start":{"line":383,"column":79},"end":{"line":383,"column":87}},"line":383},"65":{"name":"(anonymous_65)","decl":{"start":{"line":383,"column":93},"end":{"line":383,"column":94}},"loc":{"start":{"line":383,"column":98},"end":{"line":383,"column":104}},"line":383},"66":{"name":"(anonymous_66)","decl":{"start":{"line":386,"column":16},"end":{"line":386,"column":17}},"loc":{"start":{"line":386,"column":21},"end":{"line":392,"column":3}},"line":386},"67":{"name":"(anonymous_67)","decl":{"start":{"line":387,"column":52},"end":{"line":387,"column":53}},"loc":{"start":{"line":387,"column":57},"end":{"line":387,"column":65}},"line":387},"68":{"name":"(anonymous_68)","decl":{"start":{"line":387,"column":75},"end":{"line":387,"column":76}},"loc":{"start":{"line":387,"column":80},"end":{"line":391,"column":5}},"line":387},"69":{"name":"(anonymous_69)","decl":{"start":{"line":395,"column":15},"end":{"line":395,"column":18}},"loc":{"start":{"line":395,"column":22},"end":{"line":395,"column":null}},"line":395},"70":{"name":"(anonymous_70)","decl":{"start":{"line":397,"column":29},"end":{"line":397,"column":30}},"loc":{"start":{"line":397,"column":35},"end":{"line":397,"column":54}},"line":397},"71":{"name":"(anonymous_71)","decl":{"start":{"line":397,"column":77},"end":{"line":397,"column":79}},"loc":{"start":{"line":397,"column":83},"end":{"line":413,"column":3}},"line":397},"72":{"name":"(anonymous_72)","decl":{"start":{"line":399,"column":48},"end":{"line":399,"column":49}},"loc":{"start":{"line":399,"column":53},"end":{"line":399,"column":74}},"line":399},"73":{"name":"(anonymous_73)","decl":{"start":{"line":399,"column":80},"end":{"line":399,"column":81}},"loc":{"start":{"line":399,"column":85},"end":{"line":399,"column":91}},"line":399},"74":{"name":"(anonymous_74)","decl":{"start":{"line":415,"column":32},"end":{"line":415,"column":33}},"loc":{"start":{"line":415,"column":47},"end":{"line":429,"column":3}},"line":415},"75":{"name":"(anonymous_75)","decl":{"start":{"line":431,"column":21},"end":{"line":431,"column":22}},"loc":{"start":{"line":431,"column":27},"end":{"line":431,"column":46}},"line":431},"76":{"name":"(anonymous_76)","decl":{"start":{"line":431,"column":68},"end":{"line":431,"column":69}},"loc":{"start":{"line":431,"column":73},"end":{"line":436,"column":5}},"line":431},"77":{"name":"(anonymous_77)","decl":{"start":{"line":456,"column":19},"end":{"line":456,"column":20}},"loc":{"start":{"line":456,"column":25},"end":{"line":456,"column":44}},"line":456}},"branchMap":{"0":{"loc":{"start":{"line":40,"column":57},"end":{"line":40,"column":84}},"type":"binary-expr","locations":[{"start":{"line":40,"column":57},"end":{"line":40,"column":78}},{"start":{"line":40,"column":82},"end":{"line":40,"column":84}}],"line":40},"1":{"loc":{"start":{"line":45,"column":26},"end":{"line":45,"column":null}},"type":"cond-expr","locations":[{"start":{"line":45,"column":53},"end":{"line":45,"column":93}},{"start":{"line":45,"column":96},"end":{"line":45,"column":null}}],"line":45},"2":{"loc":{"start":{"line":46,"column":20},"end":{"line":48,"column":null}},"type":"cond-expr","locations":[{"start":{"line":47,"column":6},"end":{"line":47,"column":null}},{"start":{"line":48,"column":6},"end":{"line":48,"column":null}}],"line":46},"3":{"loc":{"start":{"line":46,"column":20},"end":{"line":46,"column":null}},"type":"binary-expr","locations":[{"start":{"line":46,"column":20},"end":{"line":46,"column":35}},{"start":{"line":46,"column":39},"end":{"line":46,"column":null}}],"line":46},"4":{"loc":{"start":{"line":53,"column":27},"end":{"line":53,"column":null}},"type":"binary-expr","locations":[{"start":{"line":53,"column":27},"end":{"line":53,"column":60}},{"start":{"line":53,"column":64},"end":{"line":53,"column":null}}],"line":53},"5":{"loc":{"start":{"line":54,"column":20},"end":{"line":56,"column":null}},"type":"cond-expr","locations":[{"start":{"line":55,"column":8},"end":{"line":55,"column":null}},{"start":{"line":56,"column":8},"end":{"line":56,"column":null}}],"line":54},"6":{"loc":{"start":{"line":56,"column":34},"end":{"line":56,"column":64}},"type":"binary-expr","locations":[{"start":{"line":56,"column":34},"end":{"line":56,"column":58}},{"start":{"line":56,"column":62},"end":{"line":56,"column":64}}],"line":56},"7":{"loc":{"start":{"line":58,"column":4},"end":{"line":58,"column":null}},"type":"if","locations":[{"start":{"line":58,"column":4},"end":{"line":58,"column":null}},{"start":{},"end":{}}],"line":58},"8":{"loc":{"start":{"line":60,"column":20},"end":{"line":60,"column":null}},"type":"cond-expr","locations":[{"start":{"line":60,"column":37},"end":{"line":60,"column":68}},{"start":{"line":60,"column":71},"end":{"line":60,"column":null}}],"line":60},"9":{"loc":{"start":{"line":65,"column":8},"end":{"line":65,"column":null}},"type":"if","locations":[{"start":{"line":65,"column":8},"end":{"line":65,"column":null}},{"start":{},"end":{}}],"line":65},"10":{"loc":{"start":{"line":69,"column":26},"end":{"line":69,"column":39}},"type":"cond-expr","locations":[{"start":{"line":69,"column":34},"end":{"line":69,"column":35}},{"start":{"line":69,"column":38},"end":{"line":69,"column":39}}],"line":69},"11":{"loc":{"start":{"line":70,"column":30},"end":{"line":70,"column":43}},"type":"cond-expr","locations":[{"start":{"line":70,"column":38},"end":{"line":70,"column":39}},{"start":{"line":70,"column":42},"end":{"line":70,"column":43}}],"line":70},"12":{"loc":{"start":{"line":71,"column":24},"end":{"line":71,"column":39}},"type":"binary-expr","locations":[{"start":{"line":71,"column":24},"end":{"line":71,"column":33}},{"start":{"line":71,"column":37},"end":{"line":71,"column":39}}],"line":71},"13":{"loc":{"start":{"line":74,"column":20},"end":{"line":74,"column":42}},"type":"cond-expr","locations":[{"start":{"line":74,"column":28},"end":{"line":74,"column":33}},{"start":{"line":74,"column":36},"end":{"line":74,"column":42}}],"line":74},"14":{"loc":{"start":{"line":80,"column":4},"end":{"line":86,"column":null}},"type":"if","locations":[{"start":{"line":80,"column":4},"end":{"line":86,"column":null}},{"start":{"line":83,"column":11},"end":{"line":86,"column":null}}],"line":80},"15":{"loc":{"start":{"line":114,"column":58},"end":{"line":114,"column":68}},"type":"default-arg","locations":[{"start":{"line":114,"column":65},"end":{"line":114,"column":68}}],"line":114},"16":{"loc":{"start":{"line":123,"column":25},"end":{"line":123,"column":34}},"type":"default-arg","locations":[{"start":{"line":123,"column":33},"end":{"line":123,"column":34}}],"line":123},"17":{"loc":{"start":{"line":126,"column":10},"end":{"line":126,"column":52}},"type":"binary-expr","locations":[{"start":{"line":126,"column":10},"end":{"line":126,"column":38}},{"start":{"line":126,"column":42},"end":{"line":126,"column":52}}],"line":126},"18":{"loc":{"start":{"line":140,"column":16},"end":{"line":140,"column":38}},"type":"binary-expr","locations":[{"start":{"line":140,"column":16},"end":{"line":140,"column":32}},{"start":{"line":140,"column":36},"end":{"line":140,"column":38}}],"line":140},"19":{"loc":{"start":{"line":141,"column":15},"end":{"line":141,"column":null}},"type":"binary-expr","locations":[{"start":{"line":141,"column":15},"end":{"line":141,"column":35}},{"start":{"line":141,"column":39},"end":{"line":141,"column":null}}],"line":141},"20":{"loc":{"start":{"line":142,"column":9},"end":{"line":142,"column":null}},"type":"binary-expr","locations":[{"start":{"line":142,"column":9},"end":{"line":142,"column":47}},{"start":{"line":142,"column":52},"end":{"line":142,"column":64}},{"start":{"line":142,"column":68},"end":{"line":142,"column":89}}],"line":142},"21":{"loc":{"start":{"line":168,"column":81},"end":{"line":168,"column":91}},"type":"default-arg","locations":[{"start":{"line":168,"column":88},"end":{"line":168,"column":91}}],"line":168},"22":{"loc":{"start":{"line":170,"column":8},"end":{"line":170,"column":26}},"type":"binary-expr","locations":[{"start":{"line":170,"column":8},"end":{"line":170,"column":16}},{"start":{"line":170,"column":20},"end":{"line":170,"column":26}}],"line":170},"23":{"loc":{"start":{"line":184,"column":51},"end":{"line":184,"column":73}},"type":"binary-expr","locations":[{"start":{"line":184,"column":51},"end":{"line":184,"column":67}},{"start":{"line":184,"column":71},"end":{"line":184,"column":73}}],"line":184},"24":{"loc":{"start":{"line":189,"column":29},"end":{"line":189,"column":78}},"type":"binary-expr","locations":[{"start":{"line":189,"column":29},"end":{"line":189,"column":37}},{"start":{"line":189,"column":41},"end":{"line":189,"column":78}}],"line":189},"25":{"loc":{"start":{"line":189,"column":42},"end":{"line":189,"column":64}},"type":"binary-expr","locations":[{"start":{"line":189,"column":42},"end":{"line":189,"column":58}},{"start":{"line":189,"column":62},"end":{"line":189,"column":64}}],"line":189},"26":{"loc":{"start":{"line":197,"column":9},"end":{"line":197,"column":null}},"type":"binary-expr","locations":[{"start":{"line":197,"column":9},"end":{"line":197,"column":15}},{"start":{"line":197,"column":19},"end":{"line":197,"column":34}},{"start":{"line":197,"column":38},"end":{"line":197,"column":null}}],"line":197},"27":{"loc":{"start":{"line":207,"column":9},"end":{"line":207,"column":null}},"type":"binary-expr","locations":[{"start":{"line":207,"column":9},"end":{"line":207,"column":15}},{"start":{"line":207,"column":19},"end":{"line":207,"column":35}},{"start":{"line":207,"column":39},"end":{"line":207,"column":null}}],"line":207},"28":{"loc":{"start":{"line":214,"column":9},"end":{"line":214,"column":null}},"type":"binary-expr","locations":[{"start":{"line":214,"column":9},"end":{"line":214,"column":29}},{"start":{"line":214,"column":33},"end":{"line":214,"column":null}}],"line":214},"29":{"loc":{"start":{"line":227,"column":4},"end":{"line":227,"column":16}},"type":"binary-expr","locations":[{"start":{"line":227,"column":4},"end":{"line":227,"column":10}},{"start":{"line":227,"column":14},"end":{"line":227,"column":16}}],"line":227},"30":{"loc":{"start":{"line":229,"column":4},"end":{"line":229,"column":null}},"type":"if","locations":[{"start":{"line":229,"column":4},"end":{"line":229,"column":null}},{"start":{},"end":{}}],"line":229},"31":{"loc":{"start":{"line":230,"column":69},"end":{"line":230,"column":88}},"type":"binary-expr","locations":[{"start":{"line":230,"column":69},"end":{"line":230,"column":82}},{"start":{"line":230,"column":86},"end":{"line":230,"column":88}}],"line":230},"32":{"loc":{"start":{"line":242,"column":41},"end":{"line":242,"column":68}},"type":"binary-expr","locations":[{"start":{"line":242,"column":41},"end":{"line":242,"column":62}},{"start":{"line":242,"column":66},"end":{"line":242,"column":68}}],"line":242},"33":{"loc":{"start":{"line":243,"column":2},"end":{"line":243,"column":null}},"type":"if","locations":[{"start":{"line":243,"column":2},"end":{"line":243,"column":null}},{"start":{},"end":{}}],"line":243},"34":{"loc":{"start":{"line":253,"column":15},"end":{"line":253,"column":42}},"type":"binary-expr","locations":[{"start":{"line":253,"column":15},"end":{"line":253,"column":36}},{"start":{"line":253,"column":40},"end":{"line":253,"column":42}}],"line":253},"35":{"loc":{"start":{"line":267,"column":2},"end":{"line":267,"column":null}},"type":"if","locations":[{"start":{"line":267,"column":2},"end":{"line":267,"column":null}},{"start":{},"end":{}}],"line":267},"36":{"loc":{"start":{"line":271,"column":6},"end":{"line":271,"column":null}},"type":"if","locations":[{"start":{"line":271,"column":6},"end":{"line":271,"column":null}},{"start":{},"end":{}}],"line":271},"37":{"loc":{"start":{"line":275,"column":28},"end":{"line":275,"column":41}},"type":"cond-expr","locations":[{"start":{"line":275,"column":36},"end":{"line":275,"column":37}},{"start":{"line":275,"column":40},"end":{"line":275,"column":41}}],"line":275},"38":{"loc":{"start":{"line":276,"column":28},"end":{"line":276,"column":41}},"type":"cond-expr","locations":[{"start":{"line":276,"column":36},"end":{"line":276,"column":37}},{"start":{"line":276,"column":40},"end":{"line":276,"column":41}}],"line":276},"39":{"loc":{"start":{"line":278,"column":14},"end":{"line":278,"column":29}},"type":"binary-expr","locations":[{"start":{"line":278,"column":14},"end":{"line":278,"column":23}},{"start":{"line":278,"column":27},"end":{"line":278,"column":29}}],"line":278},"40":{"loc":{"start":{"line":282,"column":22},"end":{"line":282,"column":44}},"type":"cond-expr","locations":[{"start":{"line":282,"column":30},"end":{"line":282,"column":35}},{"start":{"line":282,"column":38},"end":{"line":282,"column":44}}],"line":282},"41":{"loc":{"start":{"line":300,"column":2},"end":{"line":300,"column":null}},"type":"if","locations":[{"start":{"line":300,"column":2},"end":{"line":300,"column":null}},{"start":{},"end":{}}],"line":300},"42":{"loc":{"start":{"line":304,"column":6},"end":{"line":304,"column":null}},"type":"if","locations":[{"start":{"line":304,"column":6},"end":{"line":304,"column":null}},{"start":{},"end":{}}],"line":304},"43":{"loc":{"start":{"line":308,"column":41},"end":{"line":308,"column":55}},"type":"cond-expr","locations":[{"start":{"line":308,"column":50},"end":{"line":308,"column":51}},{"start":{"line":308,"column":54},"end":{"line":308,"column":55}}],"line":308},"44":{"loc":{"start":{"line":309,"column":41},"end":{"line":309,"column":55}},"type":"cond-expr","locations":[{"start":{"line":309,"column":50},"end":{"line":309,"column":51}},{"start":{"line":309,"column":54},"end":{"line":309,"column":55}}],"line":309},"45":{"loc":{"start":{"line":310,"column":18},"end":{"line":310,"column":33}},"type":"binary-expr","locations":[{"start":{"line":310,"column":18},"end":{"line":310,"column":27}},{"start":{"line":310,"column":31},"end":{"line":310,"column":33}}],"line":310},"46":{"loc":{"start":{"line":324,"column":13},"end":{"line":324,"column":null}},"type":"binary-expr","locations":[{"start":{"line":324,"column":13},"end":{"line":324,"column":28}},{"start":{"line":324,"column":32},"end":{"line":324,"column":null}}],"line":324},"47":{"loc":{"start":{"line":337,"column":24},"end":{"line":337,"column":45}},"type":"binary-expr","locations":[{"start":{"line":337,"column":24},"end":{"line":337,"column":39}},{"start":{"line":337,"column":43},"end":{"line":337,"column":45}}],"line":337},"48":{"loc":{"start":{"line":338,"column":21},"end":{"line":338,"column":44}},"type":"binary-expr","locations":[{"start":{"line":338,"column":21},"end":{"line":338,"column":38}},{"start":{"line":338,"column":42},"end":{"line":338,"column":44}}],"line":338},"49":{"loc":{"start":{"line":339,"column":2},"end":{"line":340,"column":null}},"type":"if","locations":[{"start":{"line":339,"column":2},"end":{"line":340,"column":null}},{"start":{"line":340,"column":7},"end":{"line":340,"column":null}}],"line":339},"50":{"loc":{"start":{"line":353,"column":9},"end":{"line":353,"column":null}},"type":"binary-expr","locations":[{"start":{"line":353,"column":9},"end":{"line":353,"column":18}},{"start":{"line":353,"column":22},"end":{"line":353,"column":null}}],"line":353},"51":{"loc":{"start":{"line":363,"column":2},"end":{"line":363,"column":null}},"type":"if","locations":[{"start":{"line":363,"column":2},"end":{"line":363,"column":null}},{"start":{},"end":{}}],"line":363},"52":{"loc":{"start":{"line":364,"column":2},"end":{"line":364,"column":null}},"type":"if","locations":[{"start":{"line":364,"column":2},"end":{"line":364,"column":null}},{"start":{},"end":{}}],"line":364},"53":{"loc":{"start":{"line":371,"column":9},"end":{"line":371,"column":null}},"type":"cond-expr","locations":[{"start":{"line":371,"column":19},"end":{"line":371,"column":36}},{"start":{"line":371,"column":39},"end":{"line":371,"column":null}}],"line":371},"54":{"loc":{"start":{"line":381,"column":17},"end":{"line":381,"column":28}},"type":"binary-expr","locations":[{"start":{"line":381,"column":17},"end":{"line":381,"column":22}},{"start":{"line":381,"column":26},"end":{"line":381,"column":28}}],"line":381},"55":{"loc":{"start":{"line":381,"column":42},"end":{"line":381,"column":57}},"type":"binary-expr","locations":[{"start":{"line":381,"column":42},"end":{"line":381,"column":43}},{"start":{"line":381,"column":47},"end":{"line":381,"column":57}}],"line":381},"56":{"loc":{"start":{"line":382,"column":46},"end":{"line":382,"column":60}},"type":"binary-expr","locations":[{"start":{"line":382,"column":46},"end":{"line":382,"column":54}},{"start":{"line":382,"column":58},"end":{"line":382,"column":60}}],"line":382},"57":{"loc":{"start":{"line":383,"column":50},"end":{"line":383,"column":65}},"type":"binary-expr","locations":[{"start":{"line":383,"column":50},"end":{"line":383,"column":59}},{"start":{"line":383,"column":63},"end":{"line":383,"column":65}}],"line":383},"58":{"loc":{"start":{"line":387,"column":18},"end":{"line":387,"column":36}},"type":"binary-expr","locations":[{"start":{"line":387,"column":18},"end":{"line":387,"column":30}},{"start":{"line":387,"column":34},"end":{"line":387,"column":36}}],"line":387},"59":{"loc":{"start":{"line":388,"column":6},"end":{"line":388,"column":null}},"type":"if","locations":[{"start":{"line":388,"column":6},"end":{"line":388,"column":null}},{"start":{},"end":{}}],"line":388},"60":{"loc":{"start":{"line":389,"column":30},"end":{"line":389,"column":null}},"type":"binary-expr","locations":[{"start":{"line":389,"column":30},"end":{"line":389,"column":36}},{"start":{"line":389,"column":42},"end":{"line":389,"column":null}}],"line":389},"61":{"loc":{"start":{"line":390,"column":30},"end":{"line":390,"column":null}},"type":"binary-expr","locations":[{"start":{"line":390,"column":30},"end":{"line":390,"column":38}},{"start":{"line":390,"column":42},"end":{"line":390,"column":null}}],"line":390},"62":{"loc":{"start":{"line":399,"column":20},"end":{"line":399,"column":39}},"type":"binary-expr","locations":[{"start":{"line":399,"column":20},"end":{"line":399,"column":33}},{"start":{"line":399,"column":37},"end":{"line":399,"column":39}}],"line":399},"63":{"loc":{"start":{"line":400,"column":4},"end":{"line":400,"column":null}},"type":"if","locations":[{"start":{"line":400,"column":4},"end":{"line":400,"column":null}},{"start":{},"end":{}}],"line":400},"64":{"loc":{"start":{"line":407,"column":6},"end":{"line":408,"column":92}},"type":"cond-expr","locations":[{"start":{"line":407,"column":11},"end":{"line":407,"column":null}},{"start":{"line":408,"column":11},"end":{"line":408,"column":92}}],"line":407},"65":{"loc":{"start":{"line":416,"column":4},"end":{"line":420,"column":null}},"type":"if","locations":[{"start":{"line":416,"column":4},"end":{"line":420,"column":null}},{"start":{},"end":{}}],"line":416},"66":{"loc":{"start":{"line":421,"column":4},"end":{"line":425,"column":null}},"type":"if","locations":[{"start":{"line":421,"column":4},"end":{"line":425,"column":null}},{"start":{},"end":{}}],"line":421},"67":{"loc":{"start":{"line":421,"column":8},"end":{"line":421,"column":37}},"type":"binary-expr","locations":[{"start":{"line":421,"column":8},"end":{"line":421,"column":19}},{"start":{"line":421,"column":23},"end":{"line":421,"column":37}}],"line":421},"68":{"loc":{"start":{"line":426,"column":4},"end":{"line":428,"column":null}},"type":"if","locations":[{"start":{"line":426,"column":4},"end":{"line":428,"column":null}},{"start":{},"end":{}}],"line":426},"69":{"loc":{"start":{"line":426,"column":8},"end":{"line":426,"column":36}},"type":"binary-expr","locations":[{"start":{"line":426,"column":8},"end":{"line":426,"column":19}},{"start":{"line":426,"column":23},"end":{"line":426,"column":36}}],"line":426}},"s":{"0":1,"1":4,"2":7,"3":1,"4":24,"5":1,"6":1,"7":0,"8":0,"9":0,"10":0,"11":0,"12":0,"13":0,"14":0,"15":0,"16":0,"17":0,"18":0,"19":0,"20":0,"21":0,"22":0,"23":0,"24":0,"25":0,"26":0,"27":0,"28":0,"29":0,"30":0,"31":0,"32":0,"33":0,"34":0,"35":0,"36":1,"37":1,"38":9,"39":72,"40":6,"41":12,"42":42,"43":42,"44":42,"45":5,"46":7,"47":16,"48":4,"49":7,"50":17,"51":5,"52":5,"53":9,"54":8,"55":4,"56":8,"57":5,"58":5,"59":4,"60":8,"61":8,"62":7,"63":6,"64":6,"65":5,"66":6,"67":8,"68":8,"69":16,"70":8,"71":0,"72":8,"73":3,"74":6,"75":7,"76":7,"77":8,"78":7,"79":1,"80":6,"81":12,"82":96,"83":186,"84":84,"85":12,"86":12,"87":24,"88":12,"89":6,"90":5,"91":5,"92":0,"93":5,"94":10,"95":80,"96":155,"97":70,"98":10,"99":10,"100":4,"101":5,"102":5,"103":5,"104":4,"105":4,"106":4,"107":5,"108":5,"109":5,"110":1,"111":4,"112":5,"113":5,"114":4,"115":4,"116":4,"117":2,"118":2,"119":1,"120":1,"121":2,"122":9,"123":6,"124":9,"125":3,"126":1,"127":9,"128":3,"129":3,"130":3,"131":9,"132":9,"133":3,"134":3,"135":3,"136":3,"137":3,"138":3,"139":9,"140":9,"141":6,"142":9,"143":0,"144":1,"145":1,"146":2,"147":1,"148":1,"149":0,"150":1,"151":1,"152":1,"153":9,"154":3,"155":1,"156":3,"157":1,"158":3,"159":0,"160":9,"161":0,"162":3,"163":9,"164":9,"165":387},"f":{"0":1,"1":4,"2":7,"3":24,"4":0,"5":0,"6":0,"7":0,"8":0,"9":0,"10":0,"11":0,"12":9,"13":72,"14":6,"15":12,"16":42,"17":5,"18":7,"19":16,"20":4,"21":7,"22":17,"23":5,"24":5,"25":9,"26":8,"27":4,"28":8,"29":5,"30":5,"31":4,"32":8,"33":7,"34":6,"35":8,"36":16,"37":3,"38":6,"39":7,"40":8,"41":12,"42":96,"43":186,"44":24,"45":12,"46":5,"47":10,"48":80,"49":155,"50":4,"51":5,"52":4,"53":4,"54":4,"55":5,"56":4,"57":4,"58":2,"59":9,"60":6,"61":3,"62":1,"63":3,"64":3,"65":3,"66":3,"67":3,"68":3,"69":6,"70":0,"71":1,"72":2,"73":1,"74":3,"75":0,"76":3,"77":387},"b":{"0":[0,0],"1":[0,0],"2":[0,0],"3":[0,0],"4":[0,0],"5":[0,0],"6":[0,0],"7":[0,0],"8":[0,0],"9":[0,0],"10":[0,0],"11":[0,0],"12":[0,0],"13":[0,0],"14":[0,0],"15":[9],"16":[6],"17":[12,1],"18":[42,20],"19":[42,40],"20":[42,30,2],"21":[5],"22":[5,4],"23":[8,1],"24":[8,7],"25":[7,2],"26":[5,4,2],"27":[5,4,3],"28":[4,2],"29":[8,2],"30":[5,1],"31":[6,3],"32":[16,1],"33":[0,8],"34":[6,0],"35":[1,6],"36":[84,12],"37":[6,6],"38":[6,6],"39":[96,0],"40":[6,6],"41":[0,5],"42":[70,10],"43":[5,5],"44":[5,5],"45":[80,0],"46":[5,2],"47":[5,0],"48":[5,2],"49":[1,4],"50":[4,4],"51":[2,2],"52":[1,1],"53":[1,1],"54":[9,2],"55":[6,4],"56":[3,0],"57":[3,0],"58":[3,0],"59":[3,0],"60":[3,2],"61":[3,2],"62":[1,0],"63":[0,1],"64":[0,1],"65":[1,2],"66":[1,2],"67":[3,1],"68":[0,3],"69":[3,1]},"meta":{"lastBranch":70,"lastFunction":78,"lastStatement":166,"seen":{"f:6:16:6:19":0,"s:6:24:6:69":0,"f:8:16:8:24":1,"s:9:2:9:Infinity":1,"f:9:29:9:30":2,"s:9:34:9:38":2,"s:12:22:12:Infinity":3,"f:13:16:13:27":3,"s:13:35:13:69":4,"s:18:32:22:Infinity":5,"s:23:31:32:Infinity":6,"f:39:16:39:35":4,"s:40:22:40:Infinity":7,"f:40:51:40:52":5,"s:40:56:40:92":8,"b:40:57:40:78:40:82:40:84":0,"s:41:16:41:Infinity":9,"s:45:26:45:Infinity":10,"b:45:53:45:93:45:96:45:Infinity":1,"s:46:20:48:Infinity":11,"b:47:6:47:Infinity:48:6:48:Infinity":2,"b:46:20:46:35:46:39:46:Infinity":3,"s:50:2:87:Infinity":12,"s:50:22:50:31":13,"s:53:27:53:Infinity":14,"b:53:27:53:60:53:64:53:Infinity":4,"s:54:20:56:Infinity":15,"b:55:8:55:Infinity:56:8:56:Infinity":5,"f:56:28:56:29":6,"s:56:33:56:79":16,"b:56:34:56:58:56:62:56:64":6,"b:58:4:58:Infinity:undefined:undefined:undefined:undefined":7,"s:58:4:58:Infinity":17,"s:58:25:58:Infinity":18,"s:59:19:59:Infinity":19,"s:60:20:60:Infinity":20,"b:60:37:60:68:60:71:60:Infinity":8,"s:63:4:78:Infinity":21,"f:63:44:63:47":7,"s:64:6:77:Infinity":22,"f:64:60:64:61":8,"b:65:8:65:Infinity:undefined:undefined:undefined:undefined":9,"s:65:8:65:Infinity":23,"f:65:26:65:28":9,"s:65:32:65:46":24,"s:65:49:65:Infinity":25,"s:66:22:66:Infinity":26,"s:67:8:76:Infinity":27,"b:69:34:69:35:69:38:69:39":10,"b:70:38:70:39:70:42:70:43":11,"b:71:24:71:33:71:37:71:39":12,"f:73:37:73:39":10,"s:73:43:73:57":28,"f:73:63:73:65":11,"s:73:69:73:76":29,"b:74:28:74:33:74:36:74:42":13,"b:80:4:86:Infinity:83:11:86:Infinity":14,"s:80:4:86:Infinity":30,"s:82:6:82:Infinity":31,"s:84:6:84:Infinity":32,"s:85:6:85:Infinity":33,"s:89:2:89:Infinity":34,"s:90:2:90:Infinity":35,"s:95:30:98:Infinity":36,"s:99:24:108:Infinity":37,"f:114:16:114:33":12,"b:114:65:114:68":15,"s:115:2:119:Infinity":38,"f:115:40:115:41":13,"s:115:54:119:3":39,"f:123:16:123:24":14,"b:123:33:123:34":16,"s:124:2:130:Infinity":40,"f:124:39:124:40":15,"s:124:50:130:3":41,"b:126:10:126:38:126:42:126:52":17,"f:139:16:139:37":16,"s:140:15:140:Infinity":42,"b:140:16:140:32:140:36:140:38":18,"s:141:15:141:Infinity":43,"b:141:15:141:35:141:39:141:Infinity":19,"s:142:2:142:Infinity":44,"b:142:9:142:47:142:52:142:64:142:68:142:89":20,"f:148:16:148:39":17,"s:149:2:151:Infinity":45,"f:149:27:149:28":18,"s:150:4:150:Infinity":46,"f:150:15:150:16":19,"s:150:25:150:70":47,"f:157:16:157:34":20,"s:158:2:160:Infinity":48,"f:158:28:158:29":21,"s:159:4:159:Infinity":49,"f:159:16:159:17":22,"s:159:26:159:71":50,"f:168:16:168:39":23,"b:168:88:168:91":21,"s:169:2:176:Infinity":51,"b:170:8:170:16:170:20:170:26":22,"f:183:16:183:31":24,"s:184:2:184:Infinity":52,"f:184:24:184:25":25,"s:184:29:184:37":53,"f:184:45:184:46":26,"s:184:50:184:87":54,"b:184:51:184:67:184:71:184:73":23,"f:188:16:188:35":27,"s:189:2:189:Infinity":55,"f:189:24:189:25":28,"s:189:29:189:78":56,"b:189:29:189:37:189:41:189:78":24,"b:189:42:189:58:189:62:189:64":25,"f:196:16:196:29":29,"s:197:2:197:Infinity":57,"b:197:9:197:15:197:19:197:34:197:38:197:Infinity":26,"f:206:16:206:32":30,"s:207:2:207:Infinity":58,"b:207:9:207:15:207:19:207:35:207:39:207:Infinity":27,"f:213:16:213:32":31,"s:214:2:214:Infinity":59,"b:214:9:214:29:214:33:214:Infinity":28,"f:225:16:225:38":32,"s:226:14:226:Infinity":60,"s:227:3:231:Infinity":61,"b:227:4:227:10:227:14:227:16":29,"f:227:25:227:27":33,"s:227:31:227:40":62,"f:227:50:227:52":34,"s:228:20:228:Infinity":63,"b:229:4:229:Infinity:undefined:undefined:undefined:undefined":30,"s:229:4:229:Infinity":64,"s:229:23:229:Infinity":65,"s:230:4:230:Infinity":66,"b:230:69:230:82:230:86:230:88":31,"s:232:2:232:Infinity":67,"f:241:16:241:30":35,"s:242:18:242:Infinity":68,"f:242:35:242:36":36,"s:242:40:242:76":69,"b:242:41:242:62:242:66:242:68":32,"b:243:2:243:Infinity:undefined:undefined:undefined:undefined":33,"s:243:2:243:Infinity":70,"s:243:28:243:Infinity":71,"s:244:2:244:Infinity":72,"f:251:16:251:31":37,"s:252:2:254:Infinity":73,"f:253:9:253:10":38,"s:253:14:253:57":74,"b:253:15:253:36:253:40:253:42":34,"f:264:16:264:27":39,"s:265:21:265:Infinity":75,"s:266:17:266:Infinity":76,"f:266:39:266:40":40,"s:266:44:266:61":77,"b:267:2:267:Infinity:undefined:undefined:undefined:undefined":35,"s:267:2:267:Infinity":78,"s:267:15:267:Infinity":79,"s:269:2:287:Infinity":80,"f:269:34:269:37":41,"s:270:4:286:Infinity":81,"f:270:42:270:43":42,"b:271:6:271:Infinity:undefined:undefined:undefined:undefined":36,"s:271:6:271:Infinity":82,"f:271:33:271:35":43,"s:271:39:271:53":83,"s:271:56:271:Infinity":84,"s:272:20:272:Infinity":85,"s:273:6:285:Infinity":86,"b:275:36:275:37:275:40:275:41":37,"b:276:36:276:37:276:40:276:41":38,"b:278:14:278:23:278:27:278:29":39,"f:281:46:281:48":44,"s:281:52:281:66":87,"f:281:72:281:74":45,"s:281:78:281:85":88,"b:282:30:282:35:282:38:282:44":40,"s:288:2:288:Infinity":89,"f:298:16:298:25":46,"s:299:21:299:Infinity":90,"b:300:2:300:Infinity:undefined:undefined:undefined:undefined":41,"s:300:2:300:Infinity":91,"s:300:22:300:Infinity":92,"s:302:2:313:Infinity":93,"f:302:34:302:37":47,"s:303:4:312:Infinity":94,"f:303:42:303:43":48,"b:304:6:304:Infinity:undefined:undefined:undefined:undefined":42,"s:304:6:304:Infinity":95,"f:304:33:304:35":49,"s:304:39:304:53":96,"s:304:56:304:Infinity":97,"s:305:21:305:Infinity":98,"s:306:6:311:Infinity":99,"b:308:50:308:51:308:54:308:55":43,"b:309:50:309:51:309:54:309:55":44,"b:310:18:310:27:310:31:310:33":45,"f:310:42:310:43":50,"s:310:47:310:69":100,"s:314:2:314:Infinity":101,"f:323:16:323:30":51,"s:324:13:324:Infinity":102,"b:324:13:324:28:324:32:324:Infinity":46,"s:325:2:329:Infinity":103,"f:326:36:326:37":52,"s:326:41:326:67":104,"f:327:36:327:37":53,"s:327:41:327:67":105,"f:328:36:328:37":54,"s:328:41:328:65":106,"f:336:16:336:30":55,"s:337:18:337:Infinity":107,"b:337:24:337:39:337:43:337:45":47,"s:338:15:338:Infinity":108,"b:338:21:338:38:338:42:338:44":48,"b:339:2:340:Infinity:340:7:340:Infinity":49,"s:339:2:340:Infinity":109,"s:339:35:339:Infinity":110,"s:340:7:340:Infinity":111,"s:341:2:341:Infinity":112,"s:342:2:342:Infinity":113,"f:351:16:351:28":56,"s:352:16:352:Infinity":114,"s:353:2:353:Infinity":115,"b:353:9:353:18:353:22:353:Infinity":50,"f:362:16:362:27":57,"b:363:2:363:Infinity:undefined:undefined:undefined:undefined":51,"s:363:2:363:Infinity":116,"s:363:21:363:Infinity":117,"b:364:2:364:Infinity:undefined:undefined:undefined:undefined":52,"s:364:2:364:Infinity":118,"s:364:32:364:Infinity":119,"s:365:2:365:Infinity":120,"f:370:16:370:26":58,"s:371:2:371:Infinity":121,"b:371:19:371:36:371:39:371:Infinity":53,"f:380:16:380:35":59,"s:381:16:381:Infinity":122,"b:381:17:381:22:381:26:381:28":54,"f:381:37:381:38":60,"s:381:42:381:57":123,"b:381:42:381:43:381:47:381:57":55,"s:382:26:382:Infinity":124,"f:382:40:382:41":61,"s:382:45:382:85":125,"b:382:46:382:54:382:58:382:60":56,"f:382:69:382:71":62,"s:382:75:382:84":126,"s:383:18:383:Infinity":127,"f:383:44:383:45":63,"s:383:49:383:105":128,"b:383:50:383:59:383:63:383:65":57,"f:383:74:383:75":64,"s:383:79:383:87":129,"f:383:93:383:94":65,"s:383:98:383:104":130,"s:385:16:385:Infinity":131,"s:386:2:392:Infinity":132,"f:386:16:386:17":66,"s:387:4:391:Infinity":133,"b:387:18:387:30:387:34:387:36":58,"f:387:52:387:53":67,"s:387:57:387:65":134,"f:387:75:387:76":68,"b:388:6:388:Infinity:undefined:undefined:undefined:undefined":59,"s:388:6:388:Infinity":135,"s:388:26:388:Infinity":136,"s:389:6:389:Infinity":137,"b:389:30:389:36:389:42:389:Infinity":60,"s:390:6:390:Infinity":138,"b:390:30:390:38:390:42:390:Infinity":61,"s:394:15:394:Infinity":139,"s:395:15:395:Infinity":140,"f:395:15:395:18":69,"s:395:22:395:Infinity":141,"s:397:3:413:Infinity":142,"f:397:29:397:30":70,"s:397:35:397:54":143,"f:397:77:397:79":71,"s:398:14:398:Infinity":144,"s:399:19:399:Infinity":145,"b:399:20:399:33:399:37:399:39":62,"f:399:48:399:49":72,"s:399:53:399:74":146,"f:399:80:399:81":73,"s:399:85:399:91":147,"b:400:4:400:Infinity:undefined:undefined:undefined:undefined":63,"s:400:4:400:Infinity":148,"s:400:24:400:Infinity":149,"s:401:15:401:24":150,"s:401:31:401:Infinity":151,"s:402:4:412:Infinity":152,"b:407:11:407:Infinity:408:11:408:92":64,"s:415:2:431:3":153,"f:415:32:415:33":74,"b:416:4:420:Infinity:undefined:undefined:undefined:undefined":65,"s:416:4:420:Infinity":154,"s:416:23:420:Infinity":155,"b:421:4:425:Infinity:undefined:undefined:undefined:undefined":66,"s:421:4:425:Infinity":156,"b:421:8:421:19:421:23:421:37":67,"s:421:39:425:Infinity":157,"b:426:4:428:Infinity:undefined:undefined:undefined:undefined":68,"s:426:4:428:Infinity":158,"b:426:8:426:19:426:23:426:36":69,"s:426:38:428:Infinity":159,"s:431:3:436:Infinity":160,"f:431:21:431:22":75,"s:431:27:431:46":161,"f:431:68:431:69":76,"s:431:73:436:5":162,"s:438:2:454:Infinity":163,"s:456:2:456:Infinity":164,"f:456:19:456:20":77,"s:456:25:456:44":165}}}
}
